#
# There is insufficient memory for the Java Runtime Environment to continue.
# Native memory allocation (malloc) failed to allocate 1886096 bytes for Chunk::new
# Possible reasons:
#   The system is out of physical RAM or swap space
#   The process is running with CompressedOops enabled, and the Java Heap may be blocking the growth of the native heap
# Possible solutions:
#   Reduce memory load on the system
#   Increase physical memory or swap space
#   Check if swap backing store is full
#   Decrease Java heap size (-Xmx/-Xms)
#   Decrease number of Java threads
#   Decrease Java thread stack sizes (-Xss)
#   Set larger code cache with -XX:ReservedCodeCacheSize=
#   JVM is running with Unscaled Compressed Oops mode in which the Java heap is
#     placed in the first 4GB address space. The Java Heap base address is the
#     maximum limit for the native heap growth. Please use -XX:HeapBaseMinAddress
#     to set the Java Heap base and to place the Java Heap above 4GB virtual address.
# This output file may be truncated or incomplete.
#
#  Out of Memory Error (allocation.cpp:389), pid=21224, tid=0x0000000000001670
#
# JRE version: OpenJDK Runtime Environment (8.0_242-b01) (build 1.8.0_242-release-1644-b01)
# Java VM: OpenJDK 64-Bit Server VM (25.242-b01 mixed mode windows-amd64 compressed oops)
# Failed to write core dump. Minidumps are not enabled by default on client versions of Windows
#

---------------  T H R E A D  ---------------

Current thread (0x0000000019618800):  JavaThread "C2 CompilerThread2" daemon [_thread_in_native, id=5744, stack(0x000000001a100000,0x000000001a200000)]

Stack: [0x000000001a100000,0x000000001a200000]
[error occurred during error reporting (printing stack bounds), id 0xc0000005]

Native frames: (J=compiled Java code, j=interpreted, Vv=VM code, C=native code)


Current CompileTask:
C2:   2000 1457       4       java.net.URLClassLoader$1::run (5 bytes)


---------------  P R O C E S S  ---------------

Java Threads: ( => current thread )
  0x000000001c310800 JavaThread "Cache worker for file hash cache (C:\Users\Apolo\.gradle\caches\6.5\fileHashes)" [_thread_blocked, id=21388, stack(0x000000001e550000,0x000000001e650000)]
  0x000000001c3e1800 JavaThread "File lock request listener" [_thread_in_native, id=20560, stack(0x000000001e450000,0x000000001e550000)]
  0x000000001c2ba800 JavaThread "Cache worker for journal cache (C:\Users\Apolo\.gradle\caches\journal-1)" [_thread_blocked, id=19932, stack(0x000000001e350000,0x000000001e450000)]
  0x000000001b0f7800 JavaThread "Thread-9" [_thread_blocked, id=16348, stack(0x000000001e050000,0x000000001e150000)]
  0x000000001b0f3000 JavaThread "Stdin handler" [_thread_blocked, id=11120, stack(0x000000001df50000,0x000000001e050000)]
  0x000000001b0f2000 JavaThread "Asynchronous log dispatcher for DefaultDaemonConnection: socket connection from /127.0.0.1:56499 to /127.0.0.1:56500" [_thread_blocked, id=10556, stack(0x000000001de50000,0x000000001df50000)]
  0x000000001b0ce000 JavaThread "Daemon worker" [_thread_in_vm, id=17352, stack(0x000000001dd50000,0x000000001de50000)]
  0x000000001b0cd000 JavaThread "Cancel handler" [_thread_blocked, id=9232, stack(0x000000001dc50000,0x000000001dd50000)]
  0x000000001c1d2000 JavaThread "Handler for socket connection from /127.0.0.1:56499 to /127.0.0.1:56500" [_thread_in_native, id=17848, stack(0x000000001db50000,0x000000001dc50000)]
  0x000000001c1cb800 JavaThread "Daemon" [_thread_blocked, id=19888, stack(0x000000001da50000,0x000000001db50000)]
  0x000000001c1bf000 JavaThread "Daemon periodic checks" [_thread_blocked, id=12352, stack(0x000000001d750000,0x000000001d850000)]
  0x000000001c18b800 JavaThread "Incoming local TCP Connector on port 56499" [_thread_in_native, id=8780, stack(0x000000001d4e0000,0x000000001d5e0000)]
  0x000000001a5b5000 JavaThread "Daemon health stats" [_thread_blocked, id=19476, stack(0x000000001cea0000,0x000000001cfa0000)]
  0x00000000196a8000 JavaThread "Service Thread" daemon [_thread_blocked, id=14884, stack(0x000000001a300000,0x000000001a400000)]
  0x000000001961c800 JavaThread "C1 CompilerThread3" daemon [_thread_blocked, id=17332, stack(0x000000001a200000,0x000000001a300000)]
=>0x0000000019618800 JavaThread "C2 CompilerThread2" daemon [_thread_in_native, id=5744, stack(0x000000001a100000,0x000000001a200000)]
  0x0000000019612000 JavaThread "C2 CompilerThread1" daemon [_thread_in_native, id=15736, stack(0x000000001a000000,0x000000001a100000)]
  0x000000001960f000 JavaThread "C2 CompilerThread0" daemon [_thread_in_native, id=19720, stack(0x0000000019f00000,0x000000001a000000)]
  0x000000001960e000 JavaThread "Attach Listener" daemon [_thread_blocked, id=18964, stack(0x0000000019e00000,0x0000000019f00000)]
  0x00000000177de000 JavaThread "Signal Dispatcher" daemon [_thread_blocked, id=17160, stack(0x0000000019d00000,0x0000000019e00000)]
  0x0000000019601000 JavaThread "Finalizer" daemon [_thread_blocked, id=32, stack(0x0000000019ae0000,0x0000000019be0000)]
  0x0000000019600800 JavaThread "Reference Handler" daemon [_thread_blocked, id=10176, stack(0x00000000199e0000,0x0000000019ae0000)]
  0x000000000275d800 JavaThread "main" [_thread_blocked, id=20076, stack(0x00000000024a0000,0x00000000025a0000)]

Other Threads:
  0x00000000177c8000 VMThread [stack: 0x00000000194e0000,0x00000000195e0000] [id=16532]
  0x00000000196a9000 WatcherThread [stack: 0x000000001a400000,0x000000001a500000] [id=15396]

VM state:not at safepoint (normal execution)

VM Mutex/Monitor currently owned by a thread: None

heap address: 0x0000000080000000, size: 2048 MB, Compressed Oops mode: 32-bit
Narrow klass base: 0x0000000000000000, Narrow klass shift: 3
Compressed class space size: 1073741824 Address: 0x0000000100000000

Heap:
 PSYoungGen      total 37888K, used 7975K [0x00000000d5580000, 0x00000000da980000, 0x0000000100000000)
  eden space 32768K, 8% used [0x00000000d5580000,0x00000000d5851d28,0x00000000d7580000)
  from space 5120K, 99% used [0x00000000d7580000,0x00000000d7a78020,0x00000000d7a80000)
  to   space 10240K, 0% used [0x00000000d9f80000,0x00000000d9f80000,0x00000000da980000)
 ParOldGen       total 86016K, used 6466K [0x0000000080000000, 0x0000000085400000, 0x00000000d5580000)
  object space 86016K, 7% used [0x0000000080000000,0x0000000080650ad0,0x0000000085400000)
 Metaspace       used 17773K, capacity 18384K, committed 18560K, reserved 1064960K
  class space    used 2440K, capacity 2632K, committed 2688K, reserved 1048576K

Card table byte_map: [0x0000000011b20000,0x0000000011f30000] byte_map_base: 0x0000000011720000

Marking Bits: (ParMarkBitMap*) 0x00000000534df030
 Begin Bits: [0x00000000129e0000, 0x00000000149e0000)
 End Bits:   [0x00000000149e0000, 0x00000000169e0000)

Polling page: 0x0000000000de0000

CodeCache: size=245760Kb used=5536Kb max_used=5549Kb free=240223Kb
 bounds [0x0000000002760000, 0x0000000002cd0000, 0x0000000011760000]
 total_blobs=2012 nmethods=1609 adapters=316
 compilation: enabled

Compilation events (10 events):
Event: 1.983 Thread 0x000000001961c800 1613       1       java.util.concurrent.atomic.AtomicInteger::get (5 bytes)
Event: 1.984 Thread 0x000000001961c800 nmethod 1613 0x0000000002cca0d0 code [0x0000000002cca220, 0x0000000002cca330]
Event: 1.984 Thread 0x000000001961c800 1614       3       java.lang.reflect.Constructor::<init> (50 bytes)
Event: 1.984 Thread 0x000000001961c800 nmethod 1614 0x0000000002cc9ad0 code [0x0000000002cc9c40, 0x0000000002cc9f50]
Event: 1.984 Thread 0x000000001961c800 1615       1       java.lang.reflect.Constructor::getConstructorAccessor (5 bytes)
Event: 1.984 Thread 0x000000001961c800 nmethod 1615 0x0000000002cc9810 code [0x0000000002cc9960, 0x0000000002cc9a70]
Event: 1.985 Thread 0x000000001960f000 nmethod 1583 0x0000000002ccd4d0 code [0x0000000002ccd620, 0x0000000002ccd898]
Event: 1.985 Thread 0x000000001960f000 1604   !   4       java.lang.ref.Reference::tryHandlePending (115 bytes)
Event: 1.988 Thread 0x000000001960f000 nmethod 1604 0x0000000002cc7410 code [0x0000000002cc75c0, 0x0000000002cc7f08]
Event: 1.988 Thread 0x000000001960f000 1603 %     4       com.google.common.io.LineBuffer::add @ 47 (204 bytes)

GC Heap History (10 events):
Event: 0.514 GC heap before
{Heap before GC invocations=1 (full 0):
 PSYoungGen      total 37888K, used 32768K [0x00000000d5580000, 0x00000000d7f80000, 0x0000000100000000)
  eden space 32768K, 100% used [0x00000000d5580000,0x00000000d7580000,0x00000000d7580000)
  from space 5120K, 0% used [0x00000000d7a80000,0x00000000d7a80000,0x00000000d7f80000)
  to   space 5120K, 0% used [0x00000000d7580000,0x00000000d7580000,0x00000000d7a80000)
 ParOldGen       total 86016K, used 0K [0x0000000080000000, 0x0000000085400000, 0x00000000d5580000)
  object space 86016K, 0% used [0x0000000080000000,0x0000000080000000,0x0000000085400000)
 Metaspace       used 7538K, capacity 7850K, committed 8064K, reserved 1056768K
  class space    used 931K, capacity 1041K, committed 1152K, reserved 1048576K
Event: 0.517 GC heap after
Heap after GC invocations=1 (full 0):
 PSYoungGen      total 37888K, used 4500K [0x00000000d5580000, 0x00000000d7f80000, 0x0000000100000000)
  eden space 32768K, 0% used [0x00000000d5580000,0x00000000d5580000,0x00000000d7580000)
  from space 5120K, 87% used [0x00000000d7580000,0x00000000d79e5238,0x00000000d7a80000)
  to   space 5120K, 0% used [0x00000000d7a80000,0x00000000d7a80000,0x00000000d7f80000)
 ParOldGen       total 86016K, used 16K [0x0000000080000000, 0x0000000085400000, 0x00000000d5580000)
  object space 86016K, 0% used [0x0000000080000000,0x0000000080004000,0x0000000085400000)
 Metaspace       used 7538K, capacity 7850K, committed 8064K, reserved 1056768K
  class space    used 931K, capacity 1041K, committed 1152K, reserved 1048576K
}
Event: 0.725 GC heap before
{Heap before GC invocations=2 (full 0):
 PSYoungGen      total 37888K, used 37268K [0x00000000d5580000, 0x00000000d7f80000, 0x0000000100000000)
  eden space 32768K, 100% used [0x00000000d5580000,0x00000000d7580000,0x00000000d7580000)
  from space 5120K, 87% used [0x00000000d7580000,0x00000000d79e5238,0x00000000d7a80000)
  to   space 5120K, 0% used [0x00000000d7a80000,0x00000000d7a80000,0x00000000d7f80000)
 ParOldGen       total 86016K, used 16K [0x0000000080000000, 0x0000000085400000, 0x00000000d5580000)
  object space 86016K, 0% used [0x0000000080000000,0x0000000080004000,0x0000000085400000)
 Metaspace       used 7774K, capacity 8060K, committed 8320K, reserved 1056768K
  class space    used 953K, capacity 1047K, committed 1152K, reserved 1048576K
Event: 0.728 GC heap after
Heap after GC invocations=2 (full 0):
 PSYoungGen      total 37888K, used 3342K [0x00000000d5580000, 0x00000000d9f80000, 0x0000000100000000)
  eden space 32768K, 0% used [0x00000000d5580000,0x00000000d5580000,0x00000000d7580000)
  from space 5120K, 65% used [0x00000000d7a80000,0x00000000d7dc3800,0x00000000d7f80000)
  to   space 5120K, 0% used [0x00000000d7580000,0x00000000d7580000,0x00000000d7a80000)
 ParOldGen       total 86016K, used 24K [0x0000000080000000, 0x0000000085400000, 0x00000000d5580000)
  object space 86016K, 0% used [0x0000000080000000,0x0000000080006000,0x0000000085400000)
 Metaspace       used 7774K, capacity 8060K, committed 8320K, reserved 1056768K
  class space    used 953K, capacity 1047K, committed 1152K, reserved 1048576K
}
Event: 1.585 GC heap before
{Heap before GC invocations=3 (full 0):
 PSYoungGen      total 37888K, used 36110K [0x00000000d5580000, 0x00000000d9f80000, 0x0000000100000000)
  eden space 32768K, 100% used [0x00000000d5580000,0x00000000d7580000,0x00000000d7580000)
  from space 5120K, 65% used [0x00000000d7a80000,0x00000000d7dc3800,0x00000000d7f80000)
  to   space 5120K, 0% used [0x00000000d7580000,0x00000000d7580000,0x00000000d7a80000)
 ParOldGen       total 86016K, used 24K [0x0000000080000000, 0x0000000085400000, 0x00000000d5580000)
  object space 86016K, 0% used [0x0000000080000000,0x0000000080006000,0x0000000085400000)
 Metaspace       used 12007K, capacity 12392K, committed 12544K, reserved 1060864K
  class space    used 1596K, capacity 1730K, committed 1792K, reserved 1048576K
Event: 1.590 GC heap after
Heap after GC invocations=3 (full 0):
 PSYoungGen      total 37888K, used 5104K [0x00000000d5580000, 0x00000000d7f80000, 0x0000000100000000)
  eden space 32768K, 0% used [0x00000000d5580000,0x00000000d5580000,0x00000000d7580000)
  from space 5120K, 99% used [0x00000000d7580000,0x00000000d7a7c030,0x00000000d7a80000)
  to   space 5120K, 0% used [0x00000000d7a80000,0x00000000d7a80000,0x00000000d7f80000)
 ParOldGen       total 86016K, used 1026K [0x0000000080000000, 0x0000000085400000, 0x00000000d5580000)
  object space 86016K, 1% used [0x0000000080000000,0x0000000080100940,0x0000000085400000)
 Metaspace       used 12007K, capacity 12392K, committed 12544K, reserved 1060864K
  class space    used 1596K, capacity 1730K, committed 1792K, reserved 1048576K
}
Event: 1.760 GC heap before
{Heap before GC invocations=4 (full 0):
 PSYoungGen      total 37888K, used 37520K [0x00000000d5580000, 0x00000000d7f80000, 0x0000000100000000)
  eden space 32768K, 98% used [0x00000000d5580000,0x00000000d7527fe0,0x00000000d7580000)
  from space 5120K, 99% used [0x00000000d7580000,0x00000000d7a7c030,0x00000000d7a80000)
  to   space 5120K, 0% used [0x00000000d7a80000,0x00000000d7a80000,0x00000000d7f80000)
 ParOldGen       total 86016K, used 1026K [0x0000000080000000, 0x0000000085400000, 0x00000000d5580000)
  object space 86016K, 1% used [0x0000000080000000,0x0000000080100940,0x0000000085400000)
 Metaspace       used 14632K, capacity 15234K, committed 15488K, reserved 1062912K
  class space    used 1998K, capacity 2157K, committed 2176K, reserved 1048576K
Event: 1.765 GC heap after
Heap after GC invocations=4 (full 0):
 PSYoungGen      total 37888K, used 5103K [0x00000000d5580000, 0x00000000d9f80000, 0x0000000100000000)
  eden space 32768K, 0% used [0x00000000d5580000,0x00000000d5580000,0x00000000d7580000)
  from space 5120K, 99% used [0x00000000d7a80000,0x00000000d7f7bc40,0x00000000d7f80000)
  to   space 5120K, 0% used [0x00000000d7580000,0x00000000d7580000,0x00000000d7a80000)
 ParOldGen       total 86016K, used 3502K [0x0000000080000000, 0x0000000085400000, 0x00000000d5580000)
  object space 86016K, 4% used [0x0000000080000000,0x000000008036ba08,0x0000000085400000)
 Metaspace       used 14632K, capacity 15234K, committed 15488K, reserved 1062912K
  class space    used 1998K, capacity 2157K, committed 2176K, reserved 1048576K
}
Event: 1.956 GC heap before
{Heap before GC invocations=5 (full 0):
 PSYoungGen      total 37888K, used 37871K [0x00000000d5580000, 0x00000000d9f80000, 0x0000000100000000)
  eden space 32768K, 100% used [0x00000000d5580000,0x00000000d7580000,0x00000000d7580000)
  from space 5120K, 99% used [0x00000000d7a80000,0x00000000d7f7bc40,0x00000000d7f80000)
  to   space 5120K, 0% used [0x00000000d7580000,0x00000000d7580000,0x00000000d7a80000)
 ParOldGen       total 86016K, used 3502K [0x0000000080000000, 0x0000000085400000, 0x00000000d5580000)
  object space 86016K, 4% used [0x0000000080000000,0x000000008036ba08,0x0000000085400000)
 Metaspace       used 17508K, capacity 18192K, committed 18560K, reserved 1064960K
  class space    used 2397K, capacity 2568K, committed 2688K, reserved 1048576K
Event: 1.963 GC heap after
Heap after GC invocations=5 (full 0):
 PSYoungGen      total 37888K, used 5088K [0x00000000d5580000, 0x00000000da980000, 0x0000000100000000)
  eden space 32768K, 0% used [0x00000000d5580000,0x00000000d5580000,0x00000000d7580000)
  from space 5120K, 99% used [0x00000000d7580000,0x00000000d7a78020,0x00000000d7a80000)
  to   space 10240K, 0% used [0x00000000d9f80000,0x00000000d9f80000,0x00000000da980000)
 ParOldGen       total 86016K, used 6466K [0x0000000080000000, 0x0000000085400000, 0x00000000d5580000)
  object space 86016K, 7% used [0x0000000080000000,0x0000000080650ad0,0x0000000085400000)
 Metaspace       used 17508K, capacity 18192K, committed 18560K, reserved 1064960K
  class space    used 2397K, capacity 2568K, committed 2688K, reserved 1048576K
}

Deoptimization events (10 events):
Event: 1.717 Thread 0x000000001b0ce000 Uncommon trap: reason=class_check action=maybe_recompile pc=0x0000000002a84098 method=java.util.regex.Matcher.match(II)Z @ 86
Event: 1.717 Thread 0x000000001b0ce000 Uncommon trap: reason=class_check action=maybe_recompile pc=0x0000000002a84098 method=java.util.regex.Matcher.match(II)Z @ 86
Event: 1.717 Thread 0x000000001b0ce000 Uncommon trap: reason=class_check action=maybe_recompile pc=0x00000000029081cc method=java.util.regex.Matcher.match(II)Z @ 86
Event: 1.791 Thread 0x000000001b0ce000 Uncommon trap: reason=unstable_if action=reinterpret pc=0x0000000002a7499c method=java.io.File.getName()Ljava/lang/String; @ 16
Event: 1.791 Thread 0x000000001b0ce000 Uncommon trap: reason=unstable_if action=reinterpret pc=0x0000000002a72714 method=java.lang.String.substring(I)Ljava/lang/String; @ 35
Event: 1.899 Thread 0x000000001b0ce000 Uncommon trap: reason=unstable_if action=reinterpret pc=0x0000000002aee4b0 method=java.util.LinkedHashMap.afterNodeInsertion(Z)V @ 1
Event: 1.899 Thread 0x000000001b0ce000 Uncommon trap: reason=unstable_if action=reinterpret pc=0x00000000029cf1f8 method=java.util.HashMap.getNode(ILjava/lang/Object;)Ljava/util/HashMap$Node; @ 129
Event: 1.899 Thread 0x000000001b0ce000 Uncommon trap: reason=bimorphic action=maybe_recompile pc=0x0000000002c17e2c method=java.util.HashMap.putVal(ILjava/lang/Object;Ljava/lang/Object;ZZ)Ljava/lang/Object; @ 203
Event: 1.900 Thread 0x000000001b0ce000 Uncommon trap: reason=unstable_if action=reinterpret pc=0x00000000029bbafc method=java.util.HashMap.getNode(ILjava/lang/Object;)Ljava/util/HashMap$Node; @ 129
Event: 1.900 Thread 0x000000001b0ce000 Uncommon trap: reason=bimorphic action=maybe_recompile pc=0x0000000002c17e2c method=java.util.HashMap.putVal(ILjava/lang/Object;Ljava/lang/Object;ZZ)Ljava/lang/Object; @ 203

Classes redefined (0 events):
No events

Internal exceptions (10 events):
Event: 1.569 Thread 0x000000001c1d2000 Exception <a 'java/lang/NoSuchMethodError': <clinit>> (0x00000000d747a810) thrown at [C:\src\AOSP-openjdk-git\hotspot\src\share\vm\prims\jni.cpp, line 1615]
Event: 1.571 Thread 0x000000001c1d2000 Exception <a 'java/lang/NoSuchMethodError': <clinit>> (0x00000000d748edf8) thrown at [C:\src\AOSP-openjdk-git\hotspot\src\share\vm\prims\jni.cpp, line 1615]
Event: 1.577 Thread 0x000000001c1d2000 Exception <a 'java/lang/NoSuchMethodError': <clinit>> (0x00000000d74fbf18) thrown at [C:\src\AOSP-openjdk-git\hotspot\src\share\vm\prims\jni.cpp, line 1615]
Event: 1.580 Thread 0x000000001c1d2000 Exception <a 'java/lang/NoSuchMethodError': <clinit>> (0x00000000d7536410) thrown at [C:\src\AOSP-openjdk-git\hotspot\src\share\vm\prims\jni.cpp, line 1615]
Event: 1.584 Thread 0x000000001c1d2000 Exception <a 'java/lang/NoSuchMethodError': <clinit>> (0x00000000d756c000) thrown at [C:\src\AOSP-openjdk-git\hotspot\src\share\vm\prims\jni.cpp, line 1615]
Event: 1.585 Thread 0x000000001c1d2000 Exception <a 'java/lang/NoSuchMethodError': <clinit>> (0x00000000d7578560) thrown at [C:\src\AOSP-openjdk-git\hotspot\src\share\vm\prims\jni.cpp, line 1615]
Event: 1.812 Thread 0x000000001b0ce000 Exception <a 'java/lang/NoSuchMethodError': java.lang.Object.lambda$and$0(Ljava/util/function/Predicate;Ljava/lang/Object;)Z> (0x00000000d5a03078) thrown at [C:\src\AOSP-openjdk-git\hotspot\src\share\vm\interpreter\linkResolver.cpp, line 620]
Event: 1.815 Thread 0x000000001b0ce000 Exception <a 'java/lang/IncompatibleClassChangeError': Found class java.lang.Object, but interface was expected> (0x00000000d5a13370) thrown at [C:\src\AOSP-openjdk-git\hotspot\src\share\vm\interpreter\linkResolver.cpp, line 653]
Event: 1.816 Thread 0x000000001b0ce000 Exception <a 'java/lang/NoSuchMethodError': java.lang.Object.lambda$or$2(Ljava/util/function/Predicate;Ljava/lang/Object;)Z> (0x00000000d5a17ec0) thrown at [C:\src\AOSP-openjdk-git\hotspot\src\share\vm\interpreter\linkResolver.cpp, line 620]
Event: 1.924 Thread 0x000000001b0ce000 Exception <a 'java/lang/NoSuchMethodError': java.lang.Object.lambda$static$0(Lorg/gradle/internal/state/ModelObject;)Ljava/lang/String;> (0x00000000d7212d68) thrown at [C:\src\AOSP-openjdk-git\hotspot\src\share\vm\interpreter\linkResolver.cpp, line 620]

Events (10 events):
Event: 1.998 loading class org/gradle/plugin/internal/PluginUsePluginServiceRegistry$BuildScopeServices$1
Event: 1.998 loading class org/gradle/plugin/internal/PluginUsePluginServiceRegistry$BuildScopeServices$1 done
Event: 1.998 loading class org/gradle/plugin/use/resolve/internal/PluginResolution
Event: 1.998 loading class org/gradle/plugin/use/resolve/internal/PluginResolution done
Event: 1.998 loading class org/gradle/internal/classpath/CachedClasspathTransformer$StandardTransform
Event: 1.998 loading class org/gradle/internal/classpath/CachedClasspathTransformer$StandardTransform done
Event: 1.999 loading class org/gradle/internal/classpath/DefaultCachedClasspathTransformer$1
Event: 1.999 loading class org/gradle/internal/classpath/DefaultCachedClasspathTransformer$1 done
Event: 1.999 loading class org/gradle/internal/classpath/InstrumentingClasspathFileTransformer
Event: 1.999 loading class org/gradle/internal/classpath/InstrumentingClasspathFileTransformer done


Dynamic libraries:
0x00007ff730f10000 - 0x00007ff730f41000 	C:\Program Files\Android\Android Studio\jre\bin\java.exe
0x00007ffd72f00000 - 0x00007ffd730f0000 	C:\Windows\SYSTEM32\ntdll.dll
0x00007ffd72720000 - 0x00007ffd727d2000 	C:\Windows\System32\KERNEL32.DLL
0x00007ffd70210000 - 0x00007ffd704b5000 	C:\Windows\System32\KERNELBASE.dll
0x00007ffd71180000 - 0x00007ffd71223000 	C:\Windows\System32\ADVAPI32.dll
0x00007ffd715d0000 - 0x00007ffd7166e000 	C:\Windows\System32\msvcrt.dll
0x00007ffd71230000 - 0x00007ffd712c7000 	C:\Windows\System32\sechost.dll
0x00007ffd71b20000 - 0x00007ffd71c40000 	C:\Windows\System32\RPCRT4.dll
0x00007ffd72d20000 - 0x00007ffd72eb4000 	C:\Windows\System32\USER32.dll
0x00007ffd70000000 - 0x00007ffd70021000 	C:\Windows\System32\win32u.dll
0x00007ffd71a90000 - 0x00007ffd71ab6000 	C:\Windows\System32\GDI32.dll
0x00007ffd70d70000 - 0x00007ffd70f06000 	C:\Windows\System32\gdi32full.dll
0x00007ffd70f10000 - 0x00007ffd70fae000 	C:\Windows\System32\msvcp_win.dll
0x00007ffd70c70000 - 0x00007ffd70d6a000 	C:\Windows\System32\ucrtbase.dll
0x00007ffd5d750000 - 0x00007ffd5d9d4000 	C:\Windows\WinSxS\amd64_microsoft.windows.common-controls_6595b64144ccf1df_6.0.18362.1256_none_9e7e379be45e40e2\COMCTL32.dll
0x00007ffd71c40000 - 0x00007ffd71f76000 	C:\Windows\System32\combase.dll
0x00007ffd70180000 - 0x00007ffd70201000 	C:\Windows\System32\bcryptPrimitives.dll
0x00007ffd70fb0000 - 0x00007ffd70fde000 	C:\Windows\System32\IMM32.DLL
0x00000000522e0000 - 0x00000000523b2000 	C:\Program Files\Android\Android Studio\jre\jre\bin\msvcr100.dll
0x0000000052d10000 - 0x000000005355b000 	C:\Program Files\Android\Android Studio\jre\jre\bin\server\jvm.dll
0x00007ffd710f0000 - 0x00007ffd710f8000 	C:\Windows\System32\PSAPI.DLL
0x00007ffd68fb0000 - 0x00007ffd68fb9000 	C:\Windows\SYSTEM32\WSOCK32.dll
0x00007ffd71740000 - 0x00007ffd717af000 	C:\Windows\System32\WS2_32.dll
0x00007ffd5bb80000 - 0x00007ffd5bba4000 	C:\Windows\SYSTEM32\WINMM.dll
0x00007ffd6e890000 - 0x00007ffd6e89a000 	C:\Windows\SYSTEM32\VERSION.dll
0x00007ffd5bb40000 - 0x00007ffd5bb6d000 	C:\Windows\SYSTEM32\winmmbase.dll
0x00007ffd6ffb0000 - 0x00007ffd6fffa000 	C:\Windows\System32\cfgmgr32.dll
0x00007ffd53d90000 - 0x00007ffd53d9f000 	C:\Program Files\Android\Android Studio\jre\jre\bin\verify.dll
0x00007ffd47420000 - 0x00007ffd47449000 	C:\Program Files\Android\Android Studio\jre\jre\bin\java.dll
0x00007ffd53d70000 - 0x00007ffd53d86000 	C:\Program Files\Android\Android Studio\jre\jre\bin\zip.dll
0x00007ffd71f80000 - 0x00007ffd72667000 	C:\Windows\System32\SHELL32.dll
0x00007ffd72670000 - 0x00007ffd72719000 	C:\Windows\System32\shcore.dll
0x00007ffd704e0000 - 0x00007ffd70c61000 	C:\Windows\System32\windows.storage.dll
0x00007ffd6fdd0000 - 0x00007ffd6fdf3000 	C:\Windows\System32\profapi.dll
0x00007ffd6fe20000 - 0x00007ffd6fe6a000 	C:\Windows\System32\powrprof.dll
0x00007ffd6fda0000 - 0x00007ffd6fdb0000 	C:\Windows\System32\UMPDC.dll
0x00007ffd717b0000 - 0x00007ffd71802000 	C:\Windows\System32\shlwapi.dll
0x00007ffd6fdb0000 - 0x00007ffd6fdc1000 	C:\Windows\System32\kernel.appcore.dll
0x00007ffd704c0000 - 0x00007ffd704d7000 	C:\Windows\System32\cryptsp.dll
0x00007ffd47400000 - 0x00007ffd4741a000 	C:\Program Files\Android\Android Studio\jre\jre\bin\net.dll
0x00007ffd6f5f0000 - 0x00007ffd6f657000 	C:\Windows\system32\mswsock.dll
0x00007ffd40070000 - 0x00007ffd40083000 	C:\Program Files\Android\Android Studio\jre\jre\bin\nio.dll
0x00007ffd40710000 - 0x00007ffd40737000 	C:\Users\Apolo\.gradle\native\f6784746aeab05261644944871eae4fe03e0ef1612fff0a4a95f87b438bc6780\windows-amd64\native-platform.dll
0x00007ffd4ba40000 - 0x00007ffd4ba4d000 	C:\Program Files\Android\Android Studio\jre\jre\bin\management.dll
0x00007ffd6f160000 - 0x00007ffd6f193000 	C:\Windows\system32\rsaenh.dll
0x00007ffd6ff80000 - 0x00007ffd6ffa6000 	C:\Windows\System32\bcrypt.dll
0x00007ffd6fc80000 - 0x00007ffd6fca5000 	C:\Windows\SYSTEM32\USERENV.dll
0x00007ffd6f7c0000 - 0x00007ffd6f7cc000 	C:\Windows\SYSTEM32\CRYPTBASE.dll
0x00007ffd6f300000 - 0x00007ffd6f33a000 	C:\Windows\SYSTEM32\IPHLPAPI.DLL
0x00007ffd71410000 - 0x00007ffd71418000 	C:\Windows\System32\NSI.dll
0x00007ffd64000000 - 0x00007ffd64016000 	C:\Windows\SYSTEM32\dhcpcsvc6.DLL
0x00007ffd65ad0000 - 0x00007ffd65aec000 	C:\Windows\SYSTEM32\dhcpcsvc.DLL
0x00007ffd6f340000 - 0x00007ffd6f40b000 	C:\Windows\SYSTEM32\DNSAPI.dll
0x00007ffd661f0000 - 0x00007ffd661fb000 	C:\Windows\SYSTEM32\WINNSI.DLL

VM Arguments:
jvm_args: -Xmx2048m -Dfile.encoding=UTF-8 -Duser.country=ES -Duser.language=es -Duser.variant 
java_command: org.gradle.launcher.daemon.bootstrap.GradleDaemon 6.5
java_class_path (initial): C:\Users\Apolo\.gradle\wrapper\dists\gradle-6.5-bin\6nifqtx7604sqp1q6g8wikw7p\gradle-6.5\lib\gradle-launcher-6.5.jar
Launcher Type: SUN_STANDARD

Environment Variables:
PATH=C:\Program Files\Common Files\Oracle\Java\javapath;C:\Program Files (x86)\Common Files\Oracle\Java\javapath;C:\orant\bin;C:\Windows\system32;C:\Windows;C:\Windows\System32\Wbem;C:\Windows\System32\WindowsPowerShell\v1.0\;C:\Windows\System32\OpenSSH\;C:\orant\jdk\bin;C:\Program Files (x86)\Intel\Intel(R) Memory And Storage Tool\;C:\Program Files\Git\cmd;C:\Users\Apolo\AppData\Local\Microsoft\WindowsApps;
USERNAME=Apolo
OS=Windows_NT
PROCESSOR_IDENTIFIER=Intel64 Family 6 Model 126 Stepping 5, GenuineIntel



---------------  S Y S T E M  ---------------

OS: Windows 10.0 , 64 bit Build 18362 (10.0.18362.1110)

CPU:total 8 (initial active 8) (4 cores per cpu, 2 threads per core) family 6 model 126 stepping 5, cmov, cx8, fxsr, mmx, sse, sse2, sse3, ssse3, sse4.1, sse4.2, popcnt, avx, avx2, aes, clmul, erms, 3dnowpref, lzcnt, ht, tsc, tscinvbit, bmi1, bmi2, adx

Memory: 4k page, physical 8165048k(1085744k free), swap 11736884k(5260k free)

vm_info: OpenJDK 64-Bit Server VM (25.242-b01) for windows-amd64 JRE (1.8.0_242-release-1644-b01), built by "builder" with MS VC++ 10.0 (VS2010)

time: Tue Dec 15 10:22:52 2020
timezone: Hora de verano de Paraguay
elapsed time: 2 seconds (0d 0h 0m 2s)

