#
# There is insufficient memory for the Java Runtime Environment to continue.
# Native memory allocation (malloc) failed to allocate 1082256 bytes for Chunk::new
# Possible reasons:
#   The system is out of physical RAM or swap space
#   The process is running with CompressedOops enabled, and the Java Heap may be blocking the growth of the native heap
# Possible solutions:
#   Reduce memory load on the system
#   Increase physical memory or swap space
#   Check if swap backing store is full
#   Decrease Java heap size (-Xmx/-Xms)
#   Decrease number of Java threads
#   Decrease Java thread stack sizes (-Xss)
#   Set larger code cache with -XX:ReservedCodeCacheSize=
#   JVM is running with Unscaled Compressed Oops mode in which the Java heap is
#     placed in the first 4GB address space. The Java Heap base address is the
#     maximum limit for the native heap growth. Please use -XX:HeapBaseMinAddress
#     to set the Java Heap base and to place the Java Heap above 4GB virtual address.
# This output file may be truncated or incomplete.
#
#  Out of Memory Error (allocation.cpp:389), pid=16620, tid=0x0000000000001020
#
# JRE version: OpenJDK Runtime Environment (8.0_242-b01) (build 1.8.0_242-release-1644-b01)
# Java VM: OpenJDK 64-Bit Server VM (25.242-b01 mixed mode windows-amd64 compressed oops)
# Failed to write core dump. Minidumps are not enabled by default on client versions of Windows
#

---------------  T H R E A D  ---------------

Current thread (0x0000000019521800):  JavaThread "C2 CompilerThread0" daemon [_thread_in_native, id=4128, stack(0x0000000019e10000,0x0000000019f10000)]

Stack: [0x0000000019e10000,0x0000000019f10000]
[error occurred during error reporting (printing stack bounds), id 0xc0000005]

Native frames: (J=compiled Java code, j=interpreted, Vv=VM code, C=native code)


Current CompileTask:
C2:   1731 1521   !   4       java.net.URLClassLoader$1::run (63 bytes)


---------------  P R O C E S S  ---------------

Java Threads: ( => current thread )
  0x000000001bf54800 JavaThread "Cache worker for file hash cache (C:\Users\Apolo\.gradle\caches\6.5\fileHashes)" [_thread_blocked, id=16868, stack(0x000000001e460000,0x000000001e560000)]
  0x000000001bf52800 JavaThread "File lock request listener" [_thread_in_native, id=15536, stack(0x000000001e360000,0x000000001e460000)]
  0x000000001c107000 JavaThread "Cache worker for journal cache (C:\Users\Apolo\.gradle\caches\journal-1)" [_thread_blocked, id=4196, stack(0x000000001e260000,0x000000001e360000)]
  0x000000001b124000 JavaThread "Thread-9" [_thread_blocked, id=7544, stack(0x000000001df60000,0x000000001e060000)]
  0x000000001b507800 JavaThread "Stdin handler" [_thread_blocked, id=11816, stack(0x000000001de60000,0x000000001df60000)]
  0x000000001b505000 JavaThread "Asynchronous log dispatcher for DefaultDaemonConnection: socket connection from /127.0.0.1:54841 to /127.0.0.1:54842" [_thread_blocked, id=13252, stack(0x000000001dd60000,0x000000001de60000)]
  0x000000001b504000 JavaThread "Daemon worker" [_thread_in_Java, id=17300, stack(0x000000001dc60000,0x000000001dd60000)]
  0x000000001b8fa800 JavaThread "Cancel handler" [_thread_blocked, id=17248, stack(0x000000001db60000,0x000000001dc60000)]
  0x000000001c09f800 JavaThread "Handler for socket connection from /127.0.0.1:54841 to /127.0.0.1:54842" [_thread_in_native, id=9420, stack(0x000000001da60000,0x000000001db60000)]
  0x000000001c040000 JavaThread "Daemon" [_thread_blocked, id=15848, stack(0x000000001d960000,0x000000001da60000)]
  0x000000001c03c800 JavaThread "Daemon periodic checks" [_thread_blocked, id=7928, stack(0x000000001d660000,0x000000001d760000)]
  0x000000001c028800 JavaThread "Incoming local TCP Connector on port 54841" [_thread_in_native, id=16864, stack(0x000000001d3f0000,0x000000001d4f0000)]
  0x000000001bbde000 JavaThread "Daemon health stats" [_thread_blocked, id=13388, stack(0x000000001cdb0000,0x000000001ceb0000)]
  0x00000000195af000 JavaThread "Service Thread" daemon [_thread_blocked, id=6784, stack(0x000000001a210000,0x000000001a310000)]
  0x000000001952d000 JavaThread "C1 CompilerThread3" daemon [_thread_in_vm, id=11400, stack(0x000000001a110000,0x000000001a210000)]
  0x000000001773c800 JavaThread "C2 CompilerThread2" daemon [_thread_blocked, id=16616, stack(0x000000001a010000,0x000000001a110000)]
  0x000000001773a000 JavaThread "C2 CompilerThread1" daemon [_thread_in_native, id=15908, stack(0x0000000019f10000,0x000000001a010000)]
=>0x0000000019521800 JavaThread "C2 CompilerThread0" daemon [_thread_in_native, id=4128, stack(0x0000000019e10000,0x0000000019f10000)]
  0x0000000019520800 JavaThread "Attach Listener" daemon [_thread_blocked, id=3700, stack(0x0000000019d10000,0x0000000019e10000)]
  0x0000000019526800 JavaThread "Signal Dispatcher" daemon [_thread_blocked, id=17140, stack(0x0000000019c10000,0x0000000019d10000)]
  0x0000000019511800 JavaThread "Finalizer" daemon [_thread_blocked, id=5380, stack(0x00000000199f0000,0x0000000019af0000)]
  0x0000000019510800 JavaThread "Reference Handler" daemon [_thread_blocked, id=14840, stack(0x00000000198f0000,0x00000000199f0000)]
  0x000000000247d800 JavaThread "main" [_thread_blocked, id=2364, stack(0x0000000002480000,0x0000000002580000)]

Other Threads:
  0x0000000017728000 VMThread [stack: 0x00000000193f0000,0x00000000194f0000] [id=16984]
  0x00000000195af800 WatcherThread [stack: 0x000000001a310000,0x000000001a410000] [id=12672]

VM state:not at safepoint (normal execution)

VM Mutex/Monitor currently owned by a thread: None

heap address: 0x0000000080000000, size: 2048 MB, Compressed Oops mode: 32-bit
Narrow klass base: 0x0000000000000000, Narrow klass shift: 3
Compressed class space size: 1073741824 Address: 0x0000000100000000

Heap:
 PSYoungGen      total 37888K, used 32965K [0x00000000d5580000, 0x00000000d7f80000, 0x0000000100000000)
  eden space 32768K, 84% used [0x00000000d5580000,0x00000000d70b1878,0x00000000d7580000)
  from space 5120K, 99% used [0x00000000d7a80000,0x00000000d7f7fc10,0x00000000d7f80000)
  to   space 5120K, 0% used [0x00000000d7580000,0x00000000d7580000,0x00000000d7a80000)
 ParOldGen       total 86016K, used 3354K [0x0000000080000000, 0x0000000085400000, 0x00000000d5580000)
  object space 86016K, 3% used [0x0000000080000000,0x0000000080346be8,0x0000000085400000)
 Metaspace       used 17075K, capacity 17708K, committed 17920K, reserved 1064960K
  class space    used 2313K, capacity 2470K, committed 2560K, reserved 1048576K

Card table byte_map: [0x0000000011a80000,0x0000000011e90000] byte_map_base: 0x0000000011680000

Marking Bits: (ParMarkBitMap*) 0x000000006ad1f030
 Begin Bits: [0x0000000012940000, 0x0000000014940000)
 End Bits:   [0x0000000014940000, 0x0000000016940000)

Polling page: 0x0000000000730000

CodeCache: size=245760Kb used=5470Kb max_used=5470Kb free=240289Kb
 bounds [0x00000000026c0000, 0x0000000002c20000, 0x00000000116c0000]
 total_blobs=1949 nmethods=1550 adapters=312
 compilation: enabled

Compilation events (10 events):
Event: 1.720 Thread 0x000000001952d000 nmethod 1549 0x0000000002c12b10 code [0x0000000002c12ce0, 0x0000000002c13688]
Event: 1.722 Thread 0x000000001952d000 1551       3       java.lang.invoke.MethodTypeForm::cachedLambdaForm (44 bytes)
Event: 1.722 Thread 0x000000001952d000 nmethod 1551 0x0000000002c13b90 code [0x0000000002c13d20, 0x0000000002c14170]
Event: 1.724 Thread 0x000000001952d000 1552       3       org.gradle.internal.service.DefaultServiceRegistry$OwnServices::getService (309 bytes)
Event: 1.724 Thread 0x000000001773c800 nmethod 1550 0x0000000002c17450 code [0x0000000002c175e0, 0x0000000002c17af8]
Event: 1.726 Thread 0x000000001952d000 nmethod 1552 0x0000000002c180d0 code [0x0000000002c185c0, 0x0000000002c1b558]
Event: 1.726 Thread 0x000000001952d000 1554       3       org.gradle.internal.service.DefaultServiceRegistry$CompositeServiceProvider::getService (49 bytes)
Event: 1.726 Thread 0x000000001952d000 nmethod 1554 0x0000000002c16e10 code [0x0000000002c16f80, 0x0000000002c172c8]
Event: 1.726 Thread 0x000000001952d000 1553       3       java.lang.Class::isAnnotation (17 bytes)
Event: 1.726 Thread 0x000000001952d000 nmethod 1553 0x0000000002c16990 code [0x0000000002c16b00, 0x0000000002c16d68]

GC Heap History (8 events):
Event: 0.494 GC heap before
{Heap before GC invocations=1 (full 0):
 PSYoungGen      total 37888K, used 32768K [0x00000000d5580000, 0x00000000d7f80000, 0x0000000100000000)
  eden space 32768K, 100% used [0x00000000d5580000,0x00000000d7580000,0x00000000d7580000)
  from space 5120K, 0% used [0x00000000d7a80000,0x00000000d7a80000,0x00000000d7f80000)
  to   space 5120K, 0% used [0x00000000d7580000,0x00000000d7580000,0x00000000d7a80000)
 ParOldGen       total 86016K, used 0K [0x0000000080000000, 0x0000000085400000, 0x00000000d5580000)
  object space 86016K, 0% used [0x0000000080000000,0x0000000080000000,0x0000000085400000)
 Metaspace       used 7542K, capacity 7850K, committed 8064K, reserved 1056768K
  class space    used 931K, capacity 1041K, committed 1152K, reserved 1048576K
Event: 0.497 GC heap after
Heap after GC invocations=1 (full 0):
 PSYoungGen      total 37888K, used 4537K [0x00000000d5580000, 0x00000000d7f80000, 0x0000000100000000)
  eden space 32768K, 0% used [0x00000000d5580000,0x00000000d5580000,0x00000000d7580000)
  from space 5120K, 88% used [0x00000000d7580000,0x00000000d79ee518,0x00000000d7a80000)
  to   space 5120K, 0% used [0x00000000d7a80000,0x00000000d7a80000,0x00000000d7f80000)
 ParOldGen       total 86016K, used 16K [0x0000000080000000, 0x0000000085400000, 0x00000000d5580000)
  object space 86016K, 0% used [0x0000000080000000,0x0000000080004000,0x0000000085400000)
 Metaspace       used 7542K, capacity 7850K, committed 8064K, reserved 1056768K
  class space    used 931K, capacity 1041K, committed 1152K, reserved 1048576K
}
Event: 0.683 GC heap before
{Heap before GC invocations=2 (full 0):
 PSYoungGen      total 37888K, used 37305K [0x00000000d5580000, 0x00000000d7f80000, 0x0000000100000000)
  eden space 32768K, 100% used [0x00000000d5580000,0x00000000d7580000,0x00000000d7580000)
  from space 5120K, 88% used [0x00000000d7580000,0x00000000d79ee518,0x00000000d7a80000)
  to   space 5120K, 0% used [0x00000000d7a80000,0x00000000d7a80000,0x00000000d7f80000)
 ParOldGen       total 86016K, used 16K [0x0000000080000000, 0x0000000085400000, 0x00000000d5580000)
  object space 86016K, 0% used [0x0000000080000000,0x0000000080004000,0x0000000085400000)
 Metaspace       used 7777K, capacity 8060K, committed 8320K, reserved 1056768K
  class space    used 952K, capacity 1047K, committed 1152K, reserved 1048576K
Event: 0.686 GC heap after
Heap after GC invocations=2 (full 0):
 PSYoungGen      total 37888K, used 3373K [0x00000000d5580000, 0x00000000d7f80000, 0x0000000100000000)
  eden space 32768K, 0% used [0x00000000d5580000,0x00000000d5580000,0x00000000d7580000)
  from space 5120K, 65% used [0x00000000d7a80000,0x00000000d7dcb7e0,0x00000000d7f80000)
  to   space 5120K, 0% used [0x00000000d7580000,0x00000000d7580000,0x00000000d7a80000)
 ParOldGen       total 86016K, used 24K [0x0000000080000000, 0x0000000085400000, 0x00000000d5580000)
  object space 86016K, 0% used [0x0000000080000000,0x0000000080006000,0x0000000085400000)
 Metaspace       used 7777K, capacity 8060K, committed 8320K, reserved 1056768K
  class space    used 952K, capacity 1047K, committed 1152K, reserved 1048576K
}
Event: 1.392 GC heap before
{Heap before GC invocations=3 (full 0):
 PSYoungGen      total 37888K, used 36141K [0x00000000d5580000, 0x00000000d7f80000, 0x0000000100000000)
  eden space 32768K, 100% used [0x00000000d5580000,0x00000000d7580000,0x00000000d7580000)
  from space 5120K, 65% used [0x00000000d7a80000,0x00000000d7dcb7e0,0x00000000d7f80000)
  to   space 5120K, 0% used [0x00000000d7580000,0x00000000d7580000,0x00000000d7a80000)
 ParOldGen       total 86016K, used 24K [0x0000000080000000, 0x0000000085400000, 0x00000000d5580000)
  object space 86016K, 0% used [0x0000000080000000,0x0000000080006000,0x0000000085400000)
 Metaspace       used 11961K, capacity 12300K, committed 12544K, reserved 1060864K
  class space    used 1584K, capacity 1688K, committed 1792K, reserved 1048576K
Event: 1.396 GC heap after
Heap after GC invocations=3 (full 0):
 PSYoungGen      total 37888K, used 5088K [0x00000000d5580000, 0x00000000d7f80000, 0x0000000100000000)
  eden space 32768K, 0% used [0x00000000d5580000,0x00000000d5580000,0x00000000d7580000)
  from space 5120K, 99% used [0x00000000d7580000,0x00000000d7a78020,0x00000000d7a80000)
  to   space 5120K, 0% used [0x00000000d7a80000,0x00000000d7a80000,0x00000000d7f80000)
 ParOldGen       total 86016K, used 1001K [0x0000000080000000, 0x0000000085400000, 0x00000000d5580000)
  object space 86016K, 1% used [0x0000000080000000,0x00000000800fa478,0x0000000085400000)
 Metaspace       used 11961K, capacity 12300K, committed 12544K, reserved 1060864K
  class space    used 1584K, capacity 1688K, committed 1792K, reserved 1048576K
}
Event: 1.577 GC heap before
{Heap before GC invocations=4 (full 0):
 PSYoungGen      total 37888K, used 37762K [0x00000000d5580000, 0x00000000d7f80000, 0x0000000100000000)
  eden space 32768K, 99% used [0x00000000d5580000,0x00000000d7568b18,0x00000000d7580000)
  from space 5120K, 99% used [0x00000000d7580000,0x00000000d7a78020,0x00000000d7a80000)
  to   space 5120K, 0% used [0x00000000d7a80000,0x00000000d7a80000,0x00000000d7f80000)
 ParOldGen       total 86016K, used 1001K [0x0000000080000000, 0x0000000085400000, 0x00000000d5580000)
  object space 86016K, 1% used [0x0000000080000000,0x00000000800fa478,0x0000000085400000)
 Metaspace       used 14665K, capacity 15234K, committed 15488K, reserved 1062912K
  class space    used 1998K, capacity 2157K, committed 2176K, reserved 1048576K
Event: 1.582 GC heap after
Heap after GC invocations=4 (full 0):
 PSYoungGen      total 37888K, used 5119K [0x00000000d5580000, 0x00000000d7f80000, 0x0000000100000000)
  eden space 32768K, 0% used [0x00000000d5580000,0x00000000d5580000,0x00000000d7580000)
  from space 5120K, 99% used [0x00000000d7a80000,0x00000000d7f7fc10,0x00000000d7f80000)
  to   space 5120K, 0% used [0x00000000d7580000,0x00000000d7580000,0x00000000d7a80000)
 ParOldGen       total 86016K, used 3354K [0x0000000080000000, 0x0000000085400000, 0x00000000d5580000)
  object space 86016K, 3% used [0x0000000080000000,0x0000000080346be8,0x0000000085400000)
 Metaspace       used 14665K, capacity 15234K, committed 15488K, reserved 1062912K
  class space    used 1998K, capacity 2157K, committed 2176K, reserved 1048576K
}

Deoptimization events (10 events):
Event: 1.535 Thread 0x000000001b504000 Uncommon trap: reason=class_check action=maybe_recompile pc=0x00000000029eb398 method=java.util.regex.Matcher.match(II)Z @ 86
Event: 1.536 Thread 0x000000001b504000 Uncommon trap: reason=class_check action=maybe_recompile pc=0x00000000029eb398 method=java.util.regex.Matcher.match(II)Z @ 86
Event: 1.536 Thread 0x000000001b504000 Uncommon trap: reason=class_check action=maybe_recompile pc=0x000000000286db4c method=java.util.regex.Matcher.match(II)Z @ 86
Event: 1.606 Thread 0x000000001b504000 Uncommon trap: reason=unstable_if action=reinterpret pc=0x00000000029dae9c method=java.io.File.getName()Ljava/lang/String; @ 16
Event: 1.606 Thread 0x000000001b504000 Uncommon trap: reason=unstable_if action=reinterpret pc=0x00000000029d9554 method=java.lang.String.substring(I)Ljava/lang/String; @ 35
Event: 1.717 Thread 0x000000001b504000 Uncommon trap: reason=unstable_if action=reinterpret pc=0x00000000029d6270 method=java.util.LinkedHashMap.afterNodeInsertion(Z)V @ 1
Event: 1.718 Thread 0x000000001b504000 Uncommon trap: reason=unstable_if action=reinterpret pc=0x000000000292c938 method=java.util.HashMap.getNode(ILjava/lang/Object;)Ljava/util/HashMap$Node; @ 129
Event: 1.718 Thread 0x000000001b504000 Uncommon trap: reason=bimorphic action=maybe_recompile pc=0x0000000002b8866c method=java.util.HashMap.putVal(ILjava/lang/Object;Ljava/lang/Object;ZZ)Ljava/lang/Object; @ 203
Event: 1.719 Thread 0x000000001b504000 Uncommon trap: reason=unstable_if action=reinterpret pc=0x0000000002908c7c method=java.util.HashMap.getNode(ILjava/lang/Object;)Ljava/util/HashMap$Node; @ 129
Event: 1.719 Thread 0x000000001b504000 Uncommon trap: reason=bimorphic action=maybe_recompile pc=0x0000000002b8866c method=java.util.HashMap.putVal(ILjava/lang/Object;Ljava/lang/Object;ZZ)Ljava/lang/Object; @ 203

Classes redefined (0 events):
No events

Internal exceptions (10 events):
Event: 1.383 Thread 0x000000001c09f800 Exception <a 'java/lang/NoSuchMethodError': <clinit>> (0x00000000d74e5c38) thrown at [C:\src\AOSP-openjdk-git\hotspot\src\share\vm\prims\jni.cpp, line 1615]
Event: 1.384 Thread 0x000000001c09f800 Exception <a 'java/lang/NoSuchMethodError': <clinit>> (0x00000000d74ef340) thrown at [C:\src\AOSP-openjdk-git\hotspot\src\share\vm\prims\jni.cpp, line 1615]
Event: 1.385 Thread 0x000000001c09f800 Exception <a 'java/lang/NoSuchMethodError': <clinit>> (0x00000000d7503928) thrown at [C:\src\AOSP-openjdk-git\hotspot\src\share\vm\prims\jni.cpp, line 1615]
Event: 1.390 Thread 0x000000001c09f800 Exception <a 'java/lang/NoSuchMethodError': <clinit>> (0x00000000d7570a48) thrown at [C:\src\AOSP-openjdk-git\hotspot\src\share\vm\prims\jni.cpp, line 1615]
Event: 1.398 Thread 0x000000001c09f800 Exception <a 'java/lang/NoSuchMethodError': <clinit>> (0x00000000d55cdb00) thrown at [C:\src\AOSP-openjdk-git\hotspot\src\share\vm\prims\jni.cpp, line 1615]
Event: 1.402 Thread 0x000000001c09f800 Exception <a 'java/lang/NoSuchMethodError': <clinit>> (0x00000000d56036b0) thrown at [C:\src\AOSP-openjdk-git\hotspot\src\share\vm\prims\jni.cpp, line 1615]
Event: 1.403 Thread 0x000000001c09f800 Exception <a 'java/lang/NoSuchMethodError': <clinit>> (0x00000000d560fc10) thrown at [C:\src\AOSP-openjdk-git\hotspot\src\share\vm\prims\jni.cpp, line 1615]
Event: 1.627 Thread 0x000000001b504000 Exception <a 'java/lang/NoSuchMethodError': java.lang.Object.lambda$and$0(Ljava/util/function/Predicate;Ljava/lang/Object;)Z> (0x00000000d5a2bb28) thrown at [C:\src\AOSP-openjdk-git\hotspot\src\share\vm\interpreter\linkResolver.cpp, line 620]
Event: 1.631 Thread 0x000000001b504000 Exception <a 'java/lang/IncompatibleClassChangeError': Found class java.lang.Object, but interface was expected> (0x00000000d5a3be60) thrown at [C:\src\AOSP-openjdk-git\hotspot\src\share\vm\interpreter\linkResolver.cpp, line 653]
Event: 1.632 Thread 0x000000001b504000 Exception <a 'java/lang/NoSuchMethodError': java.lang.Object.lambda$or$2(Ljava/util/function/Predicate;Ljava/lang/Object;)Z> (0x00000000d5a409b0) thrown at [C:\src\AOSP-openjdk-git\hotspot\src\share\vm\interpreter\linkResolver.cpp, line 620]

Events (10 events):
Event: 1.730 loading class com/google/common/collect/CompactLinkedHashMap
Event: 1.730 loading class com/google/common/collect/CompactLinkedHashMap done
Event: 1.730 loading class com/google/common/collect/LinkedHashMultimap$ValueEntry
Event: 1.730 loading class com/google/common/collect/LinkedHashMultimap$ValueEntry done
Event: 1.730 loading class com/google/common/collect/LinkedHashMultimap$ValueSetLink
Event: 1.730 loading class com/google/common/collect/LinkedHashMultimap$ValueSetLink done
Event: 1.730 loading class com/google/common/collect/ImmutableEntry
Event: 1.730 loading class com/google/common/collect/ImmutableEntry done
Event: 1.731 loading class com/google/common/collect/AbstractMapEntry
Event: 1.731 loading class com/google/common/collect/AbstractMapEntry done


Dynamic libraries:
0x00007ff779c30000 - 0x00007ff779c61000 	C:\Program Files\Android\Android Studio\jre\bin\java.exe
0x00007ff8db1c0000 - 0x00007ff8db3b0000 	C:\Windows\SYSTEM32\ntdll.dll
0x00007ff8da660000 - 0x00007ff8da712000 	C:\Windows\System32\KERNEL32.DLL
0x00007ff8d8a90000 - 0x00007ff8d8d35000 	C:\Windows\System32\KERNELBASE.dll
0x00007ff8d9420000 - 0x00007ff8d94c3000 	C:\Windows\System32\ADVAPI32.dll
0x00007ff8da8b0000 - 0x00007ff8da94e000 	C:\Windows\System32\msvcrt.dll
0x00007ff8da4f0000 - 0x00007ff8da587000 	C:\Windows\System32\sechost.dll
0x00007ff8da720000 - 0x00007ff8da840000 	C:\Windows\System32\RPCRT4.dll
0x00007ff8d98e0000 - 0x00007ff8d9a74000 	C:\Windows\System32\USER32.dll
0x00007ff8d8d40000 - 0x00007ff8d8d61000 	C:\Windows\System32\win32u.dll
0x00007ff8daa60000 - 0x00007ff8daa86000 	C:\Windows\System32\GDI32.dll
0x00007ff8d8e60000 - 0x00007ff8d8ff6000 	C:\Windows\System32\gdi32full.dll
0x00007ff8d8130000 - 0x00007ff8d81ce000 	C:\Windows\System32\msvcp_win.dll
0x00007ff8d8990000 - 0x00007ff8d8a8a000 	C:\Windows\System32\ucrtbase.dll
0x00007ff8b67f0000 - 0x00007ff8b6a74000 	C:\Windows\WinSxS\amd64_microsoft.windows.common-controls_6595b64144ccf1df_6.0.18362.1256_none_9e7e379be45e40e2\COMCTL32.dll
0x00007ff8d9a80000 - 0x00007ff8d9db6000 	C:\Windows\System32\combase.dll
0x00007ff8d8d70000 - 0x00007ff8d8df1000 	C:\Windows\System32\bcryptPrimitives.dll
0x00007ff8d9e30000 - 0x00007ff8d9e5e000 	C:\Windows\System32\IMM32.DLL
0x000000006a390000 - 0x000000006a462000 	C:\Program Files\Android\Android Studio\jre\jre\bin\msvcr100.dll
0x000000006a550000 - 0x000000006ad9b000 	C:\Program Files\Android\Android Studio\jre\jre\bin\server\jvm.dll
0x00007ff8d9710000 - 0x00007ff8d9718000 	C:\Windows\System32\PSAPI.DLL
0x00007ff8cd020000 - 0x00007ff8cd029000 	C:\Windows\SYSTEM32\WSOCK32.dll
0x00007ff8da3b0000 - 0x00007ff8da41f000 	C:\Windows\System32\WS2_32.dll
0x00007ff8d6b50000 - 0x00007ff8d6b5a000 	C:\Windows\SYSTEM32\VERSION.dll
0x00007ff8d0620000 - 0x00007ff8d0644000 	C:\Windows\SYSTEM32\WINMM.dll
0x00007ff8d05f0000 - 0x00007ff8d061d000 	C:\Windows\SYSTEM32\WINMMBASE.dll
0x00007ff8d90d0000 - 0x00007ff8d911a000 	C:\Windows\System32\cfgmgr32.dll
0x00007ff8cd010000 - 0x00007ff8cd01f000 	C:\Program Files\Android\Android Studio\jre\jre\bin\verify.dll
0x00007ff8bf040000 - 0x00007ff8bf069000 	C:\Program Files\Android\Android Studio\jre\jre\bin\java.dll
0x00007ff8bef50000 - 0x00007ff8bef66000 	C:\Program Files\Android\Android Studio\jre\jre\bin\zip.dll
0x00007ff8daa90000 - 0x00007ff8db177000 	C:\Windows\System32\SHELL32.dll
0x00007ff8da9b0000 - 0x00007ff8daa59000 	C:\Windows\System32\shcore.dll
0x00007ff8d81d0000 - 0x00007ff8d8951000 	C:\Windows\System32\windows.storage.dll
0x00007ff8d80e0000 - 0x00007ff8d8103000 	C:\Windows\System32\profapi.dll
0x00007ff8d8090000 - 0x00007ff8d80da000 	C:\Windows\System32\powrprof.dll
0x00007ff8d8060000 - 0x00007ff8d8070000 	C:\Windows\System32\UMPDC.dll
0x00007ff8da850000 - 0x00007ff8da8a2000 	C:\Windows\System32\shlwapi.dll
0x00007ff8d8070000 - 0x00007ff8d8081000 	C:\Windows\System32\kernel.appcore.dll
0x00007ff8d9000000 - 0x00007ff8d9017000 	C:\Windows\System32\cryptsp.dll
0x00007ff8bef30000 - 0x00007ff8bef4a000 	C:\Program Files\Android\Android Studio\jre\jre\bin\net.dll
0x00007ff8d78b0000 - 0x00007ff8d7917000 	C:\Windows\system32\mswsock.dll
0x00007ff8bec60000 - 0x00007ff8bec73000 	C:\Program Files\Android\Android Studio\jre\jre\bin\nio.dll
0x00007ff8cde70000 - 0x00007ff8cde97000 	C:\Users\Apolo\.gradle\native\f6784746aeab05261644944871eae4fe03e0ef1612fff0a4a95f87b438bc6780\windows-amd64\native-platform.dll
0x00007ff8bf030000 - 0x00007ff8bf03d000 	C:\Program Files\Android\Android Studio\jre\jre\bin\management.dll
0x00007ff8d7420000 - 0x00007ff8d7453000 	C:\Windows\system32\rsaenh.dll
0x00007ff8d8960000 - 0x00007ff8d8986000 	C:\Windows\System32\bcrypt.dll
0x00007ff8d7f40000 - 0x00007ff8d7f65000 	C:\Windows\SYSTEM32\USERENV.dll
0x00007ff8d7a80000 - 0x00007ff8d7a8c000 	C:\Windows\SYSTEM32\CRYPTBASE.dll
0x00007ff8d75c0000 - 0x00007ff8d75fa000 	C:\Windows\SYSTEM32\IPHLPAPI.DLL
0x00007ff8da840000 - 0x00007ff8da848000 	C:\Windows\System32\NSI.dll
0x00007ff8cb260000 - 0x00007ff8cb276000 	C:\Windows\SYSTEM32\dhcpcsvc6.DLL
0x00007ff8cb320000 - 0x00007ff8cb33c000 	C:\Windows\SYSTEM32\dhcpcsvc.DLL
0x00007ff8d7610000 - 0x00007ff8d76db000 	C:\Windows\SYSTEM32\DNSAPI.dll
0x00007ff8cd0a0000 - 0x00007ff8cd0ab000 	C:\Windows\SYSTEM32\WINNSI.DLL

VM Arguments:
jvm_args: -Xmx2048m -Dfile.encoding=UTF-8 -Duser.country=ES -Duser.language=es -Duser.variant 
java_command: org.gradle.launcher.daemon.bootstrap.GradleDaemon 6.5
java_class_path (initial): C:\Users\Apolo\.gradle\wrapper\dists\gradle-6.5-bin\6nifqtx7604sqp1q6g8wikw7p\gradle-6.5\lib\gradle-launcher-6.5.jar
Launcher Type: SUN_STANDARD

Environment Variables:
PATH=C:\Program Files\Common Files\Oracle\Java\javapath;C:\Program Files (x86)\Common Files\Oracle\Java\javapath;C:\orant\bin;C:\Windows\system32;C:\Windows;C:\Windows\System32\Wbem;C:\Windows\System32\WindowsPowerShell\v1.0\;C:\Windows\System32\OpenSSH\;C:\orant\jdk\bin;C:\Program Files (x86)\Intel\Intel(R) Memory And Storage Tool\;C:\Program Files\Git\cmd;C:\Users\Apolo\AppData\Local\Microsoft\WindowsApps;
USERNAME=Apolo
OS=Windows_NT
PROCESSOR_IDENTIFIER=Intel64 Family 6 Model 126 Stepping 5, GenuineIntel



---------------  S Y S T E M  ---------------

OS: Windows 10.0 , 64 bit Build 18362 (10.0.18362.1110)

CPU:total 8 (initial active 8) (4 cores per cpu, 2 threads per core) family 6 model 126 stepping 5, cmov, cx8, fxsr, mmx, sse, sse2, sse3, ssse3, sse4.1, sse4.2, popcnt, avx, avx2, aes, clmul, erms, 3dnowpref, lzcnt, ht, tsc, tscinvbit, bmi1, bmi2, adx

Memory: 4k page, physical 8165048k(1353216k free), swap 11736884k(5124k free)

vm_info: OpenJDK 64-Bit Server VM (25.242-b01) for windows-amd64 JRE (1.8.0_242-release-1644-b01), built by "builder" with MS VC++ 10.0 (VS2010)

time: Thu Dec 31 09:29:48 2020
timezone: Hora de verano de Paraguay
elapsed time: 1 seconds (0d 0h 0m 1s)

