#
# There is insufficient memory for the Java Runtime Environment to continue.
# Native memory allocation (malloc) failed to allocate 200176 bytes for Chunk::new
# Possible reasons:
#   The system is out of physical RAM or swap space
#   The process is running with CompressedOops enabled, and the Java Heap may be blocking the growth of the native heap
# Possible solutions:
#   Reduce memory load on the system
#   Increase physical memory or swap space
#   Check if swap backing store is full
#   Decrease Java heap size (-Xmx/-Xms)
#   Decrease number of Java threads
#   Decrease Java thread stack sizes (-Xss)
#   Set larger code cache with -XX:ReservedCodeCacheSize=
#   JVM is running with Unscaled Compressed Oops mode in which the Java heap is
#     placed in the first 4GB address space. The Java Heap base address is the
#     maximum limit for the native heap growth. Please use -XX:HeapBaseMinAddress
#     to set the Java Heap base and to place the Java Heap above 4GB virtual address.
# This output file may be truncated or incomplete.
#
#  Out of Memory Error (allocation.cpp:389), pid=16736, tid=0x00000000000042b8
#
# JRE version: OpenJDK Runtime Environment (8.0_242-b01) (build 1.8.0_242-release-1644-b01)
# Java VM: OpenJDK 64-Bit Server VM (25.242-b01 mixed mode windows-amd64 compressed oops)
# Failed to write core dump. Minidumps are not enabled by default on client versions of Windows
#

---------------  T H R E A D  ---------------

Current thread (0x0000000019b81800):  JavaThread "C2 CompilerThread1" daemon [_thread_in_native, id=17080, stack(0x000000001a570000,0x000000001a670000)]

Stack: [0x000000001a570000,0x000000001a670000]
[error occurred during error reporting (printing stack bounds), id 0xc0000005]

Native frames: (J=compiled Java code, j=interpreted, Vv=VM code, C=native code)


Current CompileTask:
C2:   1525 1441   !   4       java.lang.ClassLoader::loadClass (122 bytes)


---------------  P R O C E S S  ---------------

Java Threads: ( => current thread )
  0x000000001bf7a800 JavaThread "Thread-9" [_thread_blocked, id=2756, stack(0x000000001e5c0000,0x000000001e6c0000)]
  0x000000001bf74800 JavaThread "Stdin handler" [_thread_blocked, id=11544, stack(0x000000001e4c0000,0x000000001e5c0000)]
  0x000000001bf74000 JavaThread "Asynchronous log dispatcher for DefaultDaemonConnection: socket connection from /127.0.0.1:54925 to /127.0.0.1:54926" [_thread_blocked, id=4564, stack(0x000000001e3c0000,0x000000001e4c0000)]
  0x000000001ae0f800 JavaThread "Daemon worker" [_thread_in_native, id=3084, stack(0x000000001e2c0000,0x000000001e3c0000)]
  0x000000001ab6f000 JavaThread "Cancel handler" [_thread_blocked, id=13508, stack(0x000000001e1c0000,0x000000001e2c0000)]
  0x000000001c69a800 JavaThread "Handler for socket connection from /127.0.0.1:54925 to /127.0.0.1:54926" [_thread_in_native, id=11404, stack(0x000000001e0c0000,0x000000001e1c0000)]
  0x000000001c693800 JavaThread "Daemon" [_thread_blocked, id=5440, stack(0x000000001dfc0000,0x000000001e0c0000)]
  0x000000001c6b3000 JavaThread "Daemon periodic checks" [_thread_blocked, id=16676, stack(0x000000001dcc0000,0x000000001ddc0000)]
  0x000000001c65f000 JavaThread "Incoming local TCP Connector on port 54925" [_thread_in_native, id=14468, stack(0x000000001da50000,0x000000001db50000)]
  0x0000000019c9b800 JavaThread "Daemon health stats" [_thread_blocked, id=10064, stack(0x000000001d410000,0x000000001d510000)]
  0x0000000019c16800 JavaThread "Service Thread" daemon [_thread_blocked, id=10424, stack(0x000000001a870000,0x000000001a970000)]
  0x0000000019b8a000 JavaThread "C1 CompilerThread3" daemon [_thread_blocked, id=9576, stack(0x000000001a770000,0x000000001a870000)]
  0x0000000019b83800 JavaThread "C2 CompilerThread2" daemon [_thread_blocked, id=16152, stack(0x000000001a670000,0x000000001a770000)]
=>0x0000000019b81800 JavaThread "C2 CompilerThread1" daemon [_thread_in_native, id=17080, stack(0x000000001a570000,0x000000001a670000)]
  0x0000000019b7f000 JavaThread "C2 CompilerThread0" daemon [_thread_in_native, id=13576, stack(0x000000001a470000,0x000000001a570000)]
  0x0000000019b7e000 JavaThread "Attach Listener" daemon [_thread_blocked, id=15924, stack(0x000000001a370000,0x000000001a470000)]
  0x0000000017d7e000 JavaThread "Signal Dispatcher" daemon [_thread_blocked, id=7552, stack(0x000000001a270000,0x000000001a370000)]
  0x0000000002cf8800 JavaThread "Finalizer" daemon [_thread_blocked, id=4100, stack(0x000000001a050000,0x000000001a150000)]
  0x0000000017d6c000 JavaThread "Reference Handler" daemon [_thread_blocked, id=2372, stack(0x0000000019f50000,0x000000001a050000)]
  0x0000000002bfd800 JavaThread "main" [_thread_blocked, id=17320, stack(0x0000000002a30000,0x0000000002b30000)]

Other Threads:
  0x0000000017d67800 VMThread [stack: 0x0000000019a50000,0x0000000019b50000] [id=12688]
  0x0000000019c17000 WatcherThread [stack: 0x000000001a970000,0x000000001aa70000] [id=16364]

VM state:not at safepoint (normal execution)

VM Mutex/Monitor currently owned by a thread: None

heap address: 0x0000000080000000, size: 2048 MB, Compressed Oops mode: 32-bit
Narrow klass base: 0x0000000000000000, Narrow klass shift: 3
Compressed class space size: 1073741824 Address: 0x0000000100000000

Heap:
 PSYoungGen      total 37888K, used 21424K [0x00000000d5580000, 0x00000000d7f80000, 0x0000000100000000)
  eden space 32768K, 49% used [0x00000000d5580000,0x00000000d6570210,0x00000000d7580000)
  from space 5120K, 99% used [0x00000000d7580000,0x00000000d7a7c010,0x00000000d7a80000)
  to   space 5120K, 0% used [0x00000000d7a80000,0x00000000d7a80000,0x00000000d7f80000)
 ParOldGen       total 86016K, used 871K [0x0000000080000000, 0x0000000085400000, 0x00000000d5580000)
  object space 86016K, 1% used [0x0000000080000000,0x00000000800d9d98,0x0000000085400000)
 Metaspace       used 12981K, capacity 13392K, committed 13440K, reserved 1060864K
  class space    used 1780K, capacity 1898K, committed 1920K, reserved 1048576K

Card table byte_map: [0x00000000120c0000,0x00000000124d0000] byte_map_base: 0x0000000011cc0000

Marking Bits: (ParMarkBitMap*) 0x000000006ad1f030
 Begin Bits: [0x0000000012f80000, 0x0000000014f80000)
 End Bits:   [0x0000000014f80000, 0x0000000016f80000)

Polling page: 0x0000000000d50000

CodeCache: size=245760Kb used=5086Kb max_used=5098Kb free=240673Kb
 bounds [0x0000000002d00000, 0x0000000003200000, 0x0000000011d00000]
 total_blobs=1832 nmethods=1455 adapters=290
 compilation: enabled

Compilation events (10 events):
Event: 1.514 Thread 0x0000000019b8a000 nmethod 1454 0x00000000031f40d0 code [0x00000000031f4220, 0x00000000031f4330]
Event: 1.518 Thread 0x0000000019b8a000 1455       3       java.util.LinkedList::listIterator (15 bytes)
Event: 1.518 Thread 0x0000000019b8a000 nmethod 1455 0x00000000031f38d0 code [0x00000000031f3a80, 0x00000000031f3f08]
Event: 1.518 Thread 0x0000000019b8a000 1456       3       java.util.LinkedList$ListItr::<init> (47 bytes)
Event: 1.518 Thread 0x0000000019b8a000 nmethod 1456 0x00000000031f8d90 code [0x00000000031f8f00, 0x00000000031f91c8]
Event: 1.521 Thread 0x0000000019b7f000 1457   !   4       sun.misc.URLClassPath$JarLoader::getResource (353 bytes)
Event: 1.521 Thread 0x0000000019b83800 1458       4       sun.misc.ASCIICaseInsensitiveComparator::compare (126 bytes)
Event: 1.521 Thread 0x0000000019b8a000 1459       3       java.util.AbstractSequentialList::iterator (5 bytes)
Event: 1.522 Thread 0x0000000019b8a000 nmethod 1459 0x00000000031f92d0 code [0x00000000031f9440, 0x00000000031f9728]
Event: 1.523 Thread 0x0000000019b83800 nmethod 1458 0x00000000031fc6d0 code [0x00000000031fc820, 0x00000000031fcad8]

GC Heap History (6 events):
Event: 0.503 GC heap before
{Heap before GC invocations=1 (full 0):
 PSYoungGen      total 37888K, used 32768K [0x00000000d5580000, 0x00000000d7f80000, 0x0000000100000000)
  eden space 32768K, 100% used [0x00000000d5580000,0x00000000d7580000,0x00000000d7580000)
  from space 5120K, 0% used [0x00000000d7a80000,0x00000000d7a80000,0x00000000d7f80000)
  to   space 5120K, 0% used [0x00000000d7580000,0x00000000d7580000,0x00000000d7a80000)
 ParOldGen       total 86016K, used 0K [0x0000000080000000, 0x0000000085400000, 0x00000000d5580000)
  object space 86016K, 0% used [0x0000000080000000,0x0000000080000000,0x0000000085400000)
 Metaspace       used 7545K, capacity 7850K, committed 8064K, reserved 1056768K
  class space    used 931K, capacity 1041K, committed 1152K, reserved 1048576K
Event: 0.509 GC heap after
Heap after GC invocations=1 (full 0):
 PSYoungGen      total 37888K, used 4542K [0x00000000d5580000, 0x00000000d7f80000, 0x0000000100000000)
  eden space 32768K, 0% used [0x00000000d5580000,0x00000000d5580000,0x00000000d7580000)
  from space 5120K, 88% used [0x00000000d7580000,0x00000000d79ef8b0,0x00000000d7a80000)
  to   space 5120K, 0% used [0x00000000d7a80000,0x00000000d7a80000,0x00000000d7f80000)
 ParOldGen       total 86016K, used 16K [0x0000000080000000, 0x0000000085400000, 0x00000000d5580000)
  object space 86016K, 0% used [0x0000000080000000,0x0000000080004000,0x0000000085400000)
 Metaspace       used 7545K, capacity 7850K, committed 8064K, reserved 1056768K
  class space    used 931K, capacity 1041K, committed 1152K, reserved 1048576K
}
Event: 0.696 GC heap before
{Heap before GC invocations=2 (full 0):
 PSYoungGen      total 37888K, used 37310K [0x00000000d5580000, 0x00000000d7f80000, 0x0000000100000000)
  eden space 32768K, 100% used [0x00000000d5580000,0x00000000d7580000,0x00000000d7580000)
  from space 5120K, 88% used [0x00000000d7580000,0x00000000d79ef8b0,0x00000000d7a80000)
  to   space 5120K, 0% used [0x00000000d7a80000,0x00000000d7a80000,0x00000000d7f80000)
 ParOldGen       total 86016K, used 16K [0x0000000080000000, 0x0000000085400000, 0x00000000d5580000)
  object space 86016K, 0% used [0x0000000080000000,0x0000000080004000,0x0000000085400000)
 Metaspace       used 7782K, capacity 8060K, committed 8320K, reserved 1056768K
  class space    used 952K, capacity 1047K, committed 1152K, reserved 1048576K
Event: 0.700 GC heap after
Heap after GC invocations=2 (full 0):
 PSYoungGen      total 37888K, used 3357K [0x00000000d5580000, 0x00000000d7f80000, 0x0000000100000000)
  eden space 32768K, 0% used [0x00000000d5580000,0x00000000d5580000,0x00000000d7580000)
  from space 5120K, 65% used [0x00000000d7a80000,0x00000000d7dc77f0,0x00000000d7f80000)
  to   space 5120K, 0% used [0x00000000d7580000,0x00000000d7580000,0x00000000d7a80000)
 ParOldGen       total 86016K, used 24K [0x0000000080000000, 0x0000000085400000, 0x00000000d5580000)
  object space 86016K, 0% used [0x0000000080000000,0x0000000080006000,0x0000000085400000)
 Metaspace       used 7782K, capacity 8060K, committed 8320K, reserved 1056768K
  class space    used 952K, capacity 1047K, committed 1152K, reserved 1048576K
}
Event: 1.417 GC heap before
{Heap before GC invocations=3 (full 0):
 PSYoungGen      total 37888K, used 36125K [0x00000000d5580000, 0x00000000d7f80000, 0x0000000100000000)
  eden space 32768K, 100% used [0x00000000d5580000,0x00000000d7580000,0x00000000d7580000)
  from space 5120K, 65% used [0x00000000d7a80000,0x00000000d7dc77f0,0x00000000d7f80000)
  to   space 5120K, 0% used [0x00000000d7580000,0x00000000d7580000,0x00000000d7a80000)
 ParOldGen       total 86016K, used 24K [0x0000000080000000, 0x0000000085400000, 0x00000000d5580000)
  object space 86016K, 0% used [0x0000000080000000,0x0000000080006000,0x0000000085400000)
 Metaspace       used 11879K, capacity 12282K, committed 12544K, reserved 1060864K
  class space    used 1575K, capacity 1685K, committed 1792K, reserved 1048576K
Event: 1.421 GC heap after
Heap after GC invocations=3 (full 0):
 PSYoungGen      total 37888K, used 5104K [0x00000000d5580000, 0x00000000d7f80000, 0x0000000100000000)
  eden space 32768K, 0% used [0x00000000d5580000,0x00000000d5580000,0x00000000d7580000)
  from space 5120K, 99% used [0x00000000d7580000,0x00000000d7a7c010,0x00000000d7a80000)
  to   space 5120K, 0% used [0x00000000d7a80000,0x00000000d7a80000,0x00000000d7f80000)
 ParOldGen       total 86016K, used 871K [0x0000000080000000, 0x0000000085400000, 0x00000000d5580000)
  object space 86016K, 1% used [0x0000000080000000,0x00000000800d9d98,0x0000000085400000)
 Metaspace       used 11879K, capacity 12282K, committed 12544K, reserved 1060864K
  class space    used 1575K, capacity 1685K, committed 1792K, reserved 1048576K
}

Deoptimization events (10 events):
Event: 0.691 Thread 0x0000000002bfd800 Uncommon trap: reason=class_check action=maybe_recompile pc=0x0000000003031a84 method=java.util.HashMap.putVal(ILjava/lang/Object;Ljava/lang/Object;ZZ)Ljava/lang/Object; @ 203
Event: 0.751 Thread 0x0000000002bfd800 Uncommon trap: reason=class_check action=maybe_recompile pc=0x000000000303a0d8 method=java.util.regex.Matcher.match(II)Z @ 86
Event: 1.062 Thread 0x0000000002bfd800 Uncommon trap: reason=unstable_if action=reinterpret pc=0x0000000003024a68 method=java.io.WinNTFileSystem.normalize(Ljava/lang/String;)Ljava/lang/String; @ 128
Event: 1.414 Thread 0x000000001c69a800 Uncommon trap: reason=unstable_if action=reinterpret pc=0x0000000003113368 method=java.util.concurrent.ConcurrentHashMap.putVal(Ljava/lang/Object;Ljava/lang/Object;Z)Ljava/lang/Object; @ 206
Event: 1.437 Thread 0x000000001c69a800 Uncommon trap: reason=unstable_if action=reinterpret pc=0x000000000301395c method=java.lang.String.substring(I)Ljava/lang/String; @ 35
Event: 1.465 Thread 0x000000001ae0f800 Uncommon trap: reason=bimorphic action=maybe_recompile pc=0x0000000002fb3538 method=java.util.HashMap.putVal(ILjava/lang/Object;Ljava/lang/Object;ZZ)Ljava/lang/Object; @ 253
Event: 1.465 Thread 0x000000001ae0f800 Uncommon trap: reason=bimorphic action=maybe_recompile pc=0x0000000002fb3538 method=java.util.HashMap.putVal(ILjava/lang/Object;Ljava/lang/Object;ZZ)Ljava/lang/Object; @ 253
Event: 1.465 Thread 0x000000001ae0f800 Uncommon trap: reason=bimorphic action=maybe_recompile pc=0x0000000002fb3538 method=java.util.HashMap.putVal(ILjava/lang/Object;Ljava/lang/Object;ZZ)Ljava/lang/Object; @ 253
Event: 1.465 Thread 0x000000001ae0f800 Uncommon trap: reason=bimorphic action=maybe_recompile pc=0x0000000002fb3538 method=java.util.HashMap.putVal(ILjava/lang/Object;Ljava/lang/Object;ZZ)Ljava/lang/Object; @ 253
Event: 1.465 Thread 0x000000001ae0f800 Uncommon trap: reason=bimorphic action=maybe_recompile pc=0x0000000002fc1664 method=java.util.HashMap.putVal(ILjava/lang/Object;Ljava/lang/Object;ZZ)Ljava/lang/Object; @ 253

Classes redefined (0 events):
No events

Internal exceptions (10 events):
Event: 1.416 Thread 0x000000001c69a800 Exception <a 'java/lang/NoSuchMethodError': <clinit>> (0x00000000d7578c58) thrown at [C:\src\AOSP-openjdk-git\hotspot\src\share\vm\prims\jni.cpp, line 1615]
Event: 1.424 Thread 0x000000001c69a800 Exception <a 'java/lang/NoSuchMethodError': <clinit>> (0x00000000d558b570) thrown at [C:\src\AOSP-openjdk-git\hotspot\src\share\vm\prims\jni.cpp, line 1615]
Event: 1.426 Thread 0x000000001c69a800 Exception <a 'java/lang/NoSuchMethodError': <clinit>> (0x00000000d55b2628) thrown at [C:\src\AOSP-openjdk-git\hotspot\src\share\vm\prims\jni.cpp, line 1615]
Event: 1.427 Thread 0x000000001c69a800 Exception <a 'java/lang/NoSuchMethodError': <clinit>> (0x00000000d55ca148) thrown at [C:\src\AOSP-openjdk-git\hotspot\src\share\vm\prims\jni.cpp, line 1615]
Event: 1.427 Thread 0x000000001c69a800 Exception <a 'java/lang/NoSuchMethodError': <clinit>> (0x00000000d55d2ce8) thrown at [C:\src\AOSP-openjdk-git\hotspot\src\share\vm\prims\jni.cpp, line 1615]
Event: 1.434 Thread 0x000000001c69a800 Exception <a 'java/lang/NoSuchMethodError': <clinit>> (0x00000000d55e9050) thrown at [C:\src\AOSP-openjdk-git\hotspot\src\share\vm\prims\jni.cpp, line 1615]
Event: 1.442 Thread 0x000000001c69a800 Exception <a 'java/lang/NoSuchMethodError': <clinit>> (0x00000000d5685968) thrown at [C:\src\AOSP-openjdk-git\hotspot\src\share\vm\prims\jni.cpp, line 1615]
Event: 1.444 Thread 0x000000001c69a800 Exception <a 'java/lang/NoSuchMethodError': <clinit>> (0x00000000d56b5050) thrown at [C:\src\AOSP-openjdk-git\hotspot\src\share\vm\prims\jni.cpp, line 1615]
Event: 1.447 Thread 0x000000001c69a800 Exception <a 'java/lang/NoSuchMethodError': <clinit>> (0x00000000d56e3628) thrown at [C:\src\AOSP-openjdk-git\hotspot\src\share\vm\prims\jni.cpp, line 1615]
Event: 1.448 Thread 0x000000001c69a800 Exception <a 'java/lang/NoSuchMethodError': <clinit>> (0x00000000d56efaa0) thrown at [C:\src\AOSP-openjdk-git\hotspot\src\share\vm\prims\jni.cpp, line 1615]

Events (10 events):
Event: 1.521 loading class org/gradle/initialization/SessionLifecycleListener
Event: 1.521 loading class org/gradle/initialization/SessionLifecycleListener done
Event: 1.522 loading class org/gradle/internal/operations/DefaultBuildOperationListenerManager$ProgressShieldingBuildOperationListener
Event: 1.522 loading class org/gradle/internal/operations/DefaultBuildOperationListenerManager$ProgressShieldingBuildOperationListener done
Event: 1.523 loading class org/gradle/tooling/internal/provider/runner/BuildOperationParentTracker
Event: 1.523 loading class org/gradle/tooling/internal/provider/runner/BuildOperationParentTracker done
Event: 1.523 loading class org/gradle/tooling/internal/provider/runner/ProgressEventConsumer
Event: 1.523 loading class org/gradle/tooling/internal/provider/runner/ProgressEventConsumer done
Event: 1.523 loading class org/gradle/tooling/internal/provider/runner/ClientForwardingTestOperationListener
Event: 1.523 loading class org/gradle/tooling/internal/provider/runner/ClientForwardingTestOperationListener done


Dynamic libraries:
0x00007ff779c30000 - 0x00007ff779c61000 	C:\Program Files\Android\Android Studio\jre\bin\java.exe
0x00007ff8db1c0000 - 0x00007ff8db3b0000 	C:\Windows\SYSTEM32\ntdll.dll
0x00007ff8da660000 - 0x00007ff8da712000 	C:\Windows\System32\KERNEL32.DLL
0x00007ff8d8a90000 - 0x00007ff8d8d35000 	C:\Windows\System32\KERNELBASE.dll
0x00007ff8d9420000 - 0x00007ff8d94c3000 	C:\Windows\System32\ADVAPI32.dll
0x00007ff8da8b0000 - 0x00007ff8da94e000 	C:\Windows\System32\msvcrt.dll
0x00007ff8da4f0000 - 0x00007ff8da587000 	C:\Windows\System32\sechost.dll
0x00007ff8da720000 - 0x00007ff8da840000 	C:\Windows\System32\RPCRT4.dll
0x00007ff8d98e0000 - 0x00007ff8d9a74000 	C:\Windows\System32\USER32.dll
0x00007ff8d8d40000 - 0x00007ff8d8d61000 	C:\Windows\System32\win32u.dll
0x00007ff8daa60000 - 0x00007ff8daa86000 	C:\Windows\System32\GDI32.dll
0x00007ff8d8e60000 - 0x00007ff8d8ff6000 	C:\Windows\System32\gdi32full.dll
0x00007ff8d8130000 - 0x00007ff8d81ce000 	C:\Windows\System32\msvcp_win.dll
0x00007ff8d8990000 - 0x00007ff8d8a8a000 	C:\Windows\System32\ucrtbase.dll
0x00007ff8b67f0000 - 0x00007ff8b6a74000 	C:\Windows\WinSxS\amd64_microsoft.windows.common-controls_6595b64144ccf1df_6.0.18362.1256_none_9e7e379be45e40e2\COMCTL32.dll
0x00007ff8d9a80000 - 0x00007ff8d9db6000 	C:\Windows\System32\combase.dll
0x00007ff8d8d70000 - 0x00007ff8d8df1000 	C:\Windows\System32\bcryptPrimitives.dll
0x00007ff8d9e30000 - 0x00007ff8d9e5e000 	C:\Windows\System32\IMM32.DLL
0x000000006a390000 - 0x000000006a462000 	C:\Program Files\Android\Android Studio\jre\jre\bin\msvcr100.dll
0x000000006a550000 - 0x000000006ad9b000 	C:\Program Files\Android\Android Studio\jre\jre\bin\server\jvm.dll
0x00007ff8d9710000 - 0x00007ff8d9718000 	C:\Windows\System32\PSAPI.DLL
0x00007ff8cd020000 - 0x00007ff8cd029000 	C:\Windows\SYSTEM32\WSOCK32.dll
0x00007ff8da3b0000 - 0x00007ff8da41f000 	C:\Windows\System32\WS2_32.dll
0x00007ff8d0620000 - 0x00007ff8d0644000 	C:\Windows\SYSTEM32\WINMM.dll
0x00007ff8d6b50000 - 0x00007ff8d6b5a000 	C:\Windows\SYSTEM32\VERSION.dll
0x00007ff8d05f0000 - 0x00007ff8d061d000 	C:\Windows\SYSTEM32\winmmbase.dll
0x00007ff8d90d0000 - 0x00007ff8d911a000 	C:\Windows\System32\cfgmgr32.dll
0x00007ff8cd010000 - 0x00007ff8cd01f000 	C:\Program Files\Android\Android Studio\jre\jre\bin\verify.dll
0x00007ff8bf040000 - 0x00007ff8bf069000 	C:\Program Files\Android\Android Studio\jre\jre\bin\java.dll
0x00007ff8bef50000 - 0x00007ff8bef66000 	C:\Program Files\Android\Android Studio\jre\jre\bin\zip.dll
0x00007ff8daa90000 - 0x00007ff8db177000 	C:\Windows\System32\SHELL32.dll
0x00007ff8da9b0000 - 0x00007ff8daa59000 	C:\Windows\System32\shcore.dll
0x00007ff8d81d0000 - 0x00007ff8d8951000 	C:\Windows\System32\windows.storage.dll
0x00007ff8d80e0000 - 0x00007ff8d8103000 	C:\Windows\System32\profapi.dll
0x00007ff8d8090000 - 0x00007ff8d80da000 	C:\Windows\System32\powrprof.dll
0x00007ff8d8060000 - 0x00007ff8d8070000 	C:\Windows\System32\UMPDC.dll
0x00007ff8da850000 - 0x00007ff8da8a2000 	C:\Windows\System32\shlwapi.dll
0x00007ff8d8070000 - 0x00007ff8d8081000 	C:\Windows\System32\kernel.appcore.dll
0x00007ff8d9000000 - 0x00007ff8d9017000 	C:\Windows\System32\cryptsp.dll
0x00007ff8bef30000 - 0x00007ff8bef4a000 	C:\Program Files\Android\Android Studio\jre\jre\bin\net.dll
0x00007ff8d78b0000 - 0x00007ff8d7917000 	C:\Windows\system32\mswsock.dll
0x00007ff8bec60000 - 0x00007ff8bec73000 	C:\Program Files\Android\Android Studio\jre\jre\bin\nio.dll
0x00007ff8cde70000 - 0x00007ff8cde97000 	C:\Users\Apolo\.gradle\native\f6784746aeab05261644944871eae4fe03e0ef1612fff0a4a95f87b438bc6780\windows-amd64\native-platform.dll
0x00007ff8bf030000 - 0x00007ff8bf03d000 	C:\Program Files\Android\Android Studio\jre\jre\bin\management.dll
0x00007ff8d7420000 - 0x00007ff8d7453000 	C:\Windows\system32\rsaenh.dll
0x00007ff8d8960000 - 0x00007ff8d8986000 	C:\Windows\System32\bcrypt.dll
0x00007ff8d7f40000 - 0x00007ff8d7f65000 	C:\Windows\SYSTEM32\USERENV.dll
0x00007ff8d7a80000 - 0x00007ff8d7a8c000 	C:\Windows\SYSTEM32\CRYPTBASE.dll
0x00007ff8d75c0000 - 0x00007ff8d75fa000 	C:\Windows\SYSTEM32\IPHLPAPI.DLL
0x00007ff8da840000 - 0x00007ff8da848000 	C:\Windows\System32\NSI.dll
0x00007ff8cb260000 - 0x00007ff8cb276000 	C:\Windows\SYSTEM32\dhcpcsvc6.DLL
0x00007ff8cb320000 - 0x00007ff8cb33c000 	C:\Windows\SYSTEM32\dhcpcsvc.DLL
0x00007ff8d7610000 - 0x00007ff8d76db000 	C:\Windows\SYSTEM32\DNSAPI.dll
0x00007ff8cd0a0000 - 0x00007ff8cd0ab000 	C:\Windows\SYSTEM32\WINNSI.DLL

VM Arguments:
jvm_args: -Xmx2048m -Dfile.encoding=UTF-8 -Duser.country=ES -Duser.language=es -Duser.variant 
java_command: org.gradle.launcher.daemon.bootstrap.GradleDaemon 6.5
java_class_path (initial): C:\Users\Apolo\.gradle\wrapper\dists\gradle-6.5-bin\6nifqtx7604sqp1q6g8wikw7p\gradle-6.5\lib\gradle-launcher-6.5.jar
Launcher Type: SUN_STANDARD

Environment Variables:
PATH=C:\Program Files\Common Files\Oracle\Java\javapath;C:\Program Files (x86)\Common Files\Oracle\Java\javapath;C:\orant\bin;C:\Windows\system32;C:\Windows;C:\Windows\System32\Wbem;C:\Windows\System32\WindowsPowerShell\v1.0\;C:\Windows\System32\OpenSSH\;C:\orant\jdk\bin;C:\Program Files (x86)\Intel\Intel(R) Memory And Storage Tool\;C:\Program Files\Git\cmd;C:\Users\Apolo\AppData\Local\Microsoft\WindowsApps;
USERNAME=Apolo
OS=Windows_NT
PROCESSOR_IDENTIFIER=Intel64 Family 6 Model 126 Stepping 5, GenuineIntel



---------------  S Y S T E M  ---------------

OS: Windows 10.0 , 64 bit Build 18362 (10.0.18362.1110)

CPU:total 8 (initial active 8) (4 cores per cpu, 2 threads per core) family 6 model 126 stepping 5, cmov, cx8, fxsr, mmx, sse, sse2, sse3, ssse3, sse4.1, sse4.2, popcnt, avx, avx2, aes, clmul, erms, 3dnowpref, lzcnt, ht, tsc, tscinvbit, bmi1, bmi2, adx

Memory: 4k page, physical 8165048k(948148k free), swap 11736884k(5212k free)

vm_info: OpenJDK 64-Bit Server VM (25.242-b01) for windows-amd64 JRE (1.8.0_242-release-1644-b01), built by "builder" with MS VC++ 10.0 (VS2010)

time: Thu Dec 31 09:31:24 2020
timezone: Hora de verano de Paraguay
elapsed time: 1 seconds (0d 0h 0m 1s)

