#
# There is insufficient memory for the Java Runtime Environment to continue.
# Native memory allocation (malloc) failed to allocate 1319216 bytes for Chunk::new
# Possible reasons:
#   The system is out of physical RAM or swap space
#   The process is running with CompressedOops enabled, and the Java Heap may be blocking the growth of the native heap
# Possible solutions:
#   Reduce memory load on the system
#   Increase physical memory or swap space
#   Check if swap backing store is full
#   Decrease Java heap size (-Xmx/-Xms)
#   Decrease number of Java threads
#   Decrease Java thread stack sizes (-Xss)
#   Set larger code cache with -XX:ReservedCodeCacheSize=
#   JVM is running with Unscaled Compressed Oops mode in which the Java heap is
#     placed in the first 4GB address space. The Java Heap base address is the
#     maximum limit for the native heap growth. Please use -XX:HeapBaseMinAddress
#     to set the Java Heap base and to place the Java Heap above 4GB virtual address.
# This output file may be truncated or incomplete.
#
#  Out of Memory Error (allocation.cpp:389), pid=16644, tid=0x0000000000004ce8
#
# JRE version: OpenJDK Runtime Environment (8.0_242-b01) (build 1.8.0_242-release-1644-b01)
# Java VM: OpenJDK 64-Bit Server VM (25.242-b01 mixed mode windows-amd64 compressed oops)
# Failed to write core dump. Minidumps are not enabled by default on client versions of Windows
#

---------------  T H R E A D  ---------------

Current thread (0x00000000179bd800):  JavaThread "C2 CompilerThread2" daemon [_thread_in_native, id=19688, stack(0x000000001a2a0000,0x000000001a3a0000)]

Stack: [0x000000001a2a0000,0x000000001a3a0000]
[error occurred during error reporting (printing stack bounds), id 0xc0000005]

Native frames: (J=compiled Java code, j=interpreted, Vv=VM code, C=native code)


Current CompileTask:
C2:   1944 1502   !   4       java.net.URLClassLoader$1::run (63 bytes)


---------------  P R O C E S S  ---------------

Java Threads: ( => current thread )
  0x000000001c481800 JavaThread "Cache worker for file hash cache (C:\Users\Apolo\.gradle\caches\6.5\fileHashes)" [_thread_blocked, id=14452, stack(0x000000001e6f0000,0x000000001e7f0000)]
  0x000000001c483800 JavaThread "File lock request listener" [_thread_in_native, id=1412, stack(0x000000001e5f0000,0x000000001e6f0000)]
  0x000000001c382800 JavaThread "Cache worker for journal cache (C:\Users\Apolo\.gradle\caches\journal-1)" [_thread_blocked, id=2384, stack(0x000000001e4f0000,0x000000001e5f0000)]
  0x000000001b40d800 JavaThread "Thread-9" [_thread_blocked, id=16516, stack(0x000000001e1f0000,0x000000001e2f0000)]
  0x000000001c2bd800 JavaThread "Stdin handler" [_thread_blocked, id=18832, stack(0x000000001e0f0000,0x000000001e1f0000)]
  0x000000001c2bc800 JavaThread "Asynchronous log dispatcher for DefaultDaemonConnection: socket connection from /127.0.0.1:56349 to /127.0.0.1:56350" [_thread_blocked, id=20132, stack(0x000000001dff0000,0x000000001e0f0000)]
  0x000000001aa1b800 JavaThread "Daemon worker" [_thread_in_Java, id=9944, stack(0x000000001def0000,0x000000001dff0000)]
  0x000000001c3ad800 JavaThread "Cancel handler" [_thread_blocked, id=20732, stack(0x000000001ddf0000,0x000000001def0000)]
  0x000000001c29b000 JavaThread "Handler for socket connection from /127.0.0.1:56349 to /127.0.0.1:56350" [_thread_in_native, id=13100, stack(0x000000001dcf0000,0x000000001ddf0000)]
  0x000000001c293800 JavaThread "Daemon" [_thread_blocked, id=17556, stack(0x000000001dbf0000,0x000000001dcf0000)]
  0x000000001c288800 JavaThread "Daemon periodic checks" [_thread_blocked, id=6244, stack(0x000000001d8f0000,0x000000001d9f0000)]
  0x000000001c2e4800 JavaThread "Incoming local TCP Connector on port 56349" [_thread_in_native, id=19924, stack(0x000000001d680000,0x000000001d780000)]
  0x000000001c1ca800 JavaThread "Daemon health stats" [_thread_blocked, id=20724, stack(0x000000001d040000,0x000000001d140000)]
  0x0000000019849800 JavaThread "Service Thread" daemon [_thread_blocked, id=16632, stack(0x000000001a4a0000,0x000000001a5a0000)]
  0x00000000197be000 JavaThread "C1 CompilerThread3" daemon [_thread_in_native, id=11212, stack(0x000000001a3a0000,0x000000001a4a0000)]
=>0x00000000179bd800 JavaThread "C2 CompilerThread2" daemon [_thread_in_native, id=19688, stack(0x000000001a2a0000,0x000000001a3a0000)]
  0x00000000179bb000 JavaThread "C2 CompilerThread1" daemon [_thread_in_native, id=12028, stack(0x000000001a1a0000,0x000000001a2a0000)]
  0x00000000197b2000 JavaThread "C2 CompilerThread0" daemon [_thread_in_native, id=19192, stack(0x000000001a0a0000,0x000000001a1a0000)]
  0x00000000197b1000 JavaThread "Attach Listener" daemon [_thread_blocked, id=19164, stack(0x0000000019fa0000,0x000000001a0a0000)]
  0x00000000197b0000 JavaThread "Signal Dispatcher" daemon [_thread_blocked, id=11344, stack(0x0000000019ea0000,0x0000000019fa0000)]
  0x00000000197a0800 JavaThread "Finalizer" daemon [_thread_blocked, id=10980, stack(0x0000000019c80000,0x0000000019d80000)]
  0x00000000179ac800 JavaThread "Reference Handler" daemon [_thread_blocked, id=21168, stack(0x0000000019b80000,0x0000000019c80000)]
  0x000000000283d800 JavaThread "main" [_thread_blocked, id=18392, stack(0x00000000026e0000,0x00000000027e0000)]

Other Threads:
  0x00000000179a8000 VMThread [stack: 0x0000000019680000,0x0000000019780000] [id=20404]
  0x000000001984a800 WatcherThread [stack: 0x000000001a5a0000,0x000000001a6a0000] [id=18260]

VM state:not at safepoint (normal execution)

VM Mutex/Monitor currently owned by a thread: None

heap address: 0x0000000080000000, size: 2048 MB, Compressed Oops mode: 32-bit
Narrow klass base: 0x0000000000000000, Narrow klass shift: 3
Compressed class space size: 1073741824 Address: 0x0000000100000000

Heap:
 PSYoungGen      total 37888K, used 36948K [0x00000000d5580000, 0x00000000d7f80000, 0x0000000100000000)
  eden space 32768K, 97% used [0x00000000d5580000,0x00000000d7495680,0x00000000d7580000)
  from space 5120K, 99% used [0x00000000d7a80000,0x00000000d7f7fc10,0x00000000d7f80000)
  to   space 5120K, 0% used [0x00000000d7580000,0x00000000d7580000,0x00000000d7a80000)
 ParOldGen       total 86016K, used 3432K [0x0000000080000000, 0x0000000085400000, 0x00000000d5580000)
  object space 86016K, 3% used [0x0000000080000000,0x000000008035a2b0,0x0000000085400000)
 Metaspace       used 17449K, capacity 18128K, committed 18304K, reserved 1064960K
  class space    used 2389K, capacity 2568K, committed 2688K, reserved 1048576K

Card table byte_map: [0x0000000011d00000,0x0000000012110000] byte_map_base: 0x0000000011900000

Marking Bits: (ParMarkBitMap*) 0x00000000534df030
 Begin Bits: [0x0000000012bc0000, 0x0000000014bc0000)
 End Bits:   [0x0000000014bc0000, 0x0000000016bc0000)

Polling page: 0x0000000000940000

CodeCache: size=245760Kb used=5440Kb max_used=5440Kb free=240319Kb
 bounds [0x0000000002940000, 0x0000000002ea0000, 0x0000000011940000]
 total_blobs=1954 nmethods=1553 adapters=314
 compilation: enabled

Compilation events (10 events):
Event: 1.935 Thread 0x00000000197be000 nmethod 1546 0x0000000002e90590 code [0x0000000002e90700, 0x0000000002e90888]
Event: 1.935 Thread 0x00000000197be000 1547       1       com.google.common.io.LineReader::access$000 (5 bytes)
Event: 1.935 Thread 0x00000000197be000 nmethod 1547 0x0000000002e87d10 code [0x0000000002e87e60, 0x0000000002e87f50]
Event: 1.935 Thread 0x00000000197be000 1548       3       java.net.URLConnection::<init> (44 bytes)
Event: 1.936 Thread 0x00000000197be000 nmethod 1548 0x0000000002e90150 code [0x0000000002e902c0, 0x0000000002e904d0]
Event: 1.936 Thread 0x00000000197be000 1549  s    3       java.io.ExpiringCache::get (39 bytes)
Event: 1.936 Thread 0x00000000197be000 nmethod 1549 0x0000000002e8fa50 code [0x0000000002e8fbe0, 0x0000000002e90018]
Event: 1.937 Thread 0x00000000179bb000 1550   !   4       java.util.zip.ZipFile$ZipFileInflaterInputStream::close (67 bytes)
Event: 1.942 Thread 0x00000000197be000 1551       3       com.google.common.base.Preconditions::checkNotNull (14 bytes)
Event: 1.942 Thread 0x00000000197be000 nmethod 1551 0x0000000002e8f3d0 code [0x0000000002e8f540, 0x0000000002e8f768]

GC Heap History (8 events):
Event: 0.521 GC heap before
{Heap before GC invocations=1 (full 0):
 PSYoungGen      total 37888K, used 32768K [0x00000000d5580000, 0x00000000d7f80000, 0x0000000100000000)
  eden space 32768K, 100% used [0x00000000d5580000,0x00000000d7580000,0x00000000d7580000)
  from space 5120K, 0% used [0x00000000d7a80000,0x00000000d7a80000,0x00000000d7f80000)
  to   space 5120K, 0% used [0x00000000d7580000,0x00000000d7580000,0x00000000d7a80000)
 ParOldGen       total 86016K, used 0K [0x0000000080000000, 0x0000000085400000, 0x00000000d5580000)
  object space 86016K, 0% used [0x0000000080000000,0x0000000080000000,0x0000000085400000)
 Metaspace       used 7547K, capacity 7850K, committed 8064K, reserved 1056768K
  class space    used 931K, capacity 1041K, committed 1152K, reserved 1048576K
Event: 0.526 GC heap after
Heap after GC invocations=1 (full 0):
 PSYoungGen      total 37888K, used 4597K [0x00000000d5580000, 0x00000000d7f80000, 0x0000000100000000)
  eden space 32768K, 0% used [0x00000000d5580000,0x00000000d5580000,0x00000000d7580000)
  from space 5120K, 89% used [0x00000000d7580000,0x00000000d79fd6e8,0x00000000d7a80000)
  to   space 5120K, 0% used [0x00000000d7a80000,0x00000000d7a80000,0x00000000d7f80000)
 ParOldGen       total 86016K, used 16K [0x0000000080000000, 0x0000000085400000, 0x00000000d5580000)
  object space 86016K, 0% used [0x0000000080000000,0x0000000080004000,0x0000000085400000)
 Metaspace       used 7547K, capacity 7850K, committed 8064K, reserved 1056768K
  class space    used 931K, capacity 1041K, committed 1152K, reserved 1048576K
}
Event: 0.725 GC heap before
{Heap before GC invocations=2 (full 0):
 PSYoungGen      total 37888K, used 37365K [0x00000000d5580000, 0x00000000d7f80000, 0x0000000100000000)
  eden space 32768K, 100% used [0x00000000d5580000,0x00000000d7580000,0x00000000d7580000)
  from space 5120K, 89% used [0x00000000d7580000,0x00000000d79fd6e8,0x00000000d7a80000)
  to   space 5120K, 0% used [0x00000000d7a80000,0x00000000d7a80000,0x00000000d7f80000)
 ParOldGen       total 86016K, used 16K [0x0000000080000000, 0x0000000085400000, 0x00000000d5580000)
  object space 86016K, 0% used [0x0000000080000000,0x0000000080004000,0x0000000085400000)
 Metaspace       used 7782K, capacity 8060K, committed 8320K, reserved 1056768K
  class space    used 952K, capacity 1047K, committed 1152K, reserved 1048576K
Event: 0.728 GC heap after
Heap after GC invocations=2 (full 0):
 PSYoungGen      total 37888K, used 3361K [0x00000000d5580000, 0x00000000d9f80000, 0x0000000100000000)
  eden space 32768K, 0% used [0x00000000d5580000,0x00000000d5580000,0x00000000d7580000)
  from space 5120K, 65% used [0x00000000d7a80000,0x00000000d7dc8608,0x00000000d7f80000)
  to   space 5120K, 0% used [0x00000000d7580000,0x00000000d7580000,0x00000000d7a80000)
 ParOldGen       total 86016K, used 24K [0x0000000080000000, 0x0000000085400000, 0x00000000d5580000)
  object space 86016K, 0% used [0x0000000080000000,0x0000000080006000,0x0000000085400000)
 Metaspace       used 7782K, capacity 8060K, committed 8320K, reserved 1056768K
  class space    used 952K, capacity 1047K, committed 1152K, reserved 1048576K
}
Event: 1.572 GC heap before
{Heap before GC invocations=3 (full 0):
 PSYoungGen      total 37888K, used 36129K [0x00000000d5580000, 0x00000000d9f80000, 0x0000000100000000)
  eden space 32768K, 100% used [0x00000000d5580000,0x00000000d7580000,0x00000000d7580000)
  from space 5120K, 65% used [0x00000000d7a80000,0x00000000d7dc8608,0x00000000d7f80000)
  to   space 5120K, 0% used [0x00000000d7580000,0x00000000d7580000,0x00000000d7a80000)
 ParOldGen       total 86016K, used 24K [0x0000000080000000, 0x0000000085400000, 0x00000000d5580000)
  object space 86016K, 0% used [0x0000000080000000,0x0000000080006000,0x0000000085400000)
 Metaspace       used 11943K, capacity 12306K, committed 12544K, reserved 1060864K
  class space    used 1585K, capacity 1689K, committed 1792K, reserved 1048576K
Event: 1.576 GC heap after
Heap after GC invocations=3 (full 0):
 PSYoungGen      total 37888K, used 5088K [0x00000000d5580000, 0x00000000d7f80000, 0x0000000100000000)
  eden space 32768K, 0% used [0x00000000d5580000,0x00000000d5580000,0x00000000d7580000)
  from space 5120K, 99% used [0x00000000d7580000,0x00000000d7a78020,0x00000000d7a80000)
  to   space 5120K, 0% used [0x00000000d7a80000,0x00000000d7a80000,0x00000000d7f80000)
 ParOldGen       total 86016K, used 1005K [0x0000000080000000, 0x0000000085400000, 0x00000000d5580000)
  object space 86016K, 1% used [0x0000000080000000,0x00000000800fb778,0x0000000085400000)
 Metaspace       used 11943K, capacity 12306K, committed 12544K, reserved 1060864K
  class space    used 1585K, capacity 1689K, committed 1792K, reserved 1048576K
}
Event: 1.758 GC heap before
{Heap before GC invocations=4 (full 0):
 PSYoungGen      total 37888K, used 37757K [0x00000000d5580000, 0x00000000d7f80000, 0x0000000100000000)
  eden space 32768K, 99% used [0x00000000d5580000,0x00000000d7567450,0x00000000d7580000)
  from space 5120K, 99% used [0x00000000d7580000,0x00000000d7a78020,0x00000000d7a80000)
  to   space 5120K, 0% used [0x00000000d7a80000,0x00000000d7a80000,0x00000000d7f80000)
 ParOldGen       total 86016K, used 1005K [0x0000000080000000, 0x0000000085400000, 0x00000000d5580000)
  object space 86016K, 1% used [0x0000000080000000,0x00000000800fb778,0x0000000085400000)
 Metaspace       used 14647K, capacity 15234K, committed 15488K, reserved 1062912K
  class space    used 1998K, capacity 2157K, committed 2176K, reserved 1048576K
Event: 1.764 GC heap after
Heap after GC invocations=4 (full 0):
 PSYoungGen      total 37888K, used 5119K [0x00000000d5580000, 0x00000000d7f80000, 0x0000000100000000)
  eden space 32768K, 0% used [0x00000000d5580000,0x00000000d5580000,0x00000000d7580000)
  from space 5120K, 99% used [0x00000000d7a80000,0x00000000d7f7fc10,0x00000000d7f80000)
  to   space 5120K, 0% used [0x00000000d7580000,0x00000000d7580000,0x00000000d7a80000)
 ParOldGen       total 86016K, used 3432K [0x0000000080000000, 0x0000000085400000, 0x00000000d5580000)
  object space 86016K, 3% used [0x0000000080000000,0x000000008035a2b0,0x0000000085400000)
 Metaspace       used 14647K, capacity 15234K, committed 15488K, reserved 1062912K
  class space    used 1998K, capacity 2157K, committed 2176K, reserved 1048576K
}

Deoptimization events (10 events):
Event: 1.722 Thread 0x000000001aa1b800 Uncommon trap: reason=class_check action=maybe_recompile pc=0x0000000002c70258 method=java.util.regex.Matcher.match(II)Z @ 86
Event: 1.722 Thread 0x000000001aa1b800 Uncommon trap: reason=class_check action=maybe_recompile pc=0x0000000002c70258 method=java.util.regex.Matcher.match(II)Z @ 86
Event: 1.722 Thread 0x000000001aa1b800 Uncommon trap: reason=class_check action=maybe_recompile pc=0x0000000002af7c8c method=java.util.regex.Matcher.match(II)Z @ 86
Event: 1.787 Thread 0x000000001aa1b800 Uncommon trap: reason=unstable_if action=reinterpret pc=0x0000000002c6f61c method=java.io.File.getName()Ljava/lang/String; @ 16
Event: 1.787 Thread 0x000000001aa1b800 Uncommon trap: reason=unstable_if action=reinterpret pc=0x0000000002c6df54 method=java.lang.String.substring(I)Ljava/lang/String; @ 35
Event: 1.896 Thread 0x000000001aa1b800 Uncommon trap: reason=unstable_if action=reinterpret pc=0x0000000002c6acb0 method=java.util.LinkedHashMap.afterNodeInsertion(Z)V @ 1
Event: 1.896 Thread 0x000000001aa1b800 Uncommon trap: reason=unstable_if action=reinterpret pc=0x0000000002ba9404 method=java.util.HashMap.getNode(ILjava/lang/Object;)Ljava/util/HashMap$Node; @ 129
Event: 1.896 Thread 0x000000001aa1b800 Uncommon trap: reason=bimorphic action=maybe_recompile pc=0x0000000002df42a8 method=java.util.HashMap.putVal(ILjava/lang/Object;Ljava/lang/Object;ZZ)Ljava/lang/Object; @ 203
Event: 1.898 Thread 0x000000001aa1b800 Uncommon trap: reason=unstable_if action=reinterpret pc=0x0000000002ba2c7c method=java.util.HashMap.getNode(ILjava/lang/Object;)Ljava/util/HashMap$Node; @ 129
Event: 1.898 Thread 0x000000001aa1b800 Uncommon trap: reason=bimorphic action=maybe_recompile pc=0x0000000002df42a8 method=java.util.HashMap.putVal(ILjava/lang/Object;Ljava/lang/Object;ZZ)Ljava/lang/Object; @ 203

Classes redefined (0 events):
No events

Internal exceptions (10 events):
Event: 1.564 Thread 0x000000001c29b000 Exception <a 'java/lang/NoSuchMethodError': <clinit>> (0x00000000d74e87f0) thrown at [C:\src\AOSP-openjdk-git\hotspot\src\share\vm\prims\jni.cpp, line 1615]
Event: 1.565 Thread 0x000000001c29b000 Exception <a 'java/lang/NoSuchMethodError': <clinit>> (0x00000000d74fcdd8) thrown at [C:\src\AOSP-openjdk-git\hotspot\src\share\vm\prims\jni.cpp, line 1615]
Event: 1.571 Thread 0x000000001c29b000 Exception <a 'java/lang/NoSuchMethodError': <clinit>> (0x00000000d7569f10) thrown at [C:\src\AOSP-openjdk-git\hotspot\src\share\vm\prims\jni.cpp, line 1615]
Event: 1.579 Thread 0x000000001c29b000 Exception <a 'java/lang/NoSuchMethodError': <clinit>> (0x00000000d55a4468) thrown at [C:\src\AOSP-openjdk-git\hotspot\src\share\vm\prims\jni.cpp, line 1615]
Event: 1.582 Thread 0x000000001c29b000 Exception <a 'java/lang/NoSuchMethodError': <clinit>> (0x00000000d55fca18) thrown at [C:\src\AOSP-openjdk-git\hotspot\src\share\vm\prims\jni.cpp, line 1615]
Event: 1.583 Thread 0x000000001c29b000 Exception <a 'java/lang/NoSuchMethodError': <clinit>> (0x00000000d5608f78) thrown at [C:\src\AOSP-openjdk-git\hotspot\src\share\vm\prims\jni.cpp, line 1615]
Event: 1.809 Thread 0x000000001aa1b800 Exception <a 'java/lang/NoSuchMethodError': java.lang.Object.lambda$and$0(Ljava/util/function/Predicate;Ljava/lang/Object;)Z> (0x00000000d5a41088) thrown at [C:\src\AOSP-openjdk-git\hotspot\src\share\vm\interpreter\linkResolver.cpp, line 620]
Event: 1.811 Thread 0x000000001aa1b800 Exception <a 'java/lang/IncompatibleClassChangeError': Found class java.lang.Object, but interface was expected> (0x00000000d5a513a8) thrown at [C:\src\AOSP-openjdk-git\hotspot\src\share\vm\interpreter\linkResolver.cpp, line 653]
Event: 1.813 Thread 0x000000001aa1b800 Exception <a 'java/lang/NoSuchMethodError': java.lang.Object.lambda$or$2(Ljava/util/function/Predicate;Ljava/lang/Object;)Z> (0x00000000d5a55ef8) thrown at [C:\src\AOSP-openjdk-git\hotspot\src\share\vm\interpreter\linkResolver.cpp, line 620]
Event: 1.925 Thread 0x000000001aa1b800 Exception <a 'java/lang/NoSuchMethodError': java.lang.Object.lambda$static$0(Lorg/gradle/internal/state/ModelObject;)Ljava/lang/String;> (0x00000000d724f1c8) thrown at [C:\src\AOSP-openjdk-git\hotspot\src\share\vm\interpreter\linkResolver.cpp, line 620]

Events (10 events):
Event: 1.942 loading class com/google/common/base/CharMatcher$NegatedFastMatcher
Event: 1.942 loading class com/google/common/base/CharMatcher$NegatedFastMatcher done
Event: 1.942 loading class com/google/common/base/CharMatcher$BitSetMatcher
Event: 1.942 loading class com/google/common/base/CharMatcher$BitSetMatcher done
Event: 1.942 loading class com/google/common/base/Splitter$1
Event: 1.942 loading class com/google/common/base/Splitter$1 done
Event: 1.943 loading class com/google/common/base/Splitter$SplittingIterator
Event: 1.943 loading class com/google/common/base/Splitter$SplittingIterator done
Event: 1.943 loading class com/google/common/base/AbstractIterator
Event: 1.943 loading class com/google/common/base/AbstractIterator done


Dynamic libraries:
0x00007ff730f10000 - 0x00007ff730f41000 	C:\Program Files\Android\Android Studio\jre\bin\java.exe
0x00007ffd72f00000 - 0x00007ffd730f0000 	C:\Windows\SYSTEM32\ntdll.dll
0x00007ffd72720000 - 0x00007ffd727d2000 	C:\Windows\System32\KERNEL32.DLL
0x00007ffd70210000 - 0x00007ffd704b5000 	C:\Windows\System32\KERNELBASE.dll
0x00007ffd71180000 - 0x00007ffd71223000 	C:\Windows\System32\ADVAPI32.dll
0x00007ffd715d0000 - 0x00007ffd7166e000 	C:\Windows\System32\msvcrt.dll
0x00007ffd71230000 - 0x00007ffd712c7000 	C:\Windows\System32\sechost.dll
0x00007ffd71b20000 - 0x00007ffd71c40000 	C:\Windows\System32\RPCRT4.dll
0x00007ffd72d20000 - 0x00007ffd72eb4000 	C:\Windows\System32\USER32.dll
0x00007ffd70000000 - 0x00007ffd70021000 	C:\Windows\System32\win32u.dll
0x00007ffd71a90000 - 0x00007ffd71ab6000 	C:\Windows\System32\GDI32.dll
0x00007ffd70d70000 - 0x00007ffd70f06000 	C:\Windows\System32\gdi32full.dll
0x00007ffd70f10000 - 0x00007ffd70fae000 	C:\Windows\System32\msvcp_win.dll
0x00007ffd70c70000 - 0x00007ffd70d6a000 	C:\Windows\System32\ucrtbase.dll
0x00007ffd5d750000 - 0x00007ffd5d9d4000 	C:\Windows\WinSxS\amd64_microsoft.windows.common-controls_6595b64144ccf1df_6.0.18362.1256_none_9e7e379be45e40e2\COMCTL32.dll
0x00007ffd71c40000 - 0x00007ffd71f76000 	C:\Windows\System32\combase.dll
0x00007ffd70180000 - 0x00007ffd70201000 	C:\Windows\System32\bcryptPrimitives.dll
0x00007ffd70fb0000 - 0x00007ffd70fde000 	C:\Windows\System32\IMM32.DLL
0x00000000522e0000 - 0x00000000523b2000 	C:\Program Files\Android\Android Studio\jre\jre\bin\msvcr100.dll
0x0000000052d10000 - 0x000000005355b000 	C:\Program Files\Android\Android Studio\jre\jre\bin\server\jvm.dll
0x00007ffd710f0000 - 0x00007ffd710f8000 	C:\Windows\System32\PSAPI.DLL
0x00007ffd68fb0000 - 0x00007ffd68fb9000 	C:\Windows\SYSTEM32\WSOCK32.dll
0x00007ffd71740000 - 0x00007ffd717af000 	C:\Windows\System32\WS2_32.dll
0x00007ffd6e890000 - 0x00007ffd6e89a000 	C:\Windows\SYSTEM32\VERSION.dll
0x00007ffd5bb80000 - 0x00007ffd5bba4000 	C:\Windows\SYSTEM32\WINMM.dll
0x00007ffd5bb40000 - 0x00007ffd5bb6d000 	C:\Windows\SYSTEM32\winmmbase.dll
0x00007ffd6ffb0000 - 0x00007ffd6fffa000 	C:\Windows\System32\cfgmgr32.dll
0x00007ffd53d90000 - 0x00007ffd53d9f000 	C:\Program Files\Android\Android Studio\jre\jre\bin\verify.dll
0x00007ffd47420000 - 0x00007ffd47449000 	C:\Program Files\Android\Android Studio\jre\jre\bin\java.dll
0x00007ffd53d70000 - 0x00007ffd53d86000 	C:\Program Files\Android\Android Studio\jre\jre\bin\zip.dll
0x00007ffd71f80000 - 0x00007ffd72667000 	C:\Windows\System32\SHELL32.dll
0x00007ffd72670000 - 0x00007ffd72719000 	C:\Windows\System32\shcore.dll
0x00007ffd704e0000 - 0x00007ffd70c61000 	C:\Windows\System32\windows.storage.dll
0x00007ffd6fdd0000 - 0x00007ffd6fdf3000 	C:\Windows\System32\profapi.dll
0x00007ffd6fe20000 - 0x00007ffd6fe6a000 	C:\Windows\System32\powrprof.dll
0x00007ffd6fda0000 - 0x00007ffd6fdb0000 	C:\Windows\System32\UMPDC.dll
0x00007ffd717b0000 - 0x00007ffd71802000 	C:\Windows\System32\shlwapi.dll
0x00007ffd6fdb0000 - 0x00007ffd6fdc1000 	C:\Windows\System32\kernel.appcore.dll
0x00007ffd704c0000 - 0x00007ffd704d7000 	C:\Windows\System32\cryptsp.dll
0x00007ffd47400000 - 0x00007ffd4741a000 	C:\Program Files\Android\Android Studio\jre\jre\bin\net.dll
0x00007ffd6f5f0000 - 0x00007ffd6f657000 	C:\Windows\system32\mswsock.dll
0x00007ffd40070000 - 0x00007ffd40083000 	C:\Program Files\Android\Android Studio\jre\jre\bin\nio.dll
0x00007ffd40710000 - 0x00007ffd40737000 	C:\Users\Apolo\.gradle\native\f6784746aeab05261644944871eae4fe03e0ef1612fff0a4a95f87b438bc6780\windows-amd64\native-platform.dll
0x00007ffd4ba40000 - 0x00007ffd4ba4d000 	C:\Program Files\Android\Android Studio\jre\jre\bin\management.dll
0x00007ffd6f160000 - 0x00007ffd6f193000 	C:\Windows\system32\rsaenh.dll
0x00007ffd6ff80000 - 0x00007ffd6ffa6000 	C:\Windows\System32\bcrypt.dll
0x00007ffd6fc80000 - 0x00007ffd6fca5000 	C:\Windows\SYSTEM32\USERENV.dll
0x00007ffd6f7c0000 - 0x00007ffd6f7cc000 	C:\Windows\SYSTEM32\CRYPTBASE.dll
0x00007ffd6f300000 - 0x00007ffd6f33a000 	C:\Windows\SYSTEM32\IPHLPAPI.DLL
0x00007ffd71410000 - 0x00007ffd71418000 	C:\Windows\System32\NSI.dll
0x00007ffd64000000 - 0x00007ffd64016000 	C:\Windows\SYSTEM32\dhcpcsvc6.DLL
0x00007ffd65ad0000 - 0x00007ffd65aec000 	C:\Windows\SYSTEM32\dhcpcsvc.DLL
0x00007ffd6f340000 - 0x00007ffd6f40b000 	C:\Windows\SYSTEM32\DNSAPI.dll
0x00007ffd661f0000 - 0x00007ffd661fb000 	C:\Windows\SYSTEM32\WINNSI.DLL

VM Arguments:
jvm_args: -Xmx2048m -Dfile.encoding=UTF-8 -Duser.country=ES -Duser.language=es -Duser.variant 
java_command: org.gradle.launcher.daemon.bootstrap.GradleDaemon 6.5
java_class_path (initial): C:\Users\Apolo\.gradle\wrapper\dists\gradle-6.5-bin\6nifqtx7604sqp1q6g8wikw7p\gradle-6.5\lib\gradle-launcher-6.5.jar
Launcher Type: SUN_STANDARD

Environment Variables:
PATH=C:\Program Files\Common Files\Oracle\Java\javapath;C:\Program Files (x86)\Common Files\Oracle\Java\javapath;C:\orant\bin;C:\Windows\system32;C:\Windows;C:\Windows\System32\Wbem;C:\Windows\System32\WindowsPowerShell\v1.0\;C:\Windows\System32\OpenSSH\;C:\orant\jdk\bin;C:\Program Files (x86)\Intel\Intel(R) Memory And Storage Tool\;C:\Program Files\Git\cmd;C:\Users\Apolo\AppData\Local\Microsoft\WindowsApps;
USERNAME=Apolo
OS=Windows_NT
PROCESSOR_IDENTIFIER=Intel64 Family 6 Model 126 Stepping 5, GenuineIntel



---------------  S Y S T E M  ---------------

OS: Windows 10.0 , 64 bit Build 18362 (10.0.18362.1110)

CPU:total 8 (initial active 8) (4 cores per cpu, 2 threads per core) family 6 model 126 stepping 5, cmov, cx8, fxsr, mmx, sse, sse2, sse3, ssse3, sse4.1, sse4.2, popcnt, avx, avx2, aes, clmul, erms, 3dnowpref, lzcnt, ht, tsc, tscinvbit, bmi1, bmi2, adx

Memory: 4k page, physical 8165048k(1189312k free), swap 11736884k(5180k free)

vm_info: OpenJDK 64-Bit Server VM (25.242-b01) for windows-amd64 JRE (1.8.0_242-release-1644-b01), built by "builder" with MS VC++ 10.0 (VS2010)

time: Tue Dec 15 10:21:12 2020
timezone: Hora de verano de Paraguay
elapsed time: 1 seconds (0d 0h 0m 1s)

