#
# There is insufficient memory for the Java Runtime Environment to continue.
# Native memory allocation (malloc) failed to allocate 32744 bytes for ChunkPool::allocate
# Possible reasons:
#   The system is out of physical RAM or swap space
#   The process is running with CompressedOops enabled, and the Java Heap may be blocking the growth of the native heap
# Possible solutions:
#   Reduce memory load on the system
#   Increase physical memory or swap space
#   Check if swap backing store is full
#   Decrease Java heap size (-Xmx/-Xms)
#   Decrease number of Java threads
#   Decrease Java thread stack sizes (-Xss)
#   Set larger code cache with -XX:ReservedCodeCacheSize=
#   JVM is running with Unscaled Compressed Oops mode in which the Java heap is
#     placed in the first 4GB address space. The Java Heap base address is the
#     maximum limit for the native heap growth. Please use -XX:HeapBaseMinAddress
#     to set the Java Heap base and to place the Java Heap above 4GB virtual address.
# This output file may be truncated or incomplete.
#
#  Out of Memory Error (allocation.cpp:272), pid=6368, tid=0x000000000000302c
#
# JRE version: OpenJDK Runtime Environment (8.0_242-b01) (build 1.8.0_242-release-1644-b01)
# Java VM: OpenJDK 64-Bit Server VM (25.242-b01 mixed mode windows-amd64 compressed oops)
# Failed to write core dump. Minidumps are not enabled by default on client versions of Windows
#

---------------  T H R E A D  ---------------

Current thread (0x000000001bdb9000):  JavaThread "Daemon worker" [_thread_in_vm, id=12332, stack(0x000000001e570000,0x000000001e670000)]

Stack: [0x000000001e570000,0x000000001e670000]
[error occurred during error reporting (printing stack bounds), id 0xc0000005]

Native frames: (J=compiled Java code, j=interpreted, Vv=VM code, C=native code)

Java frames: (J=compiled Java code, j=interpreted, Vv=VM code)
J 735  java.lang.ClassLoader.defineClass1(Ljava/lang/String;[BIILjava/security/ProtectionDomain;Ljava/lang/String;)Ljava/lang/Class; (0 bytes) @ 0x000000000329481f [0x0000000003294780+0x9f]
J 644 C1 java.lang.ClassLoader.defineClass(Ljava/lang/String;[BIILjava/security/ProtectionDomain;)Ljava/lang/Class; (43 bytes) @ 0x000000000324b7a4 [0x000000000324b1c0+0x5e4]
J 580 C1 java.net.URLClassLoader.defineClass(Ljava/lang/String;Lsun/misc/Resource;)Ljava/lang/Class; (142 bytes) @ 0x0000000003225624 [0x0000000003223ac0+0x1b64]
J 495 C1 java.net.URLClassLoader$1.run()Ljava/lang/Class; (63 bytes) @ 0x00000000031cc554 [0x00000000031cc2a0+0x2b4]
J 494 C1 java.net.URLClassLoader$1.run()Ljava/lang/Object; (5 bytes) @ 0x00000000031cbf0c [0x00000000031cbe80+0x8c]
v  ~StubRoutines::call_stub
J 423  java.security.AccessController.doPrivileged(Ljava/security/PrivilegedExceptionAction;Ljava/security/AccessControlContext;)Ljava/lang/Object; (0 bytes) @ 0x00000000031a7926 [0x00000000031a78c0+0x66]
J 1425 C2 java.net.URLClassLoader.findClass(Ljava/lang/String;)Ljava/lang/Class; (47 bytes) @ 0x00000000034a5ef0 [0x00000000034a5e60+0x90]
J 1513 C1 org.gradle.internal.classloader.TransformingClassLoader.findClass(Ljava/lang/String;)Ljava/lang/Class; (203 bytes) @ 0x00000000034ed1c4 [0x00000000034eb940+0x1884]
J 1388 C2 java.lang.ClassLoader.loadClass(Ljava/lang/String;Z)Ljava/lang/Class; (122 bytes) @ 0x000000000349f960 [0x000000000349e940+0x1020]
J 449 C1 java.lang.ClassLoader.loadClass(Ljava/lang/String;)Ljava/lang/Class; (7 bytes) @ 0x00000000031af9cc [0x00000000031af8c0+0x10c]
v  ~StubRoutines::call_stub
j  java.lang.Class.getDeclaredMethods0(Z)[Ljava/lang/reflect/Method;+0
J 1296 C1 java.lang.Class.privateGetDeclaredMethods(Z)[Ljava/lang/reflect/Method; (67 bytes) @ 0x000000000343dc9c [0x000000000343d980+0x31c]
j  java.lang.Class.getDeclaredMethods()[Ljava/lang/reflect/Method;+11
j  org.gradle.internal.service.RelevantMethodsBuilder.<init>(Ljava/lang/Class;)V+83
j  org.gradle.internal.service.RelevantMethods.buildRelevantMethods(Ljava/lang/Class;)Lorg/gradle/internal/service/RelevantMethods;+5
j  org.gradle.internal.service.RelevantMethods.getMethods(Ljava/lang/Class;)Lorg/gradle/internal/service/RelevantMethods;+18
j  org.gradle.internal.service.DefaultServiceRegistry.findProviderMethods(Ljava/lang/Object;)V+6
j  org.gradle.internal.service.DefaultServiceRegistry.addProvider(Ljava/lang/Object;)Lorg/gradle/internal/service/DefaultServiceRegistry;+6
j  org.gradle.internal.service.DefaultServiceRegistry$1.addProvider(Ljava/lang/Object;)V+5
j  org.gradle.api.internal.artifacts.DependencyServices.registerBuildServices(Lorg/gradle/internal/service/ServiceRegistration;)V+8
j  org.gradle.internal.service.scopes.BuildScopeServices.lambda$new$0(Lorg/gradle/internal/service/ServiceRegistry;Lorg/gradle/internal/service/ServiceRegistration;)V+59
j  org.gradle.internal.service.scopes.BuildScopeServices$$Lambda$33.execute(Ljava/lang/Object;)V+8
j  org.gradle.internal.service.DefaultServiceRegistry.register(Lorg/gradle/api/Action;)V+9
j  org.gradle.internal.service.scopes.BuildScopeServices.<init>(Lorg/gradle/internal/service/ServiceRegistry;)V+31
j  org.gradle.initialization.DefaultGradleLauncherFactory.doNewInstance(Lorg/gradle/api/internal/BuildDefinition;Lorg/gradle/internal/build/BuildState;Lorg/gradle/initialization/GradleLauncher;Lorg/gradle/internal/service/scopes/BuildTreeScopeServices;Ljava/util/List;)Lorg/gradle/initialization/DefaultGradleLauncher;+6
j  org.gradle.initialization.DefaultGradleLauncherFactory.newInstance(Lorg/gradle/api/internal/BuildDefinition;Lorg/gradle/internal/build/RootBuildState;Lorg/gradle/internal/service/scopes/BuildTreeScopeServices;)Lorg/gradle/initialization/GradleLauncher;+33
j  org.gradle.composite.internal.DefaultRootBuildState.<init>(Lorg/gradle/api/internal/BuildDefinition;Lorg/gradle/initialization/GradleLauncherFactory;Lorg/gradle/internal/event/ListenerManager;Lorg/gradle/internal/service/scopes/BuildTreeScopeServices;)V+15
j  org.gradle.composite.internal.DefaultIncludedBuildRegistry.createRootBuild(Lorg/gradle/api/internal/BuildDefinition;)Lorg/gradle/internal/build/RootBuildState;+35
j  org.gradle.launcher.exec.InProcessBuildActionExecuter.execute(Lorg/gradle/internal/invocation/BuildAction;Lorg/gradle/initialization/BuildRequestContext;Lorg/gradle/launcher/exec/BuildActionParameters;Lorg/gradle/internal/service/ServiceRegistry;)Lorg/gradle/launcher/exec/BuildActionResult;+61
j  org.gradle.launcher.exec.InProcessBuildActionExecuter.execute(Lorg/gradle/internal/invocation/BuildAction;Lorg/gradle/initialization/BuildRequestContext;Ljava/lang/Object;Lorg/gradle/internal/service/ServiceRegistry;)Lorg/gradle/launcher/exec/BuildActionResult;+9
j  org.gradle.launcher.exec.BuildTreeScopeBuildActionExecuter.execute(Lorg/gradle/internal/invocation/BuildAction;Lorg/gradle/initialization/BuildRequestContext;Lorg/gradle/launcher/exec/BuildActionParameters;Lorg/gradle/internal/service/ServiceRegistry;)Lorg/gradle/launcher/exec/BuildActionResult;+38
j  org.gradle.launcher.exec.BuildTreeScopeBuildActionExecuter.execute(Lorg/gradle/internal/invocation/BuildAction;Lorg/gradle/initialization/BuildRequestContext;Ljava/lang/Object;Lorg/gradle/internal/service/ServiceRegistry;)Lorg/gradle/launcher/exec/BuildActionResult;+9
j  org.gradle.tooling.internal.provider.ContinuousBuildActionExecuter.execute(Lorg/gradle/internal/invocation/BuildAction;Lorg/gradle/initialization/BuildRequestContext;Lorg/gradle/launcher/exec/BuildActionParameters;Lorg/gradle/internal/service/ServiceRegistry;)Lorg/gradle/launcher/exec/BuildActionResult;+58
j  org.gradle.tooling.internal.provider.ContinuousBuildActionExecuter.execute(Lorg/gradle/internal/invocation/BuildAction;Lorg/gradle/initialization/BuildRequestContext;Ljava/lang/Object;Lorg/gradle/internal/service/ServiceRegistry;)Lorg/gradle/launcher/exec/BuildActionResult;+9
j  org.gradle.tooling.internal.provider.SubscribableBuildActionExecuter.execute(Lorg/gradle/internal/invocation/BuildAction;Lorg/gradle/initialization/BuildRequestContext;Lorg/gradle/launcher/exec/BuildActionParameters;Lorg/gradle/internal/service/ServiceRegistry;)Lorg/gradle/launcher/exec/BuildActionResult;+41
j  org.gradle.tooling.internal.provider.SubscribableBuildActionExecuter.execute(Lorg/gradle/internal/invocation/BuildAction;Lorg/gradle/initialization/BuildRequestContext;Ljava/lang/Object;Lorg/gradle/internal/service/ServiceRegistry;)Lorg/gradle/launcher/exec/BuildActionResult;+9
j  org.gradle.tooling.internal.provider.SessionScopeBuildActionExecuter.execute(Lorg/gradle/internal/invocation/BuildAction;Lorg/gradle/initialization/BuildRequestContext;Lorg/gradle/launcher/exec/BuildActionParameters;Lorg/gradle/internal/service/ServiceRegistry;)Lorg/gradle/launcher/exec/BuildActionResult;+117
j  org.gradle.tooling.internal.provider.SessionScopeBuildActionExecuter.execute(Lorg/gradle/internal/invocation/BuildAction;Lorg/gradle/initialization/BuildRequestContext;Ljava/lang/Object;Lorg/gradle/internal/service/ServiceRegistry;)Lorg/gradle/launcher/exec/BuildActionResult;+9
j  org.gradle.tooling.internal.provider.GradleThreadBuildActionExecuter.execute(Lorg/gradle/internal/invocation/BuildAction;Lorg/gradle/initialization/BuildRequestContext;Lorg/gradle/launcher/exec/BuildActionParameters;Lorg/gradle/internal/service/ServiceRegistry;)Lorg/gradle/launcher/exec/BuildActionResult;+12
j  org.gradle.tooling.internal.provider.GradleThreadBuildActionExecuter.execute(Lorg/gradle/internal/invocation/BuildAction;Lorg/gradle/initialization/BuildRequestContext;Ljava/lang/Object;Lorg/gradle/internal/service/ServiceRegistry;)Lorg/gradle/launcher/exec/BuildActionResult;+9
j  org.gradle.tooling.internal.provider.StartParamsValidatingActionExecuter.execute(Lorg/gradle/internal/invocation/BuildAction;Lorg/gradle/initialization/BuildRequestContext;Lorg/gradle/launcher/exec/BuildActionParameters;Lorg/gradle/internal/service/ServiceRegistry;)Lorg/gradle/launcher/exec/BuildActionResult;+177
j  org.gradle.tooling.internal.provider.StartParamsValidatingActionExecuter.execute(Lorg/gradle/internal/invocation/BuildAction;Lorg/gradle/initialization/BuildRequestContext;Ljava/lang/Object;Lorg/gradle/internal/service/ServiceRegistry;)Lorg/gradle/launcher/exec/BuildActionResult;+9
j  org.gradle.tooling.internal.provider.SessionFailureReportingActionExecuter.execute(Lorg/gradle/internal/invocation/BuildAction;Lorg/gradle/initialization/BuildRequestContext;Lorg/gradle/launcher/exec/BuildActionParameters;Lorg/gradle/internal/service/ServiceRegistry;)Lorg/gradle/launcher/exec/BuildActionResult;+9
j  org.gradle.tooling.internal.provider.SessionFailureReportingActionExecuter.execute(Lorg/gradle/internal/invocation/BuildAction;Lorg/gradle/initialization/BuildRequestContext;Ljava/lang/Object;Lorg/gradle/internal/service/ServiceRegistry;)Lorg/gradle/launcher/exec/BuildActionResult;+9
j  org.gradle.tooling.internal.provider.SetupLoggingActionExecuter.execute(Lorg/gradle/internal/invocation/BuildAction;Lorg/gradle/initialization/BuildRequestContext;Lorg/gradle/launcher/exec/BuildActionParameters;Lorg/gradle/internal/service/ServiceRegistry;)Lorg/gradle/launcher/exec/BuildActionResult;+52
j  org.gradle.tooling.internal.provider.SetupLoggingActionExecuter.execute(Lorg/gradle/internal/invocation/BuildAction;Lorg/gradle/initialization/BuildRequestContext;Ljava/lang/Object;Lorg/gradle/internal/service/ServiceRegistry;)Lorg/gradle/launcher/exec/BuildActionResult;+9
j  org.gradle.launcher.daemon.server.exec.ExecuteBuild.doBuild(Lorg/gradle/launcher/daemon/server/api/DaemonCommandExecution;Lorg/gradle/launcher/daemon/protocol/Build;)V+118
j  org.gradle.launcher.daemon.server.exec.BuildCommandOnly.execute(Lorg/gradle/launcher/daemon/server/api/DaemonCommandExecution;)V+49
j  org.gradle.launcher.daemon.server.api.DaemonCommandExecution.proceed()Z+23
j  org.gradle.launcher.daemon.server.exec.WatchForDisconnection.execute(Lorg/gradle/launcher/daemon/server/api/DaemonCommandExecution;)V+19
j  org.gradle.launcher.daemon.server.api.DaemonCommandExecution.proceed()Z+23
j  org.gradle.launcher.daemon.server.exec.ResetDeprecationLogger.execute(Lorg/gradle/launcher/daemon/server/api/DaemonCommandExecution;)V+7
j  org.gradle.launcher.daemon.server.api.DaemonCommandExecution.proceed()Z+23
j  org.gradle.launcher.daemon.server.exec.RequestStopIfSingleUsedDaemon.execute(Lorg/gradle/launcher/daemon/server/api/DaemonCommandExecution;)V+33
j  org.gradle.launcher.daemon.server.api.DaemonCommandExecution.proceed()Z+23
j  org.gradle.launcher.daemon.server.exec.ForwardClientInput$2.create()Ljava/lang/Void;+4
j  org.gradle.launcher.daemon.server.exec.ForwardClientInput$2.create()Ljava/lang/Object;+1
j  org.gradle.util.Swapper.swap(Ljava/lang/Object;Lorg/gradle/internal/Factory;)Ljava/lang/Object;+21
j  org.gradle.launcher.daemon.server.exec.ForwardClientInput.execute(Lorg/gradle/launcher/daemon/server/api/DaemonCommandExecution;)V+63
j  org.gradle.launcher.daemon.server.api.DaemonCommandExecution.proceed()Z+23
j  org.gradle.launcher.daemon.server.exec.LogAndCheckHealth.execute(Lorg/gradle/launcher/daemon/server/api/DaemonCommandExecution;)V+28
j  org.gradle.launcher.daemon.server.api.DaemonCommandExecution.proceed()Z+23
j  org.gradle.launcher.daemon.server.exec.LogToClient.doBuild(Lorg/gradle/launcher/daemon/server/api/DaemonCommandExecution;Lorg/gradle/launcher/daemon/protocol/Build;)V+87
j  org.gradle.launcher.daemon.server.exec.BuildCommandOnly.execute(Lorg/gradle/launcher/daemon/server/api/DaemonCommandExecution;)V+49
j  org.gradle.launcher.daemon.server.api.DaemonCommandExecution.proceed()Z+23
j  org.gradle.launcher.daemon.server.exec.EstablishBuildEnvironment.doBuild(Lorg/gradle/launcher/daemon/server/api/DaemonCommandExecution;Lorg/gradle/launcher/daemon/protocol/Build;)V+351
j  org.gradle.launcher.daemon.server.exec.BuildCommandOnly.execute(Lorg/gradle/launcher/daemon/server/api/DaemonCommandExecution;)V+49
j  org.gradle.launcher.daemon.server.api.DaemonCommandExecution.proceed()Z+23
j  org.gradle.launcher.daemon.server.exec.StartBuildOrRespondWithBusy$1.run()V+44
j  org.gradle.launcher.daemon.server.DaemonStateCoordinator$1.run()V+4
j  org.gradle.internal.concurrent.ExecutorPolicy$CatchAndRecordFailures.onExecute(Ljava/lang/Runnable;)V+1
j  org.gradle.internal.concurrent.ManagedExecutorImpl$1.run()V+25
j  java.util.concurrent.ThreadPoolExecutor.runWorker(Ljava/util/concurrent/ThreadPoolExecutor$Worker;)V+95
j  java.util.concurrent.ThreadPoolExecutor$Worker.run()V+5
j  org.gradle.internal.concurrent.ThreadFactoryImpl$ManagedThreadRunnable.run()V+7
j  java.lang.Thread.run()V+11
v  ~StubRoutines::call_stub

---------------  P R O C E S S  ---------------

Java Threads: ( => current thread )
  0x000000001c9c6000 JavaThread "Cache worker for file hash cache (C:\Users\Apolo\.gradle\caches\6.5\fileHashes)" [_thread_blocked, id=9276, stack(0x000000001fd40000,0x000000001fe40000)]
  0x000000001c9c0000 JavaThread "File lock request listener" [_thread_in_native, id=18004, stack(0x000000001ec70000,0x000000001ed70000)]
  0x000000001b60d000 JavaThread "Cache worker for journal cache (C:\Users\Apolo\.gradle\caches\journal-1)" [_thread_blocked, id=20584, stack(0x000000001eb70000,0x000000001ec70000)]
  0x000000001b9a3800 JavaThread "Thread-9" [_thread_blocked, id=19688, stack(0x000000001e870000,0x000000001e970000)]
  0x000000001c1f1800 JavaThread "Stdin handler" [_thread_blocked, id=19896, stack(0x000000001e770000,0x000000001e870000)]
  0x000000001c1f0000 JavaThread "Asynchronous log dispatcher for DefaultDaemonConnection: socket connection from /127.0.0.1:56544 to /127.0.0.1:56545" [_thread_blocked, id=10596, stack(0x000000001e670000,0x000000001e770000)]
=>0x000000001bdb9000 JavaThread "Daemon worker" [_thread_in_vm, id=12332, stack(0x000000001e570000,0x000000001e670000)]
  0x000000001bdb7800 JavaThread "Cancel handler" [_thread_blocked, id=3004, stack(0x000000001e470000,0x000000001e570000)]
  0x000000001c982800 JavaThread "Handler for socket connection from /127.0.0.1:56544 to /127.0.0.1:56545" [_thread_in_native, id=21216, stack(0x000000001e370000,0x000000001e470000)]
  0x000000001c972800 JavaThread "Daemon" [_thread_blocked, id=3404, stack(0x000000001e270000,0x000000001e370000)]
  0x000000001c964800 JavaThread "Daemon periodic checks" [_thread_blocked, id=12340, stack(0x000000001df70000,0x000000001e070000)]
  0x000000001c893000 JavaThread "Incoming local TCP Connector on port 56544" [_thread_in_native, id=15924, stack(0x000000001dd00000,0x000000001de00000)]
  0x000000001ad8a000 JavaThread "Daemon health stats" [_thread_blocked, id=19512, stack(0x000000001d6c0000,0x000000001d7c0000)]
  0x0000000019ec0000 JavaThread "Service Thread" daemon [_thread_blocked, id=18388, stack(0x000000001ab20000,0x000000001ac20000)]
  0x0000000019e3d800 JavaThread "C1 CompilerThread3" daemon [_thread_blocked, id=17956, stack(0x000000001aa20000,0x000000001ab20000)]
  0x0000000019e39800 JavaThread "C2 CompilerThread2" daemon [_thread_in_native, id=18196, stack(0x000000001a920000,0x000000001aa20000)]
  0x000000001803c800 JavaThread "C2 CompilerThread1" daemon [_thread_in_native, id=18788, stack(0x000000001a820000,0x000000001a920000)]
  0x000000001803a000 JavaThread "C2 CompilerThread0" daemon [_thread_blocked, id=10396, stack(0x000000001a720000,0x000000001a820000)]
  0x0000000019e33800 JavaThread "Attach Listener" daemon [_thread_blocked, id=10292, stack(0x000000001a620000,0x000000001a720000)]
  0x0000000019e36000 JavaThread "Signal Dispatcher" daemon [_thread_blocked, id=15008, stack(0x000000001a520000,0x000000001a620000)]
  0x0000000019e20800 JavaThread "Finalizer" daemon [_thread_blocked, id=12180, stack(0x000000001a300000,0x000000001a400000)]
  0x000000001802c800 JavaThread "Reference Handler" daemon [_thread_blocked, id=21348, stack(0x000000001a200000,0x000000001a300000)]
  0x000000000160d800 JavaThread "main" [_thread_blocked, id=12972, stack(0x0000000002dc0000,0x0000000002ec0000)]

Other Threads:
  0x0000000018028000 VMThread [stack: 0x0000000019d00000,0x0000000019e00000] [id=20208]
  0x0000000019ec2800 WatcherThread [stack: 0x000000001ac20000,0x000000001ad20000] [id=13064]

VM state:not at safepoint (normal execution)

VM Mutex/Monitor currently owned by a thread: None

heap address: 0x0000000080000000, size: 2048 MB, Compressed Oops mode: 32-bit
Narrow klass base: 0x0000000000000000, Narrow klass shift: 3
Compressed class space size: 1073741824 Address: 0x0000000100000000

Heap:
 PSYoungGen      total 37888K, used 22708K [0x00000000d5580000, 0x00000000d9f80000, 0x0000000100000000)
  eden space 32768K, 53% used [0x00000000d5580000,0x00000000d66b14b8,0x00000000d7580000)
  from space 5120K, 99% used [0x00000000d7a80000,0x00000000d7f7bc40,0x00000000d7f80000)
  to   space 5120K, 0% used [0x00000000d7580000,0x00000000d7580000,0x00000000d7a80000)
 ParOldGen       total 86016K, used 3414K [0x0000000080000000, 0x0000000085400000, 0x00000000d5580000)
  object space 86016K, 3% used [0x0000000080000000,0x0000000080355be8,0x0000000085400000)
 Metaspace       used 16663K, capacity 17352K, committed 17664K, reserved 1064960K
  class space    used 2236K, capacity 2436K, committed 2560K, reserved 1048576K

Card table byte_map: [0x0000000012380000,0x0000000012790000] byte_map_base: 0x0000000011f80000

Marking Bits: (ParMarkBitMap*) 0x00000000534df030
 Begin Bits: [0x0000000013240000, 0x0000000015240000)
 End Bits:   [0x0000000015240000, 0x0000000017240000)

Polling page: 0x00000000010b0000

CodeCache: size=245760Kb used=5302Kb max_used=5302Kb free=240457Kb
 bounds [0x0000000002fc0000, 0x0000000003500000, 0x0000000011fc0000]
 total_blobs=1909 nmethods=1510 adapters=312
 compilation: enabled

Compilation events (10 events):
Event: 1.821 Thread 0x0000000019e3d800 1511       3       jdk.internal.org.objectweb.asm.Frame::<init> (5 bytes)
Event: 1.822 Thread 0x0000000019e3d800 nmethod 1511 0x00000000034e8e50 code [0x00000000034e8fa0, 0x00000000034e9150]
Event: 1.826 Thread 0x0000000019e3d800 1512       1       sun.reflect.generics.repository.AbstractRepository::getFactory (5 bytes)
Event: 1.826 Thread 0x0000000019e3d800 nmethod 1512 0x00000000034e1b10 code [0x00000000034e1c60, 0x00000000034e1d70]
Event: 1.831 Thread 0x0000000019e3d800 1513   !   3       org.gradle.internal.classloader.TransformingClassLoader::findClass (203 bytes)
Event: 1.833 Thread 0x0000000019e3d800 nmethod 1513 0x00000000034eb490 code [0x00000000034eb940, 0x00000000034ee6f8]
Event: 1.833 Thread 0x0000000019e3d800 1514       3       org.gradle.initialization.MixInLegacyTypesClassLoader::shouldTransform (42 bytes)
Event: 1.833 Thread 0x0000000019e3d800 nmethod 1514 0x00000000034e86d0 code [0x00000000034e8860, 0x00000000034e8cb8]
Event: 1.837 Thread 0x0000000019e3d800 1515       3       java.lang.Package::<init> (56 bytes)
Event: 1.838 Thread 0x0000000019e3d800 nmethod 1515 0x00000000034f0350 code [0x00000000034f04a0, 0x00000000034f0710]

GC Heap History (8 events):
Event: 0.530 GC heap before
{Heap before GC invocations=1 (full 0):
 PSYoungGen      total 37888K, used 32768K [0x00000000d5580000, 0x00000000d7f80000, 0x0000000100000000)
  eden space 32768K, 100% used [0x00000000d5580000,0x00000000d7580000,0x00000000d7580000)
  from space 5120K, 0% used [0x00000000d7a80000,0x00000000d7a80000,0x00000000d7f80000)
  to   space 5120K, 0% used [0x00000000d7580000,0x00000000d7580000,0x00000000d7a80000)
 ParOldGen       total 86016K, used 0K [0x0000000080000000, 0x0000000085400000, 0x00000000d5580000)
  object space 86016K, 0% used [0x0000000080000000,0x0000000080000000,0x0000000085400000)
 Metaspace       used 7534K, capacity 7850K, committed 8064K, reserved 1056768K
  class space    used 931K, capacity 1041K, committed 1152K, reserved 1048576K
Event: 0.534 GC heap after
Heap after GC invocations=1 (full 0):
 PSYoungGen      total 37888K, used 4606K [0x00000000d5580000, 0x00000000d7f80000, 0x0000000100000000)
  eden space 32768K, 0% used [0x00000000d5580000,0x00000000d5580000,0x00000000d7580000)
  from space 5120K, 89% used [0x00000000d7580000,0x00000000d79ff840,0x00000000d7a80000)
  to   space 5120K, 0% used [0x00000000d7a80000,0x00000000d7a80000,0x00000000d7f80000)
 ParOldGen       total 86016K, used 16K [0x0000000080000000, 0x0000000085400000, 0x00000000d5580000)
  object space 86016K, 0% used [0x0000000080000000,0x0000000080004000,0x0000000085400000)
 Metaspace       used 7534K, capacity 7850K, committed 8064K, reserved 1056768K
  class space    used 931K, capacity 1041K, committed 1152K, reserved 1048576K
}
Event: 0.728 GC heap before
{Heap before GC invocations=2 (full 0):
 PSYoungGen      total 37888K, used 37374K [0x00000000d5580000, 0x00000000d7f80000, 0x0000000100000000)
  eden space 32768K, 100% used [0x00000000d5580000,0x00000000d7580000,0x00000000d7580000)
  from space 5120K, 89% used [0x00000000d7580000,0x00000000d79ff840,0x00000000d7a80000)
  to   space 5120K, 0% used [0x00000000d7a80000,0x00000000d7a80000,0x00000000d7f80000)
 ParOldGen       total 86016K, used 16K [0x0000000080000000, 0x0000000085400000, 0x00000000d5580000)
  object space 86016K, 0% used [0x0000000080000000,0x0000000080004000,0x0000000085400000)
 Metaspace       used 7773K, capacity 8060K, committed 8320K, reserved 1056768K
  class space    used 952K, capacity 1047K, committed 1152K, reserved 1048576K
Event: 0.731 GC heap after
Heap after GC invocations=2 (full 0):
 PSYoungGen      total 37888K, used 3361K [0x00000000d5580000, 0x00000000d9f80000, 0x0000000100000000)
  eden space 32768K, 0% used [0x00000000d5580000,0x00000000d5580000,0x00000000d7580000)
  from space 5120K, 65% used [0x00000000d7a80000,0x00000000d7dc8608,0x00000000d7f80000)
  to   space 5120K, 0% used [0x00000000d7580000,0x00000000d7580000,0x00000000d7a80000)
 ParOldGen       total 86016K, used 24K [0x0000000080000000, 0x0000000085400000, 0x00000000d5580000)
  object space 86016K, 0% used [0x0000000080000000,0x0000000080006000,0x0000000085400000)
 Metaspace       used 7773K, capacity 8060K, committed 8320K, reserved 1056768K
  class space    used 952K, capacity 1047K, committed 1152K, reserved 1048576K
}
Event: 1.516 GC heap before
{Heap before GC invocations=3 (full 0):
 PSYoungGen      total 37888K, used 36129K [0x00000000d5580000, 0x00000000d9f80000, 0x0000000100000000)
  eden space 32768K, 100% used [0x00000000d5580000,0x00000000d7580000,0x00000000d7580000)
  from space 5120K, 65% used [0x00000000d7a80000,0x00000000d7dc8608,0x00000000d7f80000)
  to   space 5120K, 0% used [0x00000000d7580000,0x00000000d7580000,0x00000000d7a80000)
 ParOldGen       total 86016K, used 24K [0x0000000080000000, 0x0000000085400000, 0x00000000d5580000)
  object space 86016K, 0% used [0x0000000080000000,0x0000000080006000,0x0000000085400000)
 Metaspace       used 11953K, capacity 12318K, committed 12544K, reserved 1060864K
  class space    used 1587K, capacity 1691K, committed 1792K, reserved 1048576K
Event: 1.522 GC heap after
Heap after GC invocations=3 (full 0):
 PSYoungGen      total 37888K, used 5104K [0x00000000d5580000, 0x00000000d7f80000, 0x0000000100000000)
  eden space 32768K, 0% used [0x00000000d5580000,0x00000000d5580000,0x00000000d7580000)
  from space 5120K, 99% used [0x00000000d7580000,0x00000000d7a7c010,0x00000000d7a80000)
  to   space 5120K, 0% used [0x00000000d7a80000,0x00000000d7a80000,0x00000000d7f80000)
 ParOldGen       total 86016K, used 1033K [0x0000000080000000, 0x0000000085400000, 0x00000000d5580000)
  object space 86016K, 1% used [0x0000000080000000,0x0000000080102528,0x0000000085400000)
 Metaspace       used 11953K, capacity 12318K, committed 12544K, reserved 1060864K
  class space    used 1587K, capacity 1691K, committed 1792K, reserved 1048576K
}
Event: 1.723 GC heap before
{Heap before GC invocations=4 (full 0):
 PSYoungGen      total 37888K, used 37777K [0x00000000d5580000, 0x00000000d7f80000, 0x0000000100000000)
  eden space 32768K, 99% used [0x00000000d5580000,0x00000000d75687b0,0x00000000d7580000)
  from space 5120K, 99% used [0x00000000d7580000,0x00000000d7a7c010,0x00000000d7a80000)
  to   space 5120K, 0% used [0x00000000d7a80000,0x00000000d7a80000,0x00000000d7f80000)
 ParOldGen       total 86016K, used 1033K [0x0000000080000000, 0x0000000085400000, 0x00000000d5580000)
  object space 86016K, 1% used [0x0000000080000000,0x0000000080102528,0x0000000085400000)
 Metaspace       used 14643K, capacity 15234K, committed 15488K, reserved 1062912K
  class space    used 1998K, capacity 2157K, committed 2176K, reserved 1048576K
Event: 1.727 GC heap after
Heap after GC invocations=4 (full 0):
 PSYoungGen      total 37888K, used 5103K [0x00000000d5580000, 0x00000000d9f80000, 0x0000000100000000)
  eden space 32768K, 0% used [0x00000000d5580000,0x00000000d5580000,0x00000000d7580000)
  from space 5120K, 99% used [0x00000000d7a80000,0x00000000d7f7bc40,0x00000000d7f80000)
  to   space 5120K, 0% used [0x00000000d7580000,0x00000000d7580000,0x00000000d7a80000)
 ParOldGen       total 86016K, used 3414K [0x0000000080000000, 0x0000000085400000, 0x00000000d5580000)
  object space 86016K, 3% used [0x0000000080000000,0x0000000080355be8,0x0000000085400000)
 Metaspace       used 14643K, capacity 15234K, committed 15488K, reserved 1062912K
  class space    used 1998K, capacity 2157K, committed 2176K, reserved 1048576K
}

Deoptimization events (10 events):
Event: 1.542 Thread 0x000000001bdb9000 Uncommon trap: reason=bimorphic action=maybe_recompile pc=0x0000000003272cb8 method=java.util.HashMap.putVal(ILjava/lang/Object;Ljava/lang/Object;ZZ)Ljava/lang/Object; @ 253
Event: 1.542 Thread 0x000000001bdb9000 Uncommon trap: reason=bimorphic action=maybe_recompile pc=0x0000000003272cb8 method=java.util.HashMap.putVal(ILjava/lang/Object;Ljava/lang/Object;ZZ)Ljava/lang/Object; @ 253
Event: 1.542 Thread 0x000000001bdb9000 Uncommon trap: reason=bimorphic action=maybe_recompile pc=0x0000000003272cb8 method=java.util.HashMap.putVal(ILjava/lang/Object;Ljava/lang/Object;ZZ)Ljava/lang/Object; @ 253
Event: 1.542 Thread 0x000000001bdb9000 Uncommon trap: reason=bimorphic action=maybe_recompile pc=0x0000000003272cb8 method=java.util.HashMap.putVal(ILjava/lang/Object;Ljava/lang/Object;ZZ)Ljava/lang/Object; @ 253
Event: 1.673 Thread 0x000000001bdb9000 Uncommon trap: reason=class_check action=maybe_recompile pc=0x00000000032e9098 method=java.util.regex.Matcher.match(II)Z @ 86
Event: 1.673 Thread 0x000000001bdb9000 Uncommon trap: reason=class_check action=maybe_recompile pc=0x00000000032e9098 method=java.util.regex.Matcher.match(II)Z @ 86
Event: 1.673 Thread 0x000000001bdb9000 Uncommon trap: reason=class_check action=maybe_recompile pc=0x00000000032e9098 method=java.util.regex.Matcher.match(II)Z @ 86
Event: 1.673 Thread 0x000000001bdb9000 Uncommon trap: reason=class_check action=maybe_recompile pc=0x0000000003172e4c method=java.util.regex.Matcher.match(II)Z @ 86
Event: 1.753 Thread 0x000000001bdb9000 Uncommon trap: reason=unstable_if action=reinterpret pc=0x00000000032d79cc method=java.io.File.getName()Ljava/lang/String; @ 16
Event: 1.753 Thread 0x000000001bdb9000 Uncommon trap: reason=unstable_if action=reinterpret pc=0x00000000032cf31c method=java.lang.String.substring(I)Ljava/lang/String; @ 35

Classes redefined (0 events):
No events

Internal exceptions (10 events):
Event: 1.506 Thread 0x000000001c982800 Exception <a 'java/lang/NoSuchMethodError': <clinit>> (0x00000000d74d0e38) thrown at [C:\src\AOSP-openjdk-git\hotspot\src\share\vm\prims\jni.cpp, line 1615]
Event: 1.506 Thread 0x000000001c982800 Exception <a 'java/lang/NoSuchMethodError': <clinit>> (0x00000000d74da540) thrown at [C:\src\AOSP-openjdk-git\hotspot\src\share\vm\prims\jni.cpp, line 1615]
Event: 1.508 Thread 0x000000001c982800 Exception <a 'java/lang/NoSuchMethodError': <clinit>> (0x00000000d74eeb28) thrown at [C:\src\AOSP-openjdk-git\hotspot\src\share\vm\prims\jni.cpp, line 1615]
Event: 1.514 Thread 0x000000001c982800 Exception <a 'java/lang/NoSuchMethodError': <clinit>> (0x00000000d755bc70) thrown at [C:\src\AOSP-openjdk-git\hotspot\src\share\vm\prims\jni.cpp, line 1615]
Event: 1.523 Thread 0x000000001c982800 Exception <a 'java/lang/NoSuchMethodError': <clinit>> (0x00000000d5596158) thrown at [C:\src\AOSP-openjdk-git\hotspot\src\share\vm\prims\jni.cpp, line 1615]
Event: 1.526 Thread 0x000000001c982800 Exception <a 'java/lang/NoSuchMethodError': <clinit>> (0x00000000d55ee680) thrown at [C:\src\AOSP-openjdk-git\hotspot\src\share\vm\prims\jni.cpp, line 1615]
Event: 1.526 Thread 0x000000001c982800 Exception <a 'java/lang/NoSuchMethodError': <clinit>> (0x00000000d55fac28) thrown at [C:\src\AOSP-openjdk-git\hotspot\src\share\vm\prims\jni.cpp, line 1615]
Event: 1.779 Thread 0x000000001bdb9000 Exception <a 'java/lang/NoSuchMethodError': java.lang.Object.lambda$and$0(Ljava/util/function/Predicate;Ljava/lang/Object;)Z> (0x00000000d5a40ea8) thrown at [C:\src\AOSP-openjdk-git\hotspot\src\share\vm\interpreter\linkResolver.cpp, line 620]
Event: 1.783 Thread 0x000000001bdb9000 Exception <a 'java/lang/IncompatibleClassChangeError': Found class java.lang.Object, but interface was expected> (0x00000000d5a51240) thrown at [C:\src\AOSP-openjdk-git\hotspot\src\share\vm\interpreter\linkResolver.cpp, line 653]
Event: 1.784 Thread 0x000000001bdb9000 Exception <a 'java/lang/NoSuchMethodError': java.lang.Object.lambda$or$2(Ljava/util/function/Predicate;Ljava/lang/Object;)Z> (0x00000000d5a55d90) thrown at [C:\src\AOSP-openjdk-git\hotspot\src\share\vm\interpreter\linkResolver.cpp, line 620]

Events (10 events):
Event: 1.839 loading class org/gradle/internal/resource/TextUriResourceLoader$Factory
Event: 1.839 loading class org/gradle/internal/resource/TextUriResourceLoader$Factory done
Event: 1.840 loading class org/gradle/internal/resource/local/LocallyAvailableResourceFinder
Event: 1.840 loading class org/gradle/internal/resource/local/LocallyAvailableResourceFinder done
Event: 1.840 loading class org/gradle/api/internal/artifacts/ivyservice/resolveengine/excludes/ModuleExclusions
Event: 1.840 loading class org/gradle/api/internal/artifacts/ivyservice/resolveengine/excludes/ModuleExclusions done
Event: 1.840 loading class org/gradle/api/internal/runtimeshaded/RuntimeShadedJarFactory
Event: 1.840 loading class org/gradle/api/internal/runtimeshaded/RuntimeShadedJarFactory done
Event: 1.840 loading class org/gradle/api/internal/artifacts/ivyservice/ivyresolve/strategy/VersionParser
Event: 1.840 loading class org/gradle/api/internal/artifacts/ivyservice/ivyresolve/strategy/VersionParser done


Dynamic libraries:
0x00007ff730f10000 - 0x00007ff730f41000 	C:\Program Files\Android\Android Studio\jre\bin\java.exe
0x00007ffd72f00000 - 0x00007ffd730f0000 	C:\Windows\SYSTEM32\ntdll.dll
0x00007ffd72720000 - 0x00007ffd727d2000 	C:\Windows\System32\KERNEL32.DLL
0x00007ffd70210000 - 0x00007ffd704b5000 	C:\Windows\System32\KERNELBASE.dll
0x00007ffd71180000 - 0x00007ffd71223000 	C:\Windows\System32\ADVAPI32.dll
0x00007ffd715d0000 - 0x00007ffd7166e000 	C:\Windows\System32\msvcrt.dll
0x00007ffd71230000 - 0x00007ffd712c7000 	C:\Windows\System32\sechost.dll
0x00007ffd71b20000 - 0x00007ffd71c40000 	C:\Windows\System32\RPCRT4.dll
0x00007ffd72d20000 - 0x00007ffd72eb4000 	C:\Windows\System32\USER32.dll
0x00007ffd70000000 - 0x00007ffd70021000 	C:\Windows\System32\win32u.dll
0x00007ffd71a90000 - 0x00007ffd71ab6000 	C:\Windows\System32\GDI32.dll
0x00007ffd70d70000 - 0x00007ffd70f06000 	C:\Windows\System32\gdi32full.dll
0x00007ffd70f10000 - 0x00007ffd70fae000 	C:\Windows\System32\msvcp_win.dll
0x00007ffd70c70000 - 0x00007ffd70d6a000 	C:\Windows\System32\ucrtbase.dll
0x00007ffd5d750000 - 0x00007ffd5d9d4000 	C:\Windows\WinSxS\amd64_microsoft.windows.common-controls_6595b64144ccf1df_6.0.18362.1256_none_9e7e379be45e40e2\COMCTL32.dll
0x00007ffd71c40000 - 0x00007ffd71f76000 	C:\Windows\System32\combase.dll
0x00007ffd70180000 - 0x00007ffd70201000 	C:\Windows\System32\bcryptPrimitives.dll
0x00007ffd70fb0000 - 0x00007ffd70fde000 	C:\Windows\System32\IMM32.DLL
0x00000000522e0000 - 0x00000000523b2000 	C:\Program Files\Android\Android Studio\jre\jre\bin\msvcr100.dll
0x0000000052d10000 - 0x000000005355b000 	C:\Program Files\Android\Android Studio\jre\jre\bin\server\jvm.dll
0x00007ffd710f0000 - 0x00007ffd710f8000 	C:\Windows\System32\PSAPI.DLL
0x00007ffd68fb0000 - 0x00007ffd68fb9000 	C:\Windows\SYSTEM32\WSOCK32.dll
0x00007ffd5bb80000 - 0x00007ffd5bba4000 	C:\Windows\SYSTEM32\WINMM.dll
0x00007ffd71740000 - 0x00007ffd717af000 	C:\Windows\System32\WS2_32.dll
0x00007ffd6e890000 - 0x00007ffd6e89a000 	C:\Windows\SYSTEM32\VERSION.dll
0x00007ffd5bb40000 - 0x00007ffd5bb6d000 	C:\Windows\SYSTEM32\winmmbase.dll
0x00007ffd6ffb0000 - 0x00007ffd6fffa000 	C:\Windows\System32\cfgmgr32.dll
0x00007ffd53d90000 - 0x00007ffd53d9f000 	C:\Program Files\Android\Android Studio\jre\jre\bin\verify.dll
0x00007ffd47420000 - 0x00007ffd47449000 	C:\Program Files\Android\Android Studio\jre\jre\bin\java.dll
0x00007ffd53d70000 - 0x00007ffd53d86000 	C:\Program Files\Android\Android Studio\jre\jre\bin\zip.dll
0x00007ffd71f80000 - 0x00007ffd72667000 	C:\Windows\System32\SHELL32.dll
0x00007ffd72670000 - 0x00007ffd72719000 	C:\Windows\System32\shcore.dll
0x00007ffd704e0000 - 0x00007ffd70c61000 	C:\Windows\System32\windows.storage.dll
0x00007ffd6fdd0000 - 0x00007ffd6fdf3000 	C:\Windows\System32\profapi.dll
0x00007ffd6fe20000 - 0x00007ffd6fe6a000 	C:\Windows\System32\powrprof.dll
0x00007ffd6fda0000 - 0x00007ffd6fdb0000 	C:\Windows\System32\UMPDC.dll
0x00007ffd717b0000 - 0x00007ffd71802000 	C:\Windows\System32\shlwapi.dll
0x00007ffd6fdb0000 - 0x00007ffd6fdc1000 	C:\Windows\System32\kernel.appcore.dll
0x00007ffd704c0000 - 0x00007ffd704d7000 	C:\Windows\System32\cryptsp.dll
0x00007ffd47400000 - 0x00007ffd4741a000 	C:\Program Files\Android\Android Studio\jre\jre\bin\net.dll
0x00007ffd6f5f0000 - 0x00007ffd6f657000 	C:\Windows\system32\mswsock.dll
0x00007ffd40070000 - 0x00007ffd40083000 	C:\Program Files\Android\Android Studio\jre\jre\bin\nio.dll
0x00007ffd40710000 - 0x00007ffd40737000 	C:\Users\Apolo\.gradle\native\f6784746aeab05261644944871eae4fe03e0ef1612fff0a4a95f87b438bc6780\windows-amd64\native-platform.dll
0x00007ffd4ba40000 - 0x00007ffd4ba4d000 	C:\Program Files\Android\Android Studio\jre\jre\bin\management.dll
0x00007ffd6f160000 - 0x00007ffd6f193000 	C:\Windows\system32\rsaenh.dll
0x00007ffd6ff80000 - 0x00007ffd6ffa6000 	C:\Windows\System32\bcrypt.dll
0x00007ffd6fc80000 - 0x00007ffd6fca5000 	C:\Windows\SYSTEM32\USERENV.dll
0x00007ffd6f7c0000 - 0x00007ffd6f7cc000 	C:\Windows\SYSTEM32\CRYPTBASE.dll
0x00007ffd6f300000 - 0x00007ffd6f33a000 	C:\Windows\SYSTEM32\IPHLPAPI.DLL
0x00007ffd71410000 - 0x00007ffd71418000 	C:\Windows\System32\NSI.dll
0x00007ffd64000000 - 0x00007ffd64016000 	C:\Windows\SYSTEM32\dhcpcsvc6.DLL
0x00007ffd65ad0000 - 0x00007ffd65aec000 	C:\Windows\SYSTEM32\dhcpcsvc.DLL
0x00007ffd6f340000 - 0x00007ffd6f40b000 	C:\Windows\SYSTEM32\DNSAPI.dll
0x00007ffd661f0000 - 0x00007ffd661fb000 	C:\Windows\SYSTEM32\WINNSI.DLL

VM Arguments:
jvm_args: -Xmx2048m -Dfile.encoding=UTF-8 -Duser.country=ES -Duser.language=es -Duser.variant 
java_command: org.gradle.launcher.daemon.bootstrap.GradleDaemon 6.5
java_class_path (initial): C:\Users\Apolo\.gradle\wrapper\dists\gradle-6.5-bin\6nifqtx7604sqp1q6g8wikw7p\gradle-6.5\lib\gradle-launcher-6.5.jar
Launcher Type: SUN_STANDARD

Environment Variables:
PATH=C:\Program Files\Common Files\Oracle\Java\javapath;C:\Program Files (x86)\Common Files\Oracle\Java\javapath;C:\orant\bin;C:\Windows\system32;C:\Windows;C:\Windows\System32\Wbem;C:\Windows\System32\WindowsPowerShell\v1.0\;C:\Windows\System32\OpenSSH\;C:\orant\jdk\bin;C:\Program Files (x86)\Intel\Intel(R) Memory And Storage Tool\;C:\Program Files\Git\cmd;C:\Users\Apolo\AppData\Local\Microsoft\WindowsApps;
USERNAME=Apolo
OS=Windows_NT
PROCESSOR_IDENTIFIER=Intel64 Family 6 Model 126 Stepping 5, GenuineIntel



---------------  S Y S T E M  ---------------

OS: Windows 10.0 , 64 bit Build 18362 (10.0.18362.1110)

CPU:total 8 (initial active 8) (4 cores per cpu, 2 threads per core) family 6 model 126 stepping 5, cmov, cx8, fxsr, mmx, sse, sse2, sse3, ssse3, sse4.1, sse4.2, popcnt, avx, avx2, aes, clmul, erms, 3dnowpref, lzcnt, ht, tsc, tscinvbit, bmi1, bmi2, adx

Memory: 4k page, physical 8165048k(1212244k free), swap 11736884k(4108k free)

vm_info: OpenJDK 64-Bit Server VM (25.242-b01) for windows-amd64 JRE (1.8.0_242-release-1644-b01), built by "builder" with MS VC++ 10.0 (VS2010)

time: Tue Dec 15 10:23:21 2020
timezone: Hora de verano de Paraguay
elapsed time: 1 seconds (0d 0h 0m 1s)

