#
# There is insufficient memory for the Java Runtime Environment to continue.
# Native memory allocation (malloc) failed to allocate 131088 bytes for Chunk::new
# Possible reasons:
#   The system is out of physical RAM or swap space
#   The process is running with CompressedOops enabled, and the Java Heap may be blocking the growth of the native heap
# Possible solutions:
#   Reduce memory load on the system
#   Increase physical memory or swap space
#   Check if swap backing store is full
#   Decrease Java heap size (-Xmx/-Xms)
#   Decrease number of Java threads
#   Decrease Java thread stack sizes (-Xss)
#   Set larger code cache with -XX:ReservedCodeCacheSize=
#   JVM is running with Unscaled Compressed Oops mode in which the Java heap is
#     placed in the first 4GB address space. The Java Heap base address is the
#     maximum limit for the native heap growth. Please use -XX:HeapBaseMinAddress
#     to set the Java Heap base and to place the Java Heap above 4GB virtual address.
# This output file may be truncated or incomplete.
#
#  Out of Memory Error (allocation.cpp:389), pid=21004, tid=0x0000000000004670
#
# JRE version: OpenJDK Runtime Environment (8.0_242-b01) (build 1.8.0_242-release-1644-b01)
# Java VM: OpenJDK 64-Bit Server VM (25.242-b01 mixed mode windows-amd64 compressed oops)
# Failed to write core dump. Minidumps are not enabled by default on client versions of Windows
#

---------------  T H R E A D  ---------------

Current thread (0x000000001a208800):  JavaThread "C2 CompilerThread2" daemon [_thread_in_native, id=18032, stack(0x000000001acf0000,0x000000001adf0000)]

Stack: [0x000000001acf0000,0x000000001adf0000]
[error occurred during error reporting (printing stack bounds), id 0xc0000005]

Native frames: (J=compiled Java code, j=interpreted, Vv=VM code, C=native code)


Current CompileTask:
C2:   1918 1504   !   4       java.net.URLClassLoader$1::run (63 bytes)


---------------  P R O C E S S  ---------------

Java Threads: ( => current thread )
  0x000000001cdcd800 JavaThread "Cache worker for file hash cache (C:\Users\Apolo\.gradle\caches\6.5\fileHashes)" [_thread_blocked, id=20060, stack(0x000000001f140000,0x000000001f240000)]
  0x000000001cdcd000 JavaThread "File lock request listener" [_thread_in_native, id=21172, stack(0x000000001f040000,0x000000001f140000)]
  0x000000001cc10000 JavaThread "Cache worker for journal cache (C:\Users\Apolo\.gradle\caches\journal-1)" [_thread_blocked, id=20420, stack(0x000000001ef40000,0x000000001f040000)]
  0x000000001c316800 JavaThread "Thread-9" [_thread_blocked, id=12168, stack(0x000000001ec40000,0x000000001ed40000)]
  0x000000001c313000 JavaThread "Stdin handler" [_thread_blocked, id=18112, stack(0x000000001eb40000,0x000000001ec40000)]
  0x000000001bd23000 JavaThread "Asynchronous log dispatcher for DefaultDaemonConnection: socket connection from /127.0.0.1:56404 to /127.0.0.1:56405" [_thread_blocked, id=20272, stack(0x000000001ea40000,0x000000001eb40000)]
  0x000000001bd1f000 JavaThread "Daemon worker" [_thread_in_vm, id=19268, stack(0x000000001e940000,0x000000001ea40000)]
  0x000000001bd1e000 JavaThread "Cancel handler" [_thread_blocked, id=17192, stack(0x000000001e840000,0x000000001e940000)]
  0x000000001cbbe800 JavaThread "Handler for socket connection from /127.0.0.1:56404 to /127.0.0.1:56405" [_thread_in_native, id=18468, stack(0x000000001e740000,0x000000001e840000)]
  0x000000001cb6b800 JavaThread "Daemon" [_thread_blocked, id=14168, stack(0x000000001e640000,0x000000001e740000)]
  0x000000001cb56000 JavaThread "Daemon periodic checks" [_thread_blocked, id=17576, stack(0x000000001e340000,0x000000001e440000)]
  0x000000001cb3f000 JavaThread "Incoming local TCP Connector on port 56404" [_thread_in_native, id=16952, stack(0x000000001e0d0000,0x000000001e1d0000)]
  0x000000001c8b7000 JavaThread "Daemon health stats" [_thread_blocked, id=20668, stack(0x000000001da90000,0x000000001db90000)]
  0x000000001a296000 JavaThread "Service Thread" daemon [_thread_blocked, id=20464, stack(0x000000001aef0000,0x000000001aff0000)]
  0x000000001a210800 JavaThread "C1 CompilerThread3" daemon [_thread_blocked, id=4068, stack(0x000000001adf0000,0x000000001aef0000)]
=>0x000000001a208800 JavaThread "C2 CompilerThread2" daemon [_thread_in_native, id=18032, stack(0x000000001acf0000,0x000000001adf0000)]
  0x000000001a202800 JavaThread "C2 CompilerThread1" daemon [_thread_in_native, id=20736, stack(0x000000001abf0000,0x000000001acf0000)]
  0x000000001a1ff800 JavaThread "C2 CompilerThread0" daemon [_thread_in_native, id=21392, stack(0x000000001aaf0000,0x000000001abf0000)]
  0x000000001a1fe000 JavaThread "Attach Listener" daemon [_thread_blocked, id=11012, stack(0x000000001a9f0000,0x000000001aaf0000)]
  0x000000001841e000 JavaThread "Signal Dispatcher" daemon [_thread_blocked, id=19208, stack(0x000000001a8f0000,0x000000001a9f0000)]
  0x000000001a1f1000 JavaThread "Finalizer" daemon [_thread_blocked, id=20944, stack(0x000000001a6d0000,0x000000001a7d0000)]
  0x000000001a1f0800 JavaThread "Reference Handler" daemon [_thread_blocked, id=20380, stack(0x000000001a5d0000,0x000000001a6d0000)]
  0x000000000319d800 JavaThread "main" [_thread_blocked, id=6944, stack(0x00000000031a0000,0x00000000032a0000)]

Other Threads:
  0x0000000018408000 VMThread [stack: 0x000000001a0d0000,0x000000001a1d0000] [id=18784]
  0x000000001a222000 WatcherThread [stack: 0x000000001aff0000,0x000000001b0f0000] [id=20620]

VM state:not at safepoint (normal execution)

VM Mutex/Monitor currently owned by a thread: None

heap address: 0x0000000080000000, size: 2048 MB, Compressed Oops mode: 32-bit
Narrow klass base: 0x0000000000000000, Narrow klass shift: 3
Compressed class space size: 1073741824 Address: 0x0000000100000000

Heap:
 PSYoungGen      total 37888K, used 34399K [0x00000000d5580000, 0x00000000d7f80000, 0x0000000100000000)
  eden space 32768K, 89% used [0x00000000d5580000,0x00000000d721c228,0x00000000d7580000)
  from space 5120K, 99% used [0x00000000d7a80000,0x00000000d7f7bc40,0x00000000d7f80000)
  to   space 5120K, 0% used [0x00000000d7580000,0x00000000d7580000,0x00000000d7a80000)
 ParOldGen       total 86016K, used 3500K [0x0000000080000000, 0x0000000085400000, 0x00000000d5580000)
  object space 86016K, 4% used [0x0000000080000000,0x000000008036b140,0x0000000085400000)
 Metaspace       used 17190K, capacity 17836K, committed 17920K, reserved 1064960K
  class space    used 2341K, capacity 2534K, committed 2560K, reserved 1048576K

Card table byte_map: [0x0000000012760000,0x0000000012b70000] byte_map_base: 0x0000000012360000

Marking Bits: (ParMarkBitMap*) 0x00000000534df030
 Begin Bits: [0x0000000013620000, 0x0000000015620000)
 End Bits:   [0x0000000015620000, 0x0000000017620000)

Polling page: 0x0000000003070000

CodeCache: size=245760Kb used=5480Kb max_used=5480Kb free=240279Kb
 bounds [0x00000000033a0000, 0x0000000003900000, 0x00000000123a0000]
 total_blobs=1941 nmethods=1541 adapters=313
 compilation: enabled

Compilation events (10 events):
Event: 1.905 Thread 0x000000001a210800 nmethod 1540 0x00000000038fbd10 code [0x00000000038fbe60, 0x00000000038fbf70]
Event: 1.906 Thread 0x000000001a210800 1542       3       java.lang.Throwable::<init> (39 bytes)
Event: 1.906 Thread 0x000000001a210800 nmethod 1542 0x00000000038fbfd0 code [0x00000000038fc140, 0x00000000038fc448]
Event: 1.907 Thread 0x000000001a210800 1545       3       org.gradle.internal.service.DefaultServiceRegistry$CompositeServiceProvider::getService (49 bytes)
Event: 1.907 Thread 0x000000001a210800 nmethod 1545 0x00000000038fc510 code [0x00000000038fc680, 0x00000000038fc9c8]
Event: 1.907 Thread 0x000000001a210800 1543       3       org.gradle.internal.service.DefaultServiceRegistry$SingletonService::getService (18 bytes)
Event: 1.907 Thread 0x000000001a210800 nmethod 1543 0x00000000038fcb50 code [0x00000000038fcce0, 0x00000000038fcf58]
Event: 1.907 Thread 0x000000001a210800 1544       3       org.gradle.internal.service.DefaultServiceRegistry::access$1200 (6 bytes)
Event: 1.908 Thread 0x000000001a210800 nmethod 1544 0x00000000038fd050 code [0x00000000038fd1c0, 0x00000000038fd328]
Event: 1.908 Thread 0x000000001a1ff800 1546   !   4       java.util.concurrent.ConcurrentHashMap::putVal (362 bytes)

GC Heap History (8 events):
Event: 0.525 GC heap before
{Heap before GC invocations=1 (full 0):
 PSYoungGen      total 37888K, used 32768K [0x00000000d5580000, 0x00000000d7f80000, 0x0000000100000000)
  eden space 32768K, 100% used [0x00000000d5580000,0x00000000d7580000,0x00000000d7580000)
  from space 5120K, 0% used [0x00000000d7a80000,0x00000000d7a80000,0x00000000d7f80000)
  to   space 5120K, 0% used [0x00000000d7580000,0x00000000d7580000,0x00000000d7a80000)
 ParOldGen       total 86016K, used 0K [0x0000000080000000, 0x0000000085400000, 0x00000000d5580000)
  object space 86016K, 0% used [0x0000000080000000,0x0000000080000000,0x0000000085400000)
 Metaspace       used 7540K, capacity 7850K, committed 8064K, reserved 1056768K
  class space    used 931K, capacity 1041K, committed 1152K, reserved 1048576K
Event: 0.529 GC heap after
Heap after GC invocations=1 (full 0):
 PSYoungGen      total 37888K, used 4587K [0x00000000d5580000, 0x00000000d7f80000, 0x0000000100000000)
  eden space 32768K, 0% used [0x00000000d5580000,0x00000000d5580000,0x00000000d7580000)
  from space 5120K, 89% used [0x00000000d7580000,0x00000000d79fae38,0x00000000d7a80000)
  to   space 5120K, 0% used [0x00000000d7a80000,0x00000000d7a80000,0x00000000d7f80000)
 ParOldGen       total 86016K, used 16K [0x0000000080000000, 0x0000000085400000, 0x00000000d5580000)
  object space 86016K, 0% used [0x0000000080000000,0x0000000080004000,0x0000000085400000)
 Metaspace       used 7540K, capacity 7850K, committed 8064K, reserved 1056768K
  class space    used 931K, capacity 1041K, committed 1152K, reserved 1048576K
}
Event: 0.717 GC heap before
{Heap before GC invocations=2 (full 0):
 PSYoungGen      total 37888K, used 37355K [0x00000000d5580000, 0x00000000d7f80000, 0x0000000100000000)
  eden space 32768K, 100% used [0x00000000d5580000,0x00000000d7580000,0x00000000d7580000)
  from space 5120K, 89% used [0x00000000d7580000,0x00000000d79fae38,0x00000000d7a80000)
  to   space 5120K, 0% used [0x00000000d7a80000,0x00000000d7a80000,0x00000000d7f80000)
 ParOldGen       total 86016K, used 16K [0x0000000080000000, 0x0000000085400000, 0x00000000d5580000)
  object space 86016K, 0% used [0x0000000080000000,0x0000000080004000,0x0000000085400000)
 Metaspace       used 7778K, capacity 8060K, committed 8320K, reserved 1056768K
  class space    used 953K, capacity 1047K, committed 1152K, reserved 1048576K
Event: 0.721 GC heap after
Heap after GC invocations=2 (full 0):
 PSYoungGen      total 37888K, used 3357K [0x00000000d5580000, 0x00000000d7f80000, 0x0000000100000000)
  eden space 32768K, 0% used [0x00000000d5580000,0x00000000d5580000,0x00000000d7580000)
  from space 5120K, 65% used [0x00000000d7a80000,0x00000000d7dc77d0,0x00000000d7f80000)
  to   space 5120K, 0% used [0x00000000d7580000,0x00000000d7580000,0x00000000d7a80000)
 ParOldGen       total 86016K, used 24K [0x0000000080000000, 0x0000000085400000, 0x00000000d5580000)
  object space 86016K, 0% used [0x0000000080000000,0x0000000080006000,0x0000000085400000)
 Metaspace       used 7778K, capacity 8060K, committed 8320K, reserved 1056768K
  class space    used 953K, capacity 1047K, committed 1152K, reserved 1048576K
}
Event: 1.555 GC heap before
{Heap before GC invocations=3 (full 0):
 PSYoungGen      total 37888K, used 36125K [0x00000000d5580000, 0x00000000d7f80000, 0x0000000100000000)
  eden space 32768K, 100% used [0x00000000d5580000,0x00000000d7580000,0x00000000d7580000)
  from space 5120K, 65% used [0x00000000d7a80000,0x00000000d7dc77d0,0x00000000d7f80000)
  to   space 5120K, 0% used [0x00000000d7580000,0x00000000d7580000,0x00000000d7a80000)
 ParOldGen       total 86016K, used 24K [0x0000000080000000, 0x0000000085400000, 0x00000000d5580000)
  object space 86016K, 0% used [0x0000000080000000,0x0000000080006000,0x0000000085400000)
 Metaspace       used 11997K, capacity 12380K, committed 12544K, reserved 1060864K
  class space    used 1593K, capacity 1728K, committed 1792K, reserved 1048576K
Event: 1.559 GC heap after
Heap after GC invocations=3 (full 0):
 PSYoungGen      total 37888K, used 5104K [0x00000000d5580000, 0x00000000d7f80000, 0x0000000100000000)
  eden space 32768K, 0% used [0x00000000d5580000,0x00000000d5580000,0x00000000d7580000)
  from space 5120K, 99% used [0x00000000d7580000,0x00000000d7a7c010,0x00000000d7a80000)
  to   space 5120K, 0% used [0x00000000d7a80000,0x00000000d7a80000,0x00000000d7f80000)
 ParOldGen       total 86016K, used 1033K [0x0000000080000000, 0x0000000085400000, 0x00000000d5580000)
  object space 86016K, 1% used [0x0000000080000000,0x0000000080102600,0x0000000085400000)
 Metaspace       used 11997K, capacity 12380K, committed 12544K, reserved 1060864K
  class space    used 1593K, capacity 1728K, committed 1792K, reserved 1048576K
}
Event: 1.744 GC heap before
{Heap before GC invocations=4 (full 0):
 PSYoungGen      total 37888K, used 37692K [0x00000000d5580000, 0x00000000d7f80000, 0x0000000100000000)
  eden space 32768K, 99% used [0x00000000d5580000,0x00000000d75533c0,0x00000000d7580000)
  from space 5120K, 99% used [0x00000000d7580000,0x00000000d7a7c010,0x00000000d7a80000)
  to   space 5120K, 0% used [0x00000000d7a80000,0x00000000d7a80000,0x00000000d7f80000)
 ParOldGen       total 86016K, used 1033K [0x0000000080000000, 0x0000000085400000, 0x00000000d5580000)
  object space 86016K, 1% used [0x0000000080000000,0x0000000080102600,0x0000000085400000)
 Metaspace       used 14645K, capacity 15234K, committed 15488K, reserved 1062912K
  class space    used 1998K, capacity 2157K, committed 2176K, reserved 1048576K
Event: 1.750 GC heap after
Heap after GC invocations=4 (full 0):
 PSYoungGen      total 37888K, used 5103K [0x00000000d5580000, 0x00000000d7f80000, 0x0000000100000000)
  eden space 32768K, 0% used [0x00000000d5580000,0x00000000d5580000,0x00000000d7580000)
  from space 5120K, 99% used [0x00000000d7a80000,0x00000000d7f7bc40,0x00000000d7f80000)
  to   space 5120K, 0% used [0x00000000d7580000,0x00000000d7580000,0x00000000d7a80000)
 ParOldGen       total 86016K, used 3500K [0x0000000080000000, 0x0000000085400000, 0x00000000d5580000)
  object space 86016K, 4% used [0x0000000080000000,0x000000008036b140,0x0000000085400000)
 Metaspace       used 14645K, capacity 15234K, committed 15488K, reserved 1062912K
  class space    used 1998K, capacity 2157K, committed 2176K, reserved 1048576K
}

Deoptimization events (10 events):
Event: 1.708 Thread 0x000000001bd1f000 Uncommon trap: reason=class_check action=maybe_recompile pc=0x00000000036de598 method=java.util.regex.Matcher.match(II)Z @ 86
Event: 1.709 Thread 0x000000001bd1f000 Uncommon trap: reason=class_check action=maybe_recompile pc=0x00000000036de598 method=java.util.regex.Matcher.match(II)Z @ 86
Event: 1.709 Thread 0x000000001bd1f000 Uncommon trap: reason=class_check action=maybe_recompile pc=0x00000000035648cc method=java.util.regex.Matcher.match(II)Z @ 86
Event: 1.774 Thread 0x000000001bd1f000 Uncommon trap: reason=unstable_if action=reinterpret pc=0x00000000036cd4dc method=java.io.File.getName()Ljava/lang/String; @ 16
Event: 1.774 Thread 0x000000001bd1f000 Uncommon trap: reason=unstable_if action=reinterpret pc=0x00000000036cf394 method=java.lang.String.substring(I)Ljava/lang/String; @ 35
Event: 1.893 Thread 0x000000001bd1f000 Uncommon trap: reason=unstable_if action=reinterpret pc=0x000000000373dbb0 method=java.util.LinkedHashMap.afterNodeInsertion(Z)V @ 1
Event: 1.894 Thread 0x000000001bd1f000 Uncommon trap: reason=unstable_if action=reinterpret pc=0x00000000036150b8 method=java.util.HashMap.getNode(ILjava/lang/Object;)Ljava/util/HashMap$Node; @ 129
Event: 1.894 Thread 0x000000001bd1f000 Uncommon trap: reason=bimorphic action=maybe_recompile pc=0x000000000386226c method=java.util.HashMap.putVal(ILjava/lang/Object;Ljava/lang/Object;ZZ)Ljava/lang/Object; @ 203
Event: 1.895 Thread 0x000000001bd1f000 Uncommon trap: reason=unstable_if action=reinterpret pc=0x00000000035f3bfc method=java.util.HashMap.getNode(ILjava/lang/Object;)Ljava/util/HashMap$Node; @ 129
Event: 1.895 Thread 0x000000001bd1f000 Uncommon trap: reason=bimorphic action=maybe_recompile pc=0x000000000386226c method=java.util.HashMap.putVal(ILjava/lang/Object;Ljava/lang/Object;ZZ)Ljava/lang/Object; @ 203

Classes redefined (0 events):
No events

Internal exceptions (10 events):
Event: 1.543 Thread 0x000000001cbbe800 Exception <a 'java/lang/NoSuchMethodError': <clinit>> (0x00000000d748b848) thrown at [C:\src\AOSP-openjdk-git\hotspot\src\share\vm\prims\jni.cpp, line 1615]
Event: 1.544 Thread 0x000000001cbbe800 Exception <a 'java/lang/NoSuchMethodError': <clinit>> (0x00000000d7494f50) thrown at [C:\src\AOSP-openjdk-git\hotspot\src\share\vm\prims\jni.cpp, line 1615]
Event: 1.544 Thread 0x000000001cbbe800 Exception <a 'java/lang/NoSuchMethodError': <clinit>> (0x00000000d74a9538) thrown at [C:\src\AOSP-openjdk-git\hotspot\src\share\vm\prims\jni.cpp, line 1615]
Event: 1.550 Thread 0x000000001cbbe800 Exception <a 'java/lang/NoSuchMethodError': <clinit>> (0x00000000d7516678) thrown at [C:\src\AOSP-openjdk-git\hotspot\src\share\vm\prims\jni.cpp, line 1615]
Event: 1.552 Thread 0x000000001cbbe800 Exception <a 'java/lang/NoSuchMethodError': <clinit>> (0x00000000d7550b70) thrown at [C:\src\AOSP-openjdk-git\hotspot\src\share\vm\prims\jni.cpp, line 1615]
Event: 1.560 Thread 0x000000001cbbe800 Exception <a 'java/lang/NoSuchMethodError': <clinit>> (0x00000000d5586750) thrown at [C:\src\AOSP-openjdk-git\hotspot\src\share\vm\prims\jni.cpp, line 1615]
Event: 1.561 Thread 0x000000001cbbe800 Exception <a 'java/lang/NoSuchMethodError': <clinit>> (0x00000000d5592cb0) thrown at [C:\src\AOSP-openjdk-git\hotspot\src\share\vm\prims\jni.cpp, line 1615]
Event: 1.797 Thread 0x000000001bd1f000 Exception <a 'java/lang/NoSuchMethodError': java.lang.Object.lambda$and$0(Ljava/util/function/Predicate;Ljava/lang/Object;)Z> (0x00000000d59eb4e0) thrown at [C:\src\AOSP-openjdk-git\hotspot\src\share\vm\interpreter\linkResolver.cpp, line 620]
Event: 1.801 Thread 0x000000001bd1f000 Exception <a 'java/lang/IncompatibleClassChangeError': Found class java.lang.Object, but interface was expected> (0x00000000d59fb7d8) thrown at [C:\src\AOSP-openjdk-git\hotspot\src\share\vm\interpreter\linkResolver.cpp, line 653]
Event: 1.803 Thread 0x000000001bd1f000 Exception <a 'java/lang/NoSuchMethodError': java.lang.Object.lambda$or$2(Ljava/util/function/Predicate;Ljava/lang/Object;)Z> (0x00000000d5a00328) thrown at [C:\src\AOSP-openjdk-git\hotspot\src\share\vm\interpreter\linkResolver.cpp, line 620]

Events (10 events):
Event: 1.910 loading class org/gradle/internal/fingerprint/CurrentFileCollectionFingerprint
Event: 1.910 loading class org/gradle/internal/fingerprint/CurrentFileCollectionFingerprint done
Event: 1.910 loading class org/gradle/internal/fingerprint/FileCollectionFingerprint
Event: 1.910 loading class org/gradle/internal/fingerprint/FileCollectionFingerprint done
Event: 1.910 loading class org/gradle/internal/fingerprint/classpath/impl/ClasspathFingerprintingStrategy$NonJarFingerprintingStrategy
Event: 1.910 loading class org/gradle/internal/fingerprint/classpath/impl/ClasspathFingerprintingStrategy$NonJarFingerprintingStrategy done
Event: 1.911 loading class org/gradle/internal/fingerprint/classpath/impl/ClasspathFingerprintingStrategy$NonJarFingerprintingStrategy$1
Event: 1.911 loading class org/gradle/internal/fingerprint/classpath/impl/ClasspathFingerprintingStrategy$NonJarFingerprintingStrategy$1 done
Event: 1.911 loading class org/gradle/internal/fingerprint/classpath/impl/ClasspathFingerprintingStrategy$NonJarFingerprintingStrategy$2
Event: 1.911 loading class org/gradle/internal/fingerprint/classpath/impl/ClasspathFingerprintingStrategy$NonJarFingerprintingStrategy$2 done


Dynamic libraries:
0x00007ff730f10000 - 0x00007ff730f41000 	C:\Program Files\Android\Android Studio\jre\bin\java.exe
0x00007ffd72f00000 - 0x00007ffd730f0000 	C:\Windows\SYSTEM32\ntdll.dll
0x00007ffd72720000 - 0x00007ffd727d2000 	C:\Windows\System32\KERNEL32.DLL
0x00007ffd70210000 - 0x00007ffd704b5000 	C:\Windows\System32\KERNELBASE.dll
0x00007ffd71180000 - 0x00007ffd71223000 	C:\Windows\System32\ADVAPI32.dll
0x00007ffd715d0000 - 0x00007ffd7166e000 	C:\Windows\System32\msvcrt.dll
0x00007ffd71230000 - 0x00007ffd712c7000 	C:\Windows\System32\sechost.dll
0x00007ffd71b20000 - 0x00007ffd71c40000 	C:\Windows\System32\RPCRT4.dll
0x00007ffd72d20000 - 0x00007ffd72eb4000 	C:\Windows\System32\USER32.dll
0x00007ffd70000000 - 0x00007ffd70021000 	C:\Windows\System32\win32u.dll
0x00007ffd71a90000 - 0x00007ffd71ab6000 	C:\Windows\System32\GDI32.dll
0x00007ffd70d70000 - 0x00007ffd70f06000 	C:\Windows\System32\gdi32full.dll
0x00007ffd70f10000 - 0x00007ffd70fae000 	C:\Windows\System32\msvcp_win.dll
0x00007ffd70c70000 - 0x00007ffd70d6a000 	C:\Windows\System32\ucrtbase.dll
0x00007ffd5d750000 - 0x00007ffd5d9d4000 	C:\Windows\WinSxS\amd64_microsoft.windows.common-controls_6595b64144ccf1df_6.0.18362.1256_none_9e7e379be45e40e2\COMCTL32.dll
0x00007ffd71c40000 - 0x00007ffd71f76000 	C:\Windows\System32\combase.dll
0x00007ffd70180000 - 0x00007ffd70201000 	C:\Windows\System32\bcryptPrimitives.dll
0x00007ffd70fb0000 - 0x00007ffd70fde000 	C:\Windows\System32\IMM32.DLL
0x00000000522e0000 - 0x00000000523b2000 	C:\Program Files\Android\Android Studio\jre\jre\bin\msvcr100.dll
0x0000000052d10000 - 0x000000005355b000 	C:\Program Files\Android\Android Studio\jre\jre\bin\server\jvm.dll
0x00007ffd710f0000 - 0x00007ffd710f8000 	C:\Windows\System32\PSAPI.DLL
0x00007ffd6e890000 - 0x00007ffd6e89a000 	C:\Windows\SYSTEM32\VERSION.dll
0x00007ffd5bb80000 - 0x00007ffd5bba4000 	C:\Windows\SYSTEM32\WINMM.dll
0x00007ffd68fb0000 - 0x00007ffd68fb9000 	C:\Windows\SYSTEM32\WSOCK32.dll
0x00007ffd71740000 - 0x00007ffd717af000 	C:\Windows\System32\WS2_32.dll
0x00007ffd5bb40000 - 0x00007ffd5bb6d000 	C:\Windows\SYSTEM32\winmmbase.dll
0x00007ffd6ffb0000 - 0x00007ffd6fffa000 	C:\Windows\System32\cfgmgr32.dll
0x00007ffd53d90000 - 0x00007ffd53d9f000 	C:\Program Files\Android\Android Studio\jre\jre\bin\verify.dll
0x00007ffd47420000 - 0x00007ffd47449000 	C:\Program Files\Android\Android Studio\jre\jre\bin\java.dll
0x00007ffd53d70000 - 0x00007ffd53d86000 	C:\Program Files\Android\Android Studio\jre\jre\bin\zip.dll
0x00007ffd71f80000 - 0x00007ffd72667000 	C:\Windows\System32\SHELL32.dll
0x00007ffd72670000 - 0x00007ffd72719000 	C:\Windows\System32\shcore.dll
0x00007ffd704e0000 - 0x00007ffd70c61000 	C:\Windows\System32\windows.storage.dll
0x00007ffd6fdd0000 - 0x00007ffd6fdf3000 	C:\Windows\System32\profapi.dll
0x00007ffd6fe20000 - 0x00007ffd6fe6a000 	C:\Windows\System32\powrprof.dll
0x00007ffd6fda0000 - 0x00007ffd6fdb0000 	C:\Windows\System32\UMPDC.dll
0x00007ffd717b0000 - 0x00007ffd71802000 	C:\Windows\System32\shlwapi.dll
0x00007ffd6fdb0000 - 0x00007ffd6fdc1000 	C:\Windows\System32\kernel.appcore.dll
0x00007ffd704c0000 - 0x00007ffd704d7000 	C:\Windows\System32\cryptsp.dll
0x00007ffd47400000 - 0x00007ffd4741a000 	C:\Program Files\Android\Android Studio\jre\jre\bin\net.dll
0x00007ffd6f5f0000 - 0x00007ffd6f657000 	C:\Windows\system32\mswsock.dll
0x00007ffd40070000 - 0x00007ffd40083000 	C:\Program Files\Android\Android Studio\jre\jre\bin\nio.dll
0x00007ffd40710000 - 0x00007ffd40737000 	C:\Users\Apolo\.gradle\native\f6784746aeab05261644944871eae4fe03e0ef1612fff0a4a95f87b438bc6780\windows-amd64\native-platform.dll
0x00007ffd4ba40000 - 0x00007ffd4ba4d000 	C:\Program Files\Android\Android Studio\jre\jre\bin\management.dll
0x00007ffd6f160000 - 0x00007ffd6f193000 	C:\Windows\system32\rsaenh.dll
0x00007ffd6ff80000 - 0x00007ffd6ffa6000 	C:\Windows\System32\bcrypt.dll
0x00007ffd6fc80000 - 0x00007ffd6fca5000 	C:\Windows\SYSTEM32\USERENV.dll
0x00007ffd6f7c0000 - 0x00007ffd6f7cc000 	C:\Windows\SYSTEM32\CRYPTBASE.dll
0x00007ffd6f300000 - 0x00007ffd6f33a000 	C:\Windows\SYSTEM32\IPHLPAPI.DLL
0x00007ffd71410000 - 0x00007ffd71418000 	C:\Windows\System32\NSI.dll
0x00007ffd64000000 - 0x00007ffd64016000 	C:\Windows\SYSTEM32\dhcpcsvc6.DLL
0x00007ffd65ad0000 - 0x00007ffd65aec000 	C:\Windows\SYSTEM32\dhcpcsvc.DLL
0x00007ffd6f340000 - 0x00007ffd6f40b000 	C:\Windows\SYSTEM32\DNSAPI.dll
0x00007ffd661f0000 - 0x00007ffd661fb000 	C:\Windows\SYSTEM32\WINNSI.DLL

VM Arguments:
jvm_args: -Xmx2048m -Dfile.encoding=UTF-8 -Duser.country=ES -Duser.language=es -Duser.variant 
java_command: org.gradle.launcher.daemon.bootstrap.GradleDaemon 6.5
java_class_path (initial): C:\Users\Apolo\.gradle\wrapper\dists\gradle-6.5-bin\6nifqtx7604sqp1q6g8wikw7p\gradle-6.5\lib\gradle-launcher-6.5.jar
Launcher Type: SUN_STANDARD

Environment Variables:
PATH=C:\Program Files\Common Files\Oracle\Java\javapath;C:\Program Files (x86)\Common Files\Oracle\Java\javapath;C:\orant\bin;C:\Windows\system32;C:\Windows;C:\Windows\System32\Wbem;C:\Windows\System32\WindowsPowerShell\v1.0\;C:\Windows\System32\OpenSSH\;C:\orant\jdk\bin;C:\Program Files (x86)\Intel\Intel(R) Memory And Storage Tool\;C:\Program Files\Git\cmd;C:\Users\Apolo\AppData\Local\Microsoft\WindowsApps;
USERNAME=Apolo
OS=Windows_NT
PROCESSOR_IDENTIFIER=Intel64 Family 6 Model 126 Stepping 5, GenuineIntel



---------------  S Y S T E M  ---------------

OS: Windows 10.0 , 64 bit Build 18362 (10.0.18362.1110)

CPU:total 8 (initial active 8) (4 cores per cpu, 2 threads per core) family 6 model 126 stepping 5, cmov, cx8, fxsr, mmx, sse, sse2, sse3, ssse3, sse4.1, sse4.2, popcnt, avx, avx2, aes, clmul, erms, 3dnowpref, lzcnt, ht, tsc, tscinvbit, bmi1, bmi2, adx

Memory: 4k page, physical 8165048k(1105084k free), swap 11736884k(5124k free)

vm_info: OpenJDK 64-Bit Server VM (25.242-b01) for windows-amd64 JRE (1.8.0_242-release-1644-b01), built by "builder" with MS VC++ 10.0 (VS2010)

time: Tue Dec 15 10:21:53 2020
timezone: Hora de verano de Paraguay
elapsed time: 1 seconds (0d 0h 0m 1s)

