#
# There is insufficient memory for the Java Runtime Environment to continue.
# Native memory allocation (malloc) failed to allocate 32744 bytes for ChunkPool::allocate
# Possible reasons:
#   The system is out of physical RAM or swap space
#   The process is running with CompressedOops enabled, and the Java Heap may be blocking the growth of the native heap
# Possible solutions:
#   Reduce memory load on the system
#   Increase physical memory or swap space
#   Check if swap backing store is full
#   Decrease Java heap size (-Xmx/-Xms)
#   Decrease number of Java threads
#   Decrease Java thread stack sizes (-Xss)
#   Set larger code cache with -XX:ReservedCodeCacheSize=
#   JVM is running with Unscaled Compressed Oops mode in which the Java heap is
#     placed in the first 4GB address space. The Java Heap base address is the
#     maximum limit for the native heap growth. Please use -XX:HeapBaseMinAddress
#     to set the Java Heap base and to place the Java Heap above 4GB virtual address.
# This output file may be truncated or incomplete.
#
#  Out of Memory Error (allocation.cpp:272), pid=18028, tid=0x0000000000004ea0
#
# JRE version: OpenJDK Runtime Environment (8.0_242-b01) (build 1.8.0_242-release-1644-b01)
# Java VM: OpenJDK 64-Bit Server VM (25.242-b01 mixed mode windows-amd64 compressed oops)
# Failed to write core dump. Minidumps are not enabled by default on client versions of Windows
#

---------------  T H R E A D  ---------------

Current thread (0x0000000019956000):  JavaThread "C2 CompilerThread1" daemon [_thread_in_native, id=20128, stack(0x000000001a340000,0x000000001a440000)]

Stack: [0x000000001a340000,0x000000001a440000]
[error occurred during error reporting (printing stack bounds), id 0xc0000005]

Native frames: (J=compiled Java code, j=interpreted, Vv=VM code, C=native code)


Current CompileTask:
C2:   2017 1502   !   4       java.net.URLClassLoader$1::run (63 bytes)


---------------  P R O C E S S  ---------------

Java Threads: ( => current thread )
  0x000000001c64c800 JavaThread "Cache worker for file hash cache (C:\Users\Apolo\.gradle\caches\6.5\fileHashes)" [_thread_blocked, id=19912, stack(0x000000001e890000,0x000000001e990000)]
  0x000000001c64c000 JavaThread "File lock request listener" [_thread_in_native, id=15068, stack(0x000000001e790000,0x000000001e890000)]
  0x000000001c675000 JavaThread "Cache worker for journal cache (C:\Users\Apolo\.gradle\caches\journal-1)" [_thread_blocked, id=15048, stack(0x000000001e690000,0x000000001e790000)]
  0x000000001b9cb800 JavaThread "Thread-9" [_thread_blocked, id=17908, stack(0x000000001e390000,0x000000001e490000)]
  0x000000001ad2c000 JavaThread "Stdin handler" [_thread_blocked, id=16128, stack(0x000000001e290000,0x000000001e390000)]
  0x000000001ad2a800 JavaThread "Asynchronous log dispatcher for DefaultDaemonConnection: socket connection from /127.0.0.1:56563 to /127.0.0.1:56564" [_thread_blocked, id=21360, stack(0x000000001e190000,0x000000001e290000)]
  0x000000001ab55800 JavaThread "Daemon worker" [_thread_in_vm, id=10264, stack(0x000000001e090000,0x000000001e190000)]
  0x000000001ab51000 JavaThread "Cancel handler" [_thread_blocked, id=17436, stack(0x000000001df90000,0x000000001e090000)]
  0x000000001c332000 JavaThread "Handler for socket connection from /127.0.0.1:56563 to /127.0.0.1:56564" [_thread_in_native, id=20680, stack(0x000000001de90000,0x000000001df90000)]
  0x000000001c32b800 JavaThread "Daemon" [_thread_blocked, id=20576, stack(0x000000001dd90000,0x000000001de90000)]
  0x000000001c328800 JavaThread "Daemon periodic checks" [_thread_blocked, id=21176, stack(0x000000001da90000,0x000000001db90000)]
  0x000000001c2f9800 JavaThread "Incoming local TCP Connector on port 56563" [_thread_in_native, id=21352, stack(0x000000001d820000,0x000000001d920000)]
  0x000000001c2a7000 JavaThread "Daemon health stats" [_thread_blocked, id=20192, stack(0x000000001d1e0000,0x000000001d2e0000)]
  0x00000000199e7000 JavaThread "Service Thread" daemon [_thread_blocked, id=19532, stack(0x000000001a640000,0x000000001a740000)]
  0x000000001995c800 JavaThread "C1 CompilerThread3" daemon [_thread_blocked, id=15756, stack(0x000000001a540000,0x000000001a640000)]
  0x0000000019958000 JavaThread "C2 CompilerThread2" daemon [_thread_in_native, id=18620, stack(0x000000001a440000,0x000000001a540000)]
=>0x0000000019956000 JavaThread "C2 CompilerThread1" daemon [_thread_in_native, id=20128, stack(0x000000001a340000,0x000000001a440000)]
  0x000000001994f000 JavaThread "C2 CompilerThread0" daemon [_thread_in_native, id=18412, stack(0x000000001a240000,0x000000001a340000)]
  0x000000001994e000 JavaThread "Attach Listener" daemon [_thread_blocked, id=18300, stack(0x000000001a140000,0x000000001a240000)]
  0x0000000017b4e000 JavaThread "Signal Dispatcher" daemon [_thread_blocked, id=20432, stack(0x000000001a040000,0x000000001a140000)]
  0x0000000019941000 JavaThread "Finalizer" daemon [_thread_blocked, id=16308, stack(0x0000000019e20000,0x0000000019f20000)]
  0x0000000017b3c800 JavaThread "Reference Handler" daemon [_thread_blocked, id=19492, stack(0x0000000019d20000,0x0000000019e20000)]
  0x00000000028bd800 JavaThread "main" [_thread_blocked, id=16680, stack(0x00000000028d0000,0x00000000029d0000)]

Other Threads:
  0x0000000017b38000 VMThread [stack: 0x0000000019820000,0x0000000019920000] [id=16400]
  0x00000000199e8000 WatcherThread [stack: 0x000000001a740000,0x000000001a840000] [id=18020]

VM state:not at safepoint (normal execution)

VM Mutex/Monitor currently owned by a thread: None

heap address: 0x0000000080000000, size: 2048 MB, Compressed Oops mode: 32-bit
Narrow klass base: 0x0000000000000000, Narrow klass shift: 3
Compressed class space size: 1073741824 Address: 0x0000000100000000

Heap:
 PSYoungGen      total 70656K, used 48658K [0x00000000d5580000, 0x00000000d9f80000, 0x0000000100000000)
  eden space 65536K, 66% used [0x00000000d5580000,0x00000000d8004f00,0x00000000d9580000)
  from space 5120K, 99% used [0x00000000d9a80000,0x00000000d9f7fc30,0x00000000d9f80000)
  to   space 5120K, 0% used [0x00000000d9580000,0x00000000d9580000,0x00000000d9a80000)
 ParOldGen       total 86016K, used 3402K [0x0000000080000000, 0x0000000085400000, 0x00000000d5580000)
  object space 86016K, 3% used [0x0000000080000000,0x00000000803528b8,0x0000000085400000)
 Metaspace       used 18532K, capacity 19250K, committed 19456K, reserved 1067008K
  class space    used 2542K, capacity 2741K, committed 2816K, reserved 1048576K

Card table byte_map: [0x0000000011e90000,0x00000000122a0000] byte_map_base: 0x0000000011a90000

Marking Bits: (ParMarkBitMap*) 0x00000000534df030
 Begin Bits: [0x0000000012d50000, 0x0000000014d50000)
 End Bits:   [0x0000000014d50000, 0x0000000016d50000)

Polling page: 0x00000000007f0000

CodeCache: size=245760Kb used=5621Kb max_used=5621Kb free=240138Kb
 bounds [0x0000000002ad0000, 0x0000000003050000, 0x0000000011ad0000]
 total_blobs=2037 nmethods=1626 adapters=324
 compilation: enabled

Compilation events (10 events):
Event: 1.998 Thread 0x000000001995c800 nmethod 1626 0x00000000030463d0 code [0x0000000003046520, 0x0000000003046630]
Event: 1.999 Thread 0x000000001995c800 1627       3       org.objectweb.asm.SymbolTable::get (13 bytes)
Event: 1.999 Thread 0x000000001995c800 nmethod 1627 0x0000000003046010 code [0x0000000003046160, 0x00000000030462f0]
Event: 1.999 Thread 0x000000001995c800 1628       1       java.lang.invoke.InnerClassLambdaMetafactory::access$300 (5 bytes)
Event: 1.999 Thread 0x000000001995c800 nmethod 1628 0x000000000304ea10 code [0x000000000304eb60, 0x000000000304ec50]
Event: 2.000 Thread 0x000000001995c800 1629       3       org.objectweb.asm.SymbolTable::hash (10 bytes)
Event: 2.000 Thread 0x000000001995c800 nmethod 1629 0x000000000304ecd0 code [0x000000000304ee40, 0x000000000304f048]
Event: 2.004 Thread 0x000000001995c800 1630       3       org.objectweb.asm.ByteVector::putShort (52 bytes)
Event: 2.004 Thread 0x000000001995c800 nmethod 1630 0x000000000304f110 code [0x000000000304f280, 0x000000000304f4c8]
Event: 2.009 Thread 0x000000001994f000 1631       4       java.io.WinNTFileSystem::normalize (231 bytes)

GC Heap History (8 events):
Event: 0.521 GC heap before
{Heap before GC invocations=1 (full 0):
 PSYoungGen      total 37888K, used 32768K [0x00000000d5580000, 0x00000000d7f80000, 0x0000000100000000)
  eden space 32768K, 100% used [0x00000000d5580000,0x00000000d7580000,0x00000000d7580000)
  from space 5120K, 0% used [0x00000000d7a80000,0x00000000d7a80000,0x00000000d7f80000)
  to   space 5120K, 0% used [0x00000000d7580000,0x00000000d7580000,0x00000000d7a80000)
 ParOldGen       total 86016K, used 0K [0x0000000080000000, 0x0000000085400000, 0x00000000d5580000)
  object space 86016K, 0% used [0x0000000080000000,0x0000000080000000,0x0000000085400000)
 Metaspace       used 7547K, capacity 7850K, committed 8064K, reserved 1056768K
  class space    used 931K, capacity 1041K, committed 1152K, reserved 1048576K
Event: 0.525 GC heap after
Heap after GC invocations=1 (full 0):
 PSYoungGen      total 37888K, used 4590K [0x00000000d5580000, 0x00000000d7f80000, 0x0000000100000000)
  eden space 32768K, 0% used [0x00000000d5580000,0x00000000d5580000,0x00000000d7580000)
  from space 5120K, 89% used [0x00000000d7580000,0x00000000d79fb8e0,0x00000000d7a80000)
  to   space 5120K, 0% used [0x00000000d7a80000,0x00000000d7a80000,0x00000000d7f80000)
 ParOldGen       total 86016K, used 16K [0x0000000080000000, 0x0000000085400000, 0x00000000d5580000)
  object space 86016K, 0% used [0x0000000080000000,0x0000000080004000,0x0000000085400000)
 Metaspace       used 7547K, capacity 7850K, committed 8064K, reserved 1056768K
  class space    used 931K, capacity 1041K, committed 1152K, reserved 1048576K
}
Event: 0.720 GC heap before
{Heap before GC invocations=2 (full 0):
 PSYoungGen      total 37888K, used 37358K [0x00000000d5580000, 0x00000000d7f80000, 0x0000000100000000)
  eden space 32768K, 100% used [0x00000000d5580000,0x00000000d7580000,0x00000000d7580000)
  from space 5120K, 89% used [0x00000000d7580000,0x00000000d79fb8e0,0x00000000d7a80000)
  to   space 5120K, 0% used [0x00000000d7a80000,0x00000000d7a80000,0x00000000d7f80000)
 ParOldGen       total 86016K, used 16K [0x0000000080000000, 0x0000000085400000, 0x00000000d5580000)
  object space 86016K, 0% used [0x0000000080000000,0x0000000080004000,0x0000000085400000)
 Metaspace       used 7782K, capacity 8060K, committed 8320K, reserved 1056768K
  class space    used 952K, capacity 1047K, committed 1152K, reserved 1048576K
Event: 0.727 GC heap after
Heap after GC invocations=2 (full 0):
 PSYoungGen      total 37888K, used 3345K [0x00000000d5580000, 0x00000000d9f80000, 0x0000000100000000)
  eden space 32768K, 0% used [0x00000000d5580000,0x00000000d5580000,0x00000000d7580000)
  from space 5120K, 65% used [0x00000000d7a80000,0x00000000d7dc45f8,0x00000000d7f80000)
  to   space 5120K, 0% used [0x00000000d7580000,0x00000000d7580000,0x00000000d7a80000)
 ParOldGen       total 86016K, used 24K [0x0000000080000000, 0x0000000085400000, 0x00000000d5580000)
  object space 86016K, 0% used [0x0000000080000000,0x0000000080006000,0x0000000085400000)
 Metaspace       used 7782K, capacity 8060K, committed 8320K, reserved 1056768K
  class space    used 952K, capacity 1047K, committed 1152K, reserved 1048576K
}
Event: 1.546 GC heap before
{Heap before GC invocations=3 (full 0):
 PSYoungGen      total 37888K, used 36113K [0x00000000d5580000, 0x00000000d9f80000, 0x0000000100000000)
  eden space 32768K, 100% used [0x00000000d5580000,0x00000000d7580000,0x00000000d7580000)
  from space 5120K, 65% used [0x00000000d7a80000,0x00000000d7dc45f8,0x00000000d7f80000)
  to   space 5120K, 0% used [0x00000000d7580000,0x00000000d7580000,0x00000000d7a80000)
 ParOldGen       total 86016K, used 24K [0x0000000080000000, 0x0000000085400000, 0x00000000d5580000)
  object space 86016K, 0% used [0x0000000080000000,0x0000000080006000,0x0000000085400000)
 Metaspace       used 11958K, capacity 12306K, committed 12544K, reserved 1060864K
  class space    used 1586K, capacity 1689K, committed 1792K, reserved 1048576K
Event: 1.552 GC heap after
Heap after GC invocations=3 (full 0):
 PSYoungGen      total 37888K, used 5104K [0x00000000d5580000, 0x00000000d9f80000, 0x0000000100000000)
  eden space 32768K, 0% used [0x00000000d5580000,0x00000000d5580000,0x00000000d7580000)
  from space 5120K, 99% used [0x00000000d7580000,0x00000000d7a7c030,0x00000000d7a80000)
  to   space 5120K, 0% used [0x00000000d9a80000,0x00000000d9a80000,0x00000000d9f80000)
 ParOldGen       total 86016K, used 992K [0x0000000080000000, 0x0000000085400000, 0x00000000d5580000)
  object space 86016K, 1% used [0x0000000080000000,0x00000000800f8158,0x0000000085400000)
 Metaspace       used 11958K, capacity 12306K, committed 12544K, reserved 1060864K
  class space    used 1586K, capacity 1689K, committed 1792K, reserved 1048576K
}
Event: 1.738 GC heap before
{Heap before GC invocations=4 (full 0):
 PSYoungGen      total 37888K, used 37770K [0x00000000d5580000, 0x00000000d9f80000, 0x0000000100000000)
  eden space 32768K, 99% used [0x00000000d5580000,0x00000000d7566b00,0x00000000d7580000)
  from space 5120K, 99% used [0x00000000d7580000,0x00000000d7a7c030,0x00000000d7a80000)
  to   space 5120K, 0% used [0x00000000d9a80000,0x00000000d9a80000,0x00000000d9f80000)
 ParOldGen       total 86016K, used 992K [0x0000000080000000, 0x0000000085400000, 0x00000000d5580000)
  object space 86016K, 1% used [0x0000000080000000,0x00000000800f8158,0x0000000085400000)
 Metaspace       used 14650K, capacity 15234K, committed 15488K, reserved 1062912K
  class space    used 1998K, capacity 2157K, committed 2176K, reserved 1048576K
Event: 1.743 GC heap after
Heap after GC invocations=4 (full 0):
 PSYoungGen      total 70656K, used 5119K [0x00000000d5580000, 0x00000000d9f80000, 0x0000000100000000)
  eden space 65536K, 0% used [0x00000000d5580000,0x00000000d5580000,0x00000000d9580000)
  from space 5120K, 99% used [0x00000000d9a80000,0x00000000d9f7fc30,0x00000000d9f80000)
  to   space 5120K, 0% used [0x00000000d9580000,0x00000000d9580000,0x00000000d9a80000)
 ParOldGen       total 86016K, used 3402K [0x0000000080000000, 0x0000000085400000, 0x00000000d5580000)
  object space 86016K, 3% used [0x0000000080000000,0x00000000803528b8,0x0000000085400000)
 Metaspace       used 14650K, capacity 15234K, committed 15488K, reserved 1062912K
  class space    used 1998K, capacity 2157K, committed 2176K, reserved 1048576K
}

Deoptimization events (10 events):
Event: 1.684 Thread 0x000000001ab55800 Uncommon trap: reason=class_check action=maybe_recompile pc=0x0000000002c8570c method=java.util.regex.Matcher.match(II)Z @ 86
Event: 1.767 Thread 0x000000001ab55800 Uncommon trap: reason=unstable_if action=reinterpret pc=0x0000000002df2a4c method=java.io.File.getName()Ljava/lang/String; @ 16
Event: 1.767 Thread 0x000000001ab55800 Uncommon trap: reason=unstable_if action=reinterpret pc=0x0000000002df651c method=java.lang.String.substring(I)Ljava/lang/String; @ 35
Event: 1.879 Thread 0x000000001ab55800 Uncommon trap: reason=unstable_if action=reinterpret pc=0x0000000002df6a70 method=java.util.LinkedHashMap.afterNodeInsertion(Z)V @ 1
Event: 1.880 Thread 0x000000001ab55800 Uncommon trap: reason=unstable_if action=reinterpret pc=0x0000000002d3ab3c method=java.util.HashMap.getNode(ILjava/lang/Object;)Ljava/util/HashMap$Node; @ 129
Event: 1.880 Thread 0x000000001ab55800 Uncommon trap: reason=bimorphic action=maybe_recompile pc=0x0000000002f8c7ec method=java.util.HashMap.putVal(ILjava/lang/Object;Ljava/lang/Object;ZZ)Ljava/lang/Object; @ 203
Event: 1.883 Thread 0x000000001ab55800 Uncommon trap: reason=unstable_if action=reinterpret pc=0x0000000002d3bf7c method=java.util.HashMap.getNode(ILjava/lang/Object;)Ljava/util/HashMap$Node; @ 129
Event: 1.883 Thread 0x000000001ab55800 Uncommon trap: reason=bimorphic action=maybe_recompile pc=0x0000000002f8c7ec method=java.util.HashMap.putVal(ILjava/lang/Object;Ljava/lang/Object;ZZ)Ljava/lang/Object; @ 203
Event: 1.883 Thread 0x000000001ab55800 Uncommon trap: reason=bimorphic action=maybe_recompile pc=0x0000000002f9b110 method=java.util.HashMap.putVal(ILjava/lang/Object;Ljava/lang/Object;ZZ)Ljava/lang/Object; @ 203
Event: 1.958 Thread 0x000000001ab55800 Uncommon trap: reason=unstable_if action=reinterpret pc=0x0000000002fef3cc method=java.util.jar.Attributes$Name.isDigit(C)Z @ 3

Classes redefined (0 events):
No events

Internal exceptions (10 events):
Event: 1.539 Thread 0x000000001c332000 Exception <a 'java/lang/NoSuchMethodError': <clinit>> (0x00000000d74e8580) thrown at [C:\src\AOSP-openjdk-git\hotspot\src\share\vm\prims\jni.cpp, line 1615]
Event: 1.540 Thread 0x000000001c332000 Exception <a 'java/lang/NoSuchMethodError': <clinit>> (0x00000000d74fcb68) thrown at [C:\src\AOSP-openjdk-git\hotspot\src\share\vm\prims\jni.cpp, line 1615]
Event: 1.544 Thread 0x000000001c332000 Exception <a 'java/lang/NoSuchMethodError': <clinit>> (0x00000000d7569c78) thrown at [C:\src\AOSP-openjdk-git\hotspot\src\share\vm\prims\jni.cpp, line 1615]
Event: 1.554 Thread 0x000000001c332000 Exception <a 'java/lang/NoSuchMethodError': <clinit>> (0x00000000d55a41e8) thrown at [C:\src\AOSP-openjdk-git\hotspot\src\share\vm\prims\jni.cpp, line 1615]
Event: 1.558 Thread 0x000000001c332000 Exception <a 'java/lang/NoSuchMethodError': <clinit>> (0x00000000d55d9d98) thrown at [C:\src\AOSP-openjdk-git\hotspot\src\share\vm\prims\jni.cpp, line 1615]
Event: 1.559 Thread 0x000000001c332000 Exception <a 'java/lang/NoSuchMethodError': <clinit>> (0x00000000d55e62f8) thrown at [C:\src\AOSP-openjdk-git\hotspot\src\share\vm\prims\jni.cpp, line 1615]
Event: 1.789 Thread 0x000000001ab55800 Exception <a 'java/lang/NoSuchMethodError': java.lang.Object.lambda$and$0(Ljava/util/function/Predicate;Ljava/lang/Object;)Z> (0x00000000d5a72188) thrown at [C:\src\AOSP-openjdk-git\hotspot\src\share\vm\interpreter\linkResolver.cpp, line 620]
Event: 1.792 Thread 0x000000001ab55800 Exception <a 'java/lang/IncompatibleClassChangeError': Found class java.lang.Object, but interface was expected> (0x00000000d5a82480) thrown at [C:\src\AOSP-openjdk-git\hotspot\src\share\vm\interpreter\linkResolver.cpp, line 653]
Event: 1.793 Thread 0x000000001ab55800 Exception <a 'java/lang/NoSuchMethodError': java.lang.Object.lambda$or$2(Ljava/util/function/Predicate;Ljava/lang/Object;)Z> (0x00000000d5a86fd0) thrown at [C:\src\AOSP-openjdk-git\hotspot\src\share\vm\interpreter\linkResolver.cpp, line 620]
Event: 1.904 Thread 0x000000001ab55800 Exception <a 'java/lang/NoSuchMethodError': java.lang.Object.lambda$static$0(Lorg/gradle/internal/state/ModelObject;)Ljava/lang/String;> (0x00000000d72aa220) thrown at [C:\src\AOSP-openjdk-git\hotspot\src\share\vm\interpreter\linkResolver.cpp, line 620]

Events (10 events):
Event: 2.010 loading class org/gradle/configuration/ScriptPluginFactorySelector
Event: 2.010 loading class org/gradle/configuration/ScriptPluginFactorySelector done
Event: 2.010 loading class org/gradle/configuration/ScriptPluginFactorySelector$ProviderInstantiator
Event: 2.010 loading class org/gradle/configuration/ScriptPluginFactorySelector$ProviderInstantiator done
Event: 2.010 loading class org/gradle/configuration/ScriptPluginFactorySelector$1
Event: 2.010 loading class org/gradle/configuration/ScriptPluginFactorySelector$1 done
Event: 2.011 loading class org/gradle/api/internal/initialization/DefaultScriptClassPathResolver
Event: 2.011 loading class org/gradle/api/internal/initialization/DefaultScriptClassPathResolver done
Event: 2.011 loading class org/gradle/model/internal/inspect/ValidationProblemCollector
Event: 2.011 loading class org/gradle/model/internal/inspect/ValidationProblemCollector done


Dynamic libraries:
0x00007ff730f10000 - 0x00007ff730f41000 	C:\Program Files\Android\Android Studio\jre\bin\java.exe
0x00007ffd72f00000 - 0x00007ffd730f0000 	C:\Windows\SYSTEM32\ntdll.dll
0x00007ffd72720000 - 0x00007ffd727d2000 	C:\Windows\System32\KERNEL32.DLL
0x00007ffd70210000 - 0x00007ffd704b5000 	C:\Windows\System32\KERNELBASE.dll
0x00007ffd71180000 - 0x00007ffd71223000 	C:\Windows\System32\ADVAPI32.dll
0x00007ffd715d0000 - 0x00007ffd7166e000 	C:\Windows\System32\msvcrt.dll
0x00007ffd71230000 - 0x00007ffd712c7000 	C:\Windows\System32\sechost.dll
0x00007ffd71b20000 - 0x00007ffd71c40000 	C:\Windows\System32\RPCRT4.dll
0x00007ffd72d20000 - 0x00007ffd72eb4000 	C:\Windows\System32\USER32.dll
0x00007ffd70000000 - 0x00007ffd70021000 	C:\Windows\System32\win32u.dll
0x00007ffd71a90000 - 0x00007ffd71ab6000 	C:\Windows\System32\GDI32.dll
0x00007ffd70d70000 - 0x00007ffd70f06000 	C:\Windows\System32\gdi32full.dll
0x00007ffd70f10000 - 0x00007ffd70fae000 	C:\Windows\System32\msvcp_win.dll
0x00007ffd70c70000 - 0x00007ffd70d6a000 	C:\Windows\System32\ucrtbase.dll
0x00007ffd5d750000 - 0x00007ffd5d9d4000 	C:\Windows\WinSxS\amd64_microsoft.windows.common-controls_6595b64144ccf1df_6.0.18362.1256_none_9e7e379be45e40e2\COMCTL32.dll
0x00007ffd71c40000 - 0x00007ffd71f76000 	C:\Windows\System32\combase.dll
0x00007ffd70180000 - 0x00007ffd70201000 	C:\Windows\System32\bcryptPrimitives.dll
0x00007ffd70fb0000 - 0x00007ffd70fde000 	C:\Windows\System32\IMM32.DLL
0x00000000522e0000 - 0x00000000523b2000 	C:\Program Files\Android\Android Studio\jre\jre\bin\msvcr100.dll
0x0000000052d10000 - 0x000000005355b000 	C:\Program Files\Android\Android Studio\jre\jre\bin\server\jvm.dll
0x00007ffd710f0000 - 0x00007ffd710f8000 	C:\Windows\System32\PSAPI.DLL
0x00007ffd6e890000 - 0x00007ffd6e89a000 	C:\Windows\SYSTEM32\VERSION.dll
0x00007ffd5bb80000 - 0x00007ffd5bba4000 	C:\Windows\SYSTEM32\WINMM.dll
0x00007ffd68fb0000 - 0x00007ffd68fb9000 	C:\Windows\SYSTEM32\WSOCK32.dll
0x00007ffd71740000 - 0x00007ffd717af000 	C:\Windows\System32\WS2_32.dll
0x00007ffd5bb40000 - 0x00007ffd5bb6d000 	C:\Windows\SYSTEM32\WINMMBASE.dll
0x00007ffd6ffb0000 - 0x00007ffd6fffa000 	C:\Windows\System32\cfgmgr32.dll
0x00007ffd53d90000 - 0x00007ffd53d9f000 	C:\Program Files\Android\Android Studio\jre\jre\bin\verify.dll
0x00007ffd47420000 - 0x00007ffd47449000 	C:\Program Files\Android\Android Studio\jre\jre\bin\java.dll
0x00007ffd53d70000 - 0x00007ffd53d86000 	C:\Program Files\Android\Android Studio\jre\jre\bin\zip.dll
0x00007ffd71f80000 - 0x00007ffd72667000 	C:\Windows\System32\SHELL32.dll
0x00007ffd72670000 - 0x00007ffd72719000 	C:\Windows\System32\shcore.dll
0x00007ffd704e0000 - 0x00007ffd70c61000 	C:\Windows\System32\windows.storage.dll
0x00007ffd6fdd0000 - 0x00007ffd6fdf3000 	C:\Windows\System32\profapi.dll
0x00007ffd6fe20000 - 0x00007ffd6fe6a000 	C:\Windows\System32\powrprof.dll
0x00007ffd6fda0000 - 0x00007ffd6fdb0000 	C:\Windows\System32\UMPDC.dll
0x00007ffd717b0000 - 0x00007ffd71802000 	C:\Windows\System32\shlwapi.dll
0x00007ffd6fdb0000 - 0x00007ffd6fdc1000 	C:\Windows\System32\kernel.appcore.dll
0x00007ffd704c0000 - 0x00007ffd704d7000 	C:\Windows\System32\cryptsp.dll
0x00007ffd47400000 - 0x00007ffd4741a000 	C:\Program Files\Android\Android Studio\jre\jre\bin\net.dll
0x00007ffd6f5f0000 - 0x00007ffd6f657000 	C:\Windows\system32\mswsock.dll
0x00007ffd40070000 - 0x00007ffd40083000 	C:\Program Files\Android\Android Studio\jre\jre\bin\nio.dll
0x00007ffd40710000 - 0x00007ffd40737000 	C:\Users\Apolo\.gradle\native\f6784746aeab05261644944871eae4fe03e0ef1612fff0a4a95f87b438bc6780\windows-amd64\native-platform.dll
0x00007ffd4ba40000 - 0x00007ffd4ba4d000 	C:\Program Files\Android\Android Studio\jre\jre\bin\management.dll
0x00007ffd6f160000 - 0x00007ffd6f193000 	C:\Windows\system32\rsaenh.dll
0x00007ffd6ff80000 - 0x00007ffd6ffa6000 	C:\Windows\System32\bcrypt.dll
0x00007ffd6fc80000 - 0x00007ffd6fca5000 	C:\Windows\SYSTEM32\USERENV.dll
0x00007ffd6f7c0000 - 0x00007ffd6f7cc000 	C:\Windows\SYSTEM32\CRYPTBASE.dll
0x00007ffd6f300000 - 0x00007ffd6f33a000 	C:\Windows\SYSTEM32\IPHLPAPI.DLL
0x00007ffd71410000 - 0x00007ffd71418000 	C:\Windows\System32\NSI.dll
0x00007ffd64000000 - 0x00007ffd64016000 	C:\Windows\SYSTEM32\dhcpcsvc6.DLL
0x00007ffd65ad0000 - 0x00007ffd65aec000 	C:\Windows\SYSTEM32\dhcpcsvc.DLL
0x00007ffd6f340000 - 0x00007ffd6f40b000 	C:\Windows\SYSTEM32\DNSAPI.dll
0x00007ffd661f0000 - 0x00007ffd661fb000 	C:\Windows\SYSTEM32\WINNSI.DLL

VM Arguments:
jvm_args: -Xmx2048m -Dfile.encoding=UTF-8 -Duser.country=ES -Duser.language=es -Duser.variant 
java_command: org.gradle.launcher.daemon.bootstrap.GradleDaemon 6.5
java_class_path (initial): C:\Users\Apolo\.gradle\wrapper\dists\gradle-6.5-bin\6nifqtx7604sqp1q6g8wikw7p\gradle-6.5\lib\gradle-launcher-6.5.jar
Launcher Type: SUN_STANDARD

Environment Variables:
PATH=C:\Program Files\Common Files\Oracle\Java\javapath;C:\Program Files (x86)\Common Files\Oracle\Java\javapath;C:\orant\bin;C:\Windows\system32;C:\Windows;C:\Windows\System32\Wbem;C:\Windows\System32\WindowsPowerShell\v1.0\;C:\Windows\System32\OpenSSH\;C:\orant\jdk\bin;C:\Program Files (x86)\Intel\Intel(R) Memory And Storage Tool\;C:\Program Files\Git\cmd;C:\Users\Apolo\AppData\Local\Microsoft\WindowsApps;
USERNAME=Apolo
OS=Windows_NT
PROCESSOR_IDENTIFIER=Intel64 Family 6 Model 126 Stepping 5, GenuineIntel



---------------  S Y S T E M  ---------------

OS: Windows 10.0 , 64 bit Build 18362 (10.0.18362.1110)

CPU:total 8 (initial active 8) (4 cores per cpu, 2 threads per core) family 6 model 126 stepping 5, cmov, cx8, fxsr, mmx, sse, sse2, sse3, ssse3, sse4.1, sse4.2, popcnt, avx, avx2, aes, clmul, erms, 3dnowpref, lzcnt, ht, tsc, tscinvbit, bmi1, bmi2, adx

Memory: 4k page, physical 8165048k(1203004k free), swap 11736884k(5120k free)

vm_info: OpenJDK 64-Bit Server VM (25.242-b01) for windows-amd64 JRE (1.8.0_242-release-1644-b01), built by "builder" with MS VC++ 10.0 (VS2010)

time: Tue Dec 15 10:23:30 2020
timezone: Hora de verano de Paraguay
elapsed time: 2 seconds (0d 0h 0m 2s)

