#
# There is insufficient memory for the Java Runtime Environment to continue.
# Native memory allocation (malloc) failed to allocate 1342096 bytes for Chunk::new
# Possible reasons:
#   The system is out of physical RAM or swap space
#   The process is running with CompressedOops enabled, and the Java Heap may be blocking the growth of the native heap
# Possible solutions:
#   Reduce memory load on the system
#   Increase physical memory or swap space
#   Check if swap backing store is full
#   Decrease Java heap size (-Xmx/-Xms)
#   Decrease number of Java threads
#   Decrease Java thread stack sizes (-Xss)
#   Set larger code cache with -XX:ReservedCodeCacheSize=
#   JVM is running with Unscaled Compressed Oops mode in which the Java heap is
#     placed in the first 4GB address space. The Java Heap base address is the
#     maximum limit for the native heap growth. Please use -XX:HeapBaseMinAddress
#     to set the Java Heap base and to place the Java Heap above 4GB virtual address.
# This output file may be truncated or incomplete.
#
#  Out of Memory Error (allocation.cpp:389), pid=18960, tid=0x0000000000001eb8
#
# JRE version: OpenJDK Runtime Environment (8.0_242-b01) (build 1.8.0_242-release-1644-b01)
# Java VM: OpenJDK 64-Bit Server VM (25.242-b01 mixed mode windows-amd64 compressed oops)
# Failed to write core dump. Minidumps are not enabled by default on client versions of Windows
#

---------------  T H R E A D  ---------------

Current thread (0x00000000181ae000):  JavaThread "C2 CompilerThread2" daemon [_thread_in_native, id=7864, stack(0x000000001aaa0000,0x000000001aba0000)]

Stack: [0x000000001aaa0000,0x000000001aba0000]
[error occurred during error reporting (printing stack bounds), id 0xc0000005]

Native frames: (J=compiled Java code, j=interpreted, Vv=VM code, C=native code)


Current CompileTask:
C2:   1907 1467       4       java.net.URLClassLoader$1::run (5 bytes)


---------------  P R O C E S S  ---------------

Java Threads: ( => current thread )
  0x000000001cbdf800 JavaThread "Cache worker for file hash cache (C:\Users\Apolo\.gradle\caches\6.5\fileHashes)" [_thread_blocked, id=20160, stack(0x000000001eef0000,0x000000001eff0000)]
  0x000000001cbdc800 JavaThread "File lock request listener" [_thread_in_native, id=15012, stack(0x000000001edf0000,0x000000001eef0000)]
  0x000000001cb33000 JavaThread "Cache worker for journal cache (C:\Users\Apolo\.gradle\caches\journal-1)" [_thread_blocked, id=14012, stack(0x000000001ecf0000,0x000000001edf0000)]
  0x000000001b051000 JavaThread "Thread-9" [_thread_blocked, id=21176, stack(0x000000001e9f0000,0x000000001eaf0000)]
  0x000000001bcda000 JavaThread "Stdin handler" [_thread_blocked, id=21180, stack(0x000000001e8f0000,0x000000001e9f0000)]
  0x000000001bcd7000 JavaThread "Asynchronous log dispatcher for DefaultDaemonConnection: socket connection from /127.0.0.1:56184 to /127.0.0.1:56185" [_thread_blocked, id=14452, stack(0x000000001e7f0000,0x000000001e8f0000)]
  0x000000001bc96800 JavaThread "Daemon worker" [_thread_in_vm, id=1412, stack(0x000000001e6f0000,0x000000001e7f0000)]
  0x000000001bc95800 JavaThread "Cancel handler" [_thread_blocked, id=2384, stack(0x000000001e5f0000,0x000000001e6f0000)]
  0x000000001ca63800 JavaThread "Handler for socket connection from /127.0.0.1:56184 to /127.0.0.1:56185" [_thread_in_native, id=21160, stack(0x000000001e4f0000,0x000000001e5f0000)]
  0x000000001ca5c000 JavaThread "Daemon" [_thread_blocked, id=18256, stack(0x000000001e3f0000,0x000000001e4f0000)]
  0x000000001ca43800 JavaThread "Daemon periodic checks" [_thread_blocked, id=8704, stack(0x000000001e0f0000,0x000000001e1f0000)]
  0x000000001ca41800 JavaThread "Incoming local TCP Connector on port 56184" [_thread_in_native, id=19388, stack(0x000000001de80000,0x000000001df80000)]
  0x000000001aed1000 JavaThread "Daemon health stats" [_thread_blocked, id=16380, stack(0x000000001d840000,0x000000001d940000)]
  0x0000000019fd5000 JavaThread "Service Thread" daemon [_thread_blocked, id=20732, stack(0x000000001aca0000,0x000000001ada0000)]
  0x0000000019fc6000 JavaThread "C1 CompilerThread3" daemon [_thread_in_native, id=13100, stack(0x000000001aba0000,0x000000001aca0000)]
=>0x00000000181ae000 JavaThread "C2 CompilerThread2" daemon [_thread_in_native, id=7864, stack(0x000000001aaa0000,0x000000001aba0000)]
  0x00000000181ac000 JavaThread "C2 CompilerThread1" daemon [_thread_blocked, id=17556, stack(0x000000001a9a0000,0x000000001aaa0000)]
  0x0000000019fb1800 JavaThread "C2 CompilerThread0" daemon [_thread_blocked, id=6244, stack(0x000000001a8a0000,0x000000001a9a0000)]
  0x0000000019fb6800 JavaThread "Attach Listener" daemon [_thread_blocked, id=19924, stack(0x000000001a7a0000,0x000000001a8a0000)]
  0x0000000019fb5800 JavaThread "Signal Dispatcher" daemon [_thread_blocked, id=19368, stack(0x000000001a6a0000,0x000000001a7a0000)]
  0x0000000019fa1800 JavaThread "Finalizer" daemon [_thread_blocked, id=17544, stack(0x000000001a480000,0x000000001a580000)]
  0x0000000019fa0800 JavaThread "Reference Handler" daemon [_thread_blocked, id=17612, stack(0x000000001a380000,0x000000001a480000)]
  0x00000000016dd800 JavaThread "main" [_thread_blocked, id=10216, stack(0x0000000002f30000,0x0000000003030000)]

Other Threads:
  0x0000000018198000 VMThread [stack: 0x0000000019e80000,0x0000000019f80000] [id=8560]
  0x0000000019fd5800 WatcherThread [stack: 0x000000001ada0000,0x000000001aea0000] [id=9944]

VM state:not at safepoint (normal execution)

VM Mutex/Monitor currently owned by a thread: None

heap address: 0x0000000080000000, size: 2048 MB, Compressed Oops mode: 32-bit
Narrow klass base: 0x0000000000000000, Narrow klass shift: 3
Compressed class space size: 1073741824 Address: 0x0000000100000000

Heap:
 PSYoungGen      total 37888K, used 11249K [0x00000000d5580000, 0x00000000d9f80000, 0x0000000100000000)
  eden space 32768K, 18% used [0x00000000d5580000,0x00000000d5b7ca78,0x00000000d7580000)
  from space 5120K, 99% used [0x00000000d7a80000,0x00000000d7f7fc30,0x00000000d7f80000)
  to   space 5120K, 0% used [0x00000000d7580000,0x00000000d7580000,0x00000000d7a80000)
 ParOldGen       total 86016K, used 3338K [0x0000000080000000, 0x0000000085400000, 0x00000000d5580000)
  object space 86016K, 3% used [0x0000000080000000,0x0000000080342890,0x0000000085400000)
 Metaspace       used 16021K, capacity 16672K, committed 16896K, reserved 1064960K
  class space    used 2107K, capacity 2274K, committed 2304K, reserved 1048576K

Card table byte_map: [0x00000000124f0000,0x0000000012900000] byte_map_base: 0x00000000120f0000

Marking Bits: (ParMarkBitMap*) 0x00000000534df030
 Begin Bits: [0x00000000133b0000, 0x00000000153b0000)
 End Bits:   [0x00000000153b0000, 0x00000000173b0000)

Polling page: 0x0000000001170000

CodeCache: size=245760Kb used=5292Kb max_used=5292Kb free=240467Kb
 bounds [0x0000000003130000, 0x0000000003660000, 0x0000000012130000]
 total_blobs=1889 nmethods=1492 adapters=310
 compilation: enabled

Compilation events (10 events):
Event: 1.892 Thread 0x00000000181ac000 nmethod 1486 0x0000000003655a10 code [0x0000000003655be0, 0x00000000036571c8]
Event: 1.893 Thread 0x0000000019fc6000 1488       3       jdk.internal.org.objectweb.asm.MethodWriter::<init> (268 bytes)
Event: 1.894 Thread 0x0000000019fc6000 nmethod 1488 0x0000000003650f50 code [0x0000000003651180, 0x0000000003651e68]
Event: 1.894 Thread 0x0000000019fc6000 1489       3       jdk.internal.org.objectweb.asm.MethodWriter::visitMaxs (1159 bytes)
Event: 1.896 Thread 0x0000000019fc6000 nmethod 1489 0x0000000003658150 code [0x0000000003658600, 0x000000000365ac38]
Event: 1.896 Thread 0x0000000019fc6000 1487       3       jdk.internal.org.objectweb.asm.ClassWriter::visitMethod (24 bytes)
Event: 1.896 Thread 0x0000000019fc6000 nmethod 1487 0x000000000364e290 code [0x000000000364e400, 0x000000000364e648]
Event: 1.899 Thread 0x0000000019fc6000 1491       3       jdk.internal.org.objectweb.asm.MethodWriter::visitTypeInsn (110 bytes)
Event: 1.900 Thread 0x0000000019fc6000 nmethod 1491 0x0000000003655250 code [0x00000000036553e0, 0x0000000003655808]
Event: 1.906 Thread 0x0000000019fc6000 1493       3       jdk.internal.org.objectweb.asm.MethodWriter::visitFieldInsn (248 bytes)

GC Heap History (8 events):
Event: 0.558 GC heap before
{Heap before GC invocations=1 (full 0):
 PSYoungGen      total 37888K, used 32768K [0x00000000d5580000, 0x00000000d7f80000, 0x0000000100000000)
  eden space 32768K, 100% used [0x00000000d5580000,0x00000000d7580000,0x00000000d7580000)
  from space 5120K, 0% used [0x00000000d7a80000,0x00000000d7a80000,0x00000000d7f80000)
  to   space 5120K, 0% used [0x00000000d7580000,0x00000000d7580000,0x00000000d7a80000)
 ParOldGen       total 86016K, used 0K [0x0000000080000000, 0x0000000085400000, 0x00000000d5580000)
  object space 86016K, 0% used [0x0000000080000000,0x0000000080000000,0x0000000085400000)
 Metaspace       used 7544K, capacity 7850K, committed 8064K, reserved 1056768K
  class space    used 931K, capacity 1041K, committed 1152K, reserved 1048576K
Event: 0.563 GC heap after
Heap after GC invocations=1 (full 0):
 PSYoungGen      total 37888K, used 4572K [0x00000000d5580000, 0x00000000d7f80000, 0x0000000100000000)
  eden space 32768K, 0% used [0x00000000d5580000,0x00000000d5580000,0x00000000d7580000)
  from space 5120K, 89% used [0x00000000d7580000,0x00000000d79f7390,0x00000000d7a80000)
  to   space 5120K, 0% used [0x00000000d7a80000,0x00000000d7a80000,0x00000000d7f80000)
 ParOldGen       total 86016K, used 16K [0x0000000080000000, 0x0000000085400000, 0x00000000d5580000)
  object space 86016K, 0% used [0x0000000080000000,0x0000000080004000,0x0000000085400000)
 Metaspace       used 7544K, capacity 7850K, committed 8064K, reserved 1056768K
  class space    used 931K, capacity 1041K, committed 1152K, reserved 1048576K
}
Event: 0.768 GC heap before
{Heap before GC invocations=2 (full 0):
 PSYoungGen      total 37888K, used 37340K [0x00000000d5580000, 0x00000000d7f80000, 0x0000000100000000)
  eden space 32768K, 100% used [0x00000000d5580000,0x00000000d7580000,0x00000000d7580000)
  from space 5120K, 89% used [0x00000000d7580000,0x00000000d79f7390,0x00000000d7a80000)
  to   space 5120K, 0% used [0x00000000d7a80000,0x00000000d7a80000,0x00000000d7f80000)
 ParOldGen       total 86016K, used 16K [0x0000000080000000, 0x0000000085400000, 0x00000000d5580000)
  object space 86016K, 0% used [0x0000000080000000,0x0000000080004000,0x0000000085400000)
 Metaspace       used 7777K, capacity 8060K, committed 8320K, reserved 1056768K
  class space    used 952K, capacity 1047K, committed 1152K, reserved 1048576K
Event: 0.771 GC heap after
Heap after GC invocations=2 (full 0):
 PSYoungGen      total 37888K, used 3361K [0x00000000d5580000, 0x00000000d9f80000, 0x0000000100000000)
  eden space 32768K, 0% used [0x00000000d5580000,0x00000000d5580000,0x00000000d7580000)
  from space 5120K, 65% used [0x00000000d7a80000,0x00000000d7dc8608,0x00000000d7f80000)
  to   space 5120K, 0% used [0x00000000d7580000,0x00000000d7580000,0x00000000d7a80000)
 ParOldGen       total 86016K, used 24K [0x0000000080000000, 0x0000000085400000, 0x00000000d5580000)
  object space 86016K, 0% used [0x0000000080000000,0x0000000080006000,0x0000000085400000)
 Metaspace       used 7777K, capacity 8060K, committed 8320K, reserved 1056768K
  class space    used 952K, capacity 1047K, committed 1152K, reserved 1048576K
}
Event: 1.605 GC heap before
{Heap before GC invocations=3 (full 0):
 PSYoungGen      total 37888K, used 36129K [0x00000000d5580000, 0x00000000d9f80000, 0x0000000100000000)
  eden space 32768K, 100% used [0x00000000d5580000,0x00000000d7580000,0x00000000d7580000)
  from space 5120K, 65% used [0x00000000d7a80000,0x00000000d7dc8608,0x00000000d7f80000)
  to   space 5120K, 0% used [0x00000000d7580000,0x00000000d7580000,0x00000000d7a80000)
 ParOldGen       total 86016K, used 24K [0x0000000080000000, 0x0000000085400000, 0x00000000d5580000)
  object space 86016K, 0% used [0x0000000080000000,0x0000000080006000,0x0000000085400000)
 Metaspace       used 11950K, capacity 12306K, committed 12544K, reserved 1060864K
  class space    used 1585K, capacity 1689K, committed 1792K, reserved 1048576K
Event: 1.609 GC heap after
Heap after GC invocations=3 (full 0):
 PSYoungGen      total 37888K, used 5104K [0x00000000d5580000, 0x00000000d7f80000, 0x0000000100000000)
  eden space 32768K, 0% used [0x00000000d5580000,0x00000000d5580000,0x00000000d7580000)
  from space 5120K, 99% used [0x00000000d7580000,0x00000000d7a7c030,0x00000000d7a80000)
  to   space 5120K, 0% used [0x00000000d7a80000,0x00000000d7a80000,0x00000000d7f80000)
 ParOldGen       total 86016K, used 972K [0x0000000080000000, 0x0000000085400000, 0x00000000d5580000)
  object space 86016K, 1% used [0x0000000080000000,0x00000000800f33e0,0x0000000085400000)
 Metaspace       used 11950K, capacity 12306K, committed 12544K, reserved 1060864K
  class space    used 1585K, capacity 1689K, committed 1792K, reserved 1048576K
}
Event: 1.824 GC heap before
{Heap before GC invocations=4 (full 0):
 PSYoungGen      total 37888K, used 37769K [0x00000000d5580000, 0x00000000d7f80000, 0x0000000100000000)
  eden space 32768K, 99% used [0x00000000d5580000,0x00000000d7566490,0x00000000d7580000)
  from space 5120K, 99% used [0x00000000d7580000,0x00000000d7a7c030,0x00000000d7a80000)
  to   space 5120K, 0% used [0x00000000d7a80000,0x00000000d7a80000,0x00000000d7f80000)
 ParOldGen       total 86016K, used 972K [0x0000000080000000, 0x0000000085400000, 0x00000000d5580000)
  object space 86016K, 1% used [0x0000000080000000,0x00000000800f33e0,0x0000000085400000)
 Metaspace       used 14650K, capacity 15234K, committed 15488K, reserved 1062912K
  class space    used 1997K, capacity 2157K, committed 2176K, reserved 1048576K
Event: 1.828 GC heap after
Heap after GC invocations=4 (full 0):
 PSYoungGen      total 37888K, used 5119K [0x00000000d5580000, 0x00000000d9f80000, 0x0000000100000000)
  eden space 32768K, 0% used [0x00000000d5580000,0x00000000d5580000,0x00000000d7580000)
  from space 5120K, 99% used [0x00000000d7a80000,0x00000000d7f7fc30,0x00000000d7f80000)
  to   space 5120K, 0% used [0x00000000d7580000,0x00000000d7580000,0x00000000d7a80000)
 ParOldGen       total 86016K, used 3338K [0x0000000080000000, 0x0000000085400000, 0x00000000d5580000)
  object space 86016K, 3% used [0x0000000080000000,0x0000000080342890,0x0000000085400000)
 Metaspace       used 14650K, capacity 15234K, committed 15488K, reserved 1062912K
  class space    used 1997K, capacity 2157K, committed 2176K, reserved 1048576K
}

Deoptimization events (10 events):
Event: 1.635 Thread 0x000000001bc96800 Uncommon trap: reason=bimorphic action=maybe_recompile pc=0x00000000033e38c4 method=java.util.HashMap.putVal(ILjava/lang/Object;Ljava/lang/Object;ZZ)Ljava/lang/Object; @ 253
Event: 1.636 Thread 0x000000001bc96800 Uncommon trap: reason=bimorphic action=maybe_recompile pc=0x00000000033e38c4 method=java.util.HashMap.putVal(ILjava/lang/Object;Ljava/lang/Object;ZZ)Ljava/lang/Object; @ 253
Event: 1.636 Thread 0x000000001bc96800 Uncommon trap: reason=bimorphic action=maybe_recompile pc=0x00000000033e38c4 method=java.util.HashMap.putVal(ILjava/lang/Object;Ljava/lang/Object;ZZ)Ljava/lang/Object; @ 253
Event: 1.636 Thread 0x000000001bc96800 Uncommon trap: reason=bimorphic action=maybe_recompile pc=0x00000000033e38c4 method=java.util.HashMap.putVal(ILjava/lang/Object;Ljava/lang/Object;ZZ)Ljava/lang/Object; @ 253
Event: 1.773 Thread 0x000000001bc96800 Uncommon trap: reason=class_check action=maybe_recompile pc=0x00000000034655d8 method=java.util.regex.Matcher.match(II)Z @ 86
Event: 1.773 Thread 0x000000001bc96800 Uncommon trap: reason=class_check action=maybe_recompile pc=0x00000000034655d8 method=java.util.regex.Matcher.match(II)Z @ 86
Event: 1.773 Thread 0x000000001bc96800 Uncommon trap: reason=class_check action=maybe_recompile pc=0x00000000034655d8 method=java.util.regex.Matcher.match(II)Z @ 86
Event: 1.773 Thread 0x000000001bc96800 Uncommon trap: reason=class_check action=maybe_recompile pc=0x00000000032f3d8c method=java.util.regex.Matcher.match(II)Z @ 86
Event: 1.858 Thread 0x000000001bc96800 Uncommon trap: reason=unstable_if action=reinterpret pc=0x000000000344918c method=java.io.File.getName()Ljava/lang/String; @ 16
Event: 1.858 Thread 0x000000001bc96800 Uncommon trap: reason=unstable_if action=reinterpret pc=0x000000000344b69c method=java.lang.String.substring(I)Ljava/lang/String; @ 35

Classes redefined (0 events):
No events

Internal exceptions (10 events):
Event: 1.595 Thread 0x000000001ca63800 Exception <a 'java/lang/NoSuchMethodError': <clinit>> (0x00000000d74dec20) thrown at [C:\src\AOSP-openjdk-git\hotspot\src\share\vm\prims\jni.cpp, line 1615]
Event: 1.596 Thread 0x000000001ca63800 Exception <a 'java/lang/NoSuchMethodError': <clinit>> (0x00000000d74e8328) thrown at [C:\src\AOSP-openjdk-git\hotspot\src\share\vm\prims\jni.cpp, line 1615]
Event: 1.597 Thread 0x000000001ca63800 Exception <a 'java/lang/NoSuchMethodError': <clinit>> (0x00000000d74fc910) thrown at [C:\src\AOSP-openjdk-git\hotspot\src\share\vm\prims\jni.cpp, line 1615]
Event: 1.603 Thread 0x000000001ca63800 Exception <a 'java/lang/NoSuchMethodError': <clinit>> (0x00000000d7569998) thrown at [C:\src\AOSP-openjdk-git\hotspot\src\share\vm\prims\jni.cpp, line 1615]
Event: 1.614 Thread 0x000000001ca63800 Exception <a 'java/lang/NoSuchMethodError': <clinit>> (0x00000000d55a3ee0) thrown at [C:\src\AOSP-openjdk-git\hotspot\src\share\vm\prims\jni.cpp, line 1615]
Event: 1.618 Thread 0x000000001ca63800 Exception <a 'java/lang/NoSuchMethodError': <clinit>> (0x00000000d55fc4d0) thrown at [C:\src\AOSP-openjdk-git\hotspot\src\share\vm\prims\jni.cpp, line 1615]
Event: 1.619 Thread 0x000000001ca63800 Exception <a 'java/lang/NoSuchMethodError': <clinit>> (0x00000000d5608a30) thrown at [C:\src\AOSP-openjdk-git\hotspot\src\share\vm\prims\jni.cpp, line 1615]
Event: 1.893 Thread 0x000000001bc96800 Exception <a 'java/lang/NoSuchMethodError': java.lang.Object.lambda$and$0(Ljava/util/function/Predicate;Ljava/lang/Object;)Z> (0x00000000d5a537d8) thrown at [C:\src\AOSP-openjdk-git\hotspot\src\share\vm\interpreter\linkResolver.cpp, line 620]
Event: 1.899 Thread 0x000000001bc96800 Exception <a 'java/lang/IncompatibleClassChangeError': Found class java.lang.Object, but interface was expected> (0x00000000d5a63b60) thrown at [C:\src\AOSP-openjdk-git\hotspot\src\share\vm\interpreter\linkResolver.cpp, line 653]
Event: 1.902 Thread 0x000000001bc96800 Exception <a 'java/lang/NoSuchMethodError': java.lang.Object.lambda$or$2(Ljava/util/function/Predicate;Ljava/lang/Object;)Z> (0x00000000d5a686b0) thrown at [C:\src\AOSP-openjdk-git\hotspot\src\share\vm\interpreter\linkResolver.cpp, line 620]

Events (10 events):
Event: 1.905 loading class org/gradle/internal/snapshot/SnapshotHierarchy$SnapshotDiffListener
Event: 1.905 loading class org/gradle/internal/snapshot/SnapshotHierarchy$SnapshotDiffListener done
Event: 1.905 loading class org/gradle/internal/vfs/impl/DefaultVirtualFileSystem
Event: 1.905 loading class org/gradle/internal/vfs/impl/DefaultVirtualFileSystem done
Event: 1.905 loading class org/gradle/internal/watch/registry/FileWatcherRegistryFactory
Event: 1.905 loading class org/gradle/internal/watch/registry/FileWatcherRegistryFactory done
Event: 1.905 loading class org/gradle/internal/vfs/impl/DefaultVirtualFileSystem
Event: 1.905 loading class org/gradle/internal/vfs/impl/DefaultVirtualFileSystem done
Event: 1.906 loading class org/gradle/internal/watch/vfs/impl/WatchingVirtualFileSystem
Event: 1.906 loading class org/gradle/internal/watch/vfs/impl/WatchingVirtualFileSystem done


Dynamic libraries:
0x00007ff730f10000 - 0x00007ff730f41000 	C:\Program Files\Android\Android Studio\jre\bin\java.exe
0x00007ffd72f00000 - 0x00007ffd730f0000 	C:\Windows\SYSTEM32\ntdll.dll
0x00007ffd72720000 - 0x00007ffd727d2000 	C:\Windows\System32\KERNEL32.DLL
0x00007ffd70210000 - 0x00007ffd704b5000 	C:\Windows\System32\KERNELBASE.dll
0x00007ffd71180000 - 0x00007ffd71223000 	C:\Windows\System32\ADVAPI32.dll
0x00007ffd715d0000 - 0x00007ffd7166e000 	C:\Windows\System32\msvcrt.dll
0x00007ffd71230000 - 0x00007ffd712c7000 	C:\Windows\System32\sechost.dll
0x00007ffd71b20000 - 0x00007ffd71c40000 	C:\Windows\System32\RPCRT4.dll
0x00007ffd72d20000 - 0x00007ffd72eb4000 	C:\Windows\System32\USER32.dll
0x00007ffd70000000 - 0x00007ffd70021000 	C:\Windows\System32\win32u.dll
0x00007ffd71a90000 - 0x00007ffd71ab6000 	C:\Windows\System32\GDI32.dll
0x00007ffd70d70000 - 0x00007ffd70f06000 	C:\Windows\System32\gdi32full.dll
0x00007ffd70f10000 - 0x00007ffd70fae000 	C:\Windows\System32\msvcp_win.dll
0x00007ffd70c70000 - 0x00007ffd70d6a000 	C:\Windows\System32\ucrtbase.dll
0x00007ffd5d750000 - 0x00007ffd5d9d4000 	C:\Windows\WinSxS\amd64_microsoft.windows.common-controls_6595b64144ccf1df_6.0.18362.1256_none_9e7e379be45e40e2\COMCTL32.dll
0x00007ffd71c40000 - 0x00007ffd71f76000 	C:\Windows\System32\combase.dll
0x00007ffd70180000 - 0x00007ffd70201000 	C:\Windows\System32\bcryptPrimitives.dll
0x00007ffd70fb0000 - 0x00007ffd70fde000 	C:\Windows\System32\IMM32.DLL
0x00000000522e0000 - 0x00000000523b2000 	C:\Program Files\Android\Android Studio\jre\jre\bin\msvcr100.dll
0x0000000052d10000 - 0x000000005355b000 	C:\Program Files\Android\Android Studio\jre\jre\bin\server\jvm.dll
0x00007ffd710f0000 - 0x00007ffd710f8000 	C:\Windows\System32\PSAPI.DLL
0x00007ffd5bb80000 - 0x00007ffd5bba4000 	C:\Windows\SYSTEM32\WINMM.dll
0x00007ffd68fb0000 - 0x00007ffd68fb9000 	C:\Windows\SYSTEM32\WSOCK32.dll
0x00007ffd6e890000 - 0x00007ffd6e89a000 	C:\Windows\SYSTEM32\VERSION.dll
0x00007ffd71740000 - 0x00007ffd717af000 	C:\Windows\System32\WS2_32.dll
0x00007ffd5bb40000 - 0x00007ffd5bb6d000 	C:\Windows\SYSTEM32\winmmbase.dll
0x00007ffd6ffb0000 - 0x00007ffd6fffa000 	C:\Windows\System32\cfgmgr32.dll
0x00007ffd53d90000 - 0x00007ffd53d9f000 	C:\Program Files\Android\Android Studio\jre\jre\bin\verify.dll
0x00007ffd47420000 - 0x00007ffd47449000 	C:\Program Files\Android\Android Studio\jre\jre\bin\java.dll
0x00007ffd53d70000 - 0x00007ffd53d86000 	C:\Program Files\Android\Android Studio\jre\jre\bin\zip.dll
0x00007ffd71f80000 - 0x00007ffd72667000 	C:\Windows\System32\SHELL32.dll
0x00007ffd72670000 - 0x00007ffd72719000 	C:\Windows\System32\shcore.dll
0x00007ffd704e0000 - 0x00007ffd70c61000 	C:\Windows\System32\windows.storage.dll
0x00007ffd6fdd0000 - 0x00007ffd6fdf3000 	C:\Windows\System32\profapi.dll
0x00007ffd6fe20000 - 0x00007ffd6fe6a000 	C:\Windows\System32\powrprof.dll
0x00007ffd6fda0000 - 0x00007ffd6fdb0000 	C:\Windows\System32\UMPDC.dll
0x00007ffd717b0000 - 0x00007ffd71802000 	C:\Windows\System32\shlwapi.dll
0x00007ffd6fdb0000 - 0x00007ffd6fdc1000 	C:\Windows\System32\kernel.appcore.dll
0x00007ffd704c0000 - 0x00007ffd704d7000 	C:\Windows\System32\cryptsp.dll
0x00007ffd47400000 - 0x00007ffd4741a000 	C:\Program Files\Android\Android Studio\jre\jre\bin\net.dll
0x00007ffd6f5f0000 - 0x00007ffd6f657000 	C:\Windows\system32\mswsock.dll
0x00007ffd40070000 - 0x00007ffd40083000 	C:\Program Files\Android\Android Studio\jre\jre\bin\nio.dll
0x00007ffd40710000 - 0x00007ffd40737000 	C:\Users\Apolo\.gradle\native\f6784746aeab05261644944871eae4fe03e0ef1612fff0a4a95f87b438bc6780\windows-amd64\native-platform.dll
0x00007ffd4ba40000 - 0x00007ffd4ba4d000 	C:\Program Files\Android\Android Studio\jre\jre\bin\management.dll
0x00007ffd6f160000 - 0x00007ffd6f193000 	C:\Windows\system32\rsaenh.dll
0x00007ffd6ff80000 - 0x00007ffd6ffa6000 	C:\Windows\System32\bcrypt.dll
0x00007ffd6fc80000 - 0x00007ffd6fca5000 	C:\Windows\SYSTEM32\USERENV.dll
0x00007ffd6f7c0000 - 0x00007ffd6f7cc000 	C:\Windows\SYSTEM32\CRYPTBASE.dll
0x00007ffd6f300000 - 0x00007ffd6f33a000 	C:\Windows\SYSTEM32\IPHLPAPI.DLL
0x00007ffd71410000 - 0x00007ffd71418000 	C:\Windows\System32\NSI.dll
0x00007ffd64000000 - 0x00007ffd64016000 	C:\Windows\SYSTEM32\dhcpcsvc6.DLL
0x00007ffd65ad0000 - 0x00007ffd65aec000 	C:\Windows\SYSTEM32\dhcpcsvc.DLL
0x00007ffd6f340000 - 0x00007ffd6f40b000 	C:\Windows\SYSTEM32\DNSAPI.dll
0x00007ffd661f0000 - 0x00007ffd661fb000 	C:\Windows\SYSTEM32\WINNSI.DLL

VM Arguments:
jvm_args: -Xmx2048m -Dfile.encoding=UTF-8 -Duser.country=ES -Duser.language=es -Duser.variant 
java_command: org.gradle.launcher.daemon.bootstrap.GradleDaemon 6.5
java_class_path (initial): C:\Users\Apolo\.gradle\wrapper\dists\gradle-6.5-bin\6nifqtx7604sqp1q6g8wikw7p\gradle-6.5\lib\gradle-launcher-6.5.jar
Launcher Type: SUN_STANDARD

Environment Variables:
PATH=C:\Program Files\Common Files\Oracle\Java\javapath;C:\Program Files (x86)\Common Files\Oracle\Java\javapath;C:\orant\bin;C:\Windows\system32;C:\Windows;C:\Windows\System32\Wbem;C:\Windows\System32\WindowsPowerShell\v1.0\;C:\Windows\System32\OpenSSH\;C:\orant\jdk\bin;C:\Program Files (x86)\Intel\Intel(R) Memory And Storage Tool\;C:\Program Files\Git\cmd;C:\Users\Apolo\AppData\Local\Microsoft\WindowsApps;
USERNAME=Apolo
OS=Windows_NT
PROCESSOR_IDENTIFIER=Intel64 Family 6 Model 126 Stepping 5, GenuineIntel



---------------  S Y S T E M  ---------------

OS: Windows 10.0 , 64 bit Build 18362 (10.0.18362.1110)

CPU:total 8 (initial active 8) (4 cores per cpu, 2 threads per core) family 6 model 126 stepping 5, cmov, cx8, fxsr, mmx, sse, sse2, sse3, ssse3, sse4.1, sse4.2, popcnt, avx, avx2, aes, clmul, erms, 3dnowpref, lzcnt, ht, tsc, tscinvbit, bmi1, bmi2, adx

Memory: 4k page, physical 8165048k(1373320k free), swap 11736884k(6112k free)

vm_info: OpenJDK 64-Bit Server VM (25.242-b01) for windows-amd64 JRE (1.8.0_242-release-1644-b01), built by "builder" with MS VC++ 10.0 (VS2010)

time: Tue Dec 15 10:19:20 2020
timezone: Hora de verano de Paraguay
elapsed time: 1 seconds (0d 0h 0m 1s)

