#
# There is insufficient memory for the Java Runtime Environment to continue.
# Native memory allocation (malloc) failed to allocate 1082256 bytes for Chunk::new
# Possible reasons:
#   The system is out of physical RAM or swap space
#   The process is running with CompressedOops enabled, and the Java Heap may be blocking the growth of the native heap
# Possible solutions:
#   Reduce memory load on the system
#   Increase physical memory or swap space
#   Check if swap backing store is full
#   Decrease Java heap size (-Xmx/-Xms)
#   Decrease number of Java threads
#   Decrease Java thread stack sizes (-Xss)
#   Set larger code cache with -XX:ReservedCodeCacheSize=
#   JVM is running with Unscaled Compressed Oops mode in which the Java heap is
#     placed in the first 4GB address space. The Java Heap base address is the
#     maximum limit for the native heap growth. Please use -XX:HeapBaseMinAddress
#     to set the Java Heap base and to place the Java Heap above 4GB virtual address.
# This output file may be truncated or incomplete.
#
#  Out of Memory Error (allocation.cpp:389), pid=16976, tid=0x0000000000003dc8
#
# JRE version: OpenJDK Runtime Environment (8.0_242-b01) (build 1.8.0_242-release-1644-b01)
# Java VM: OpenJDK 64-Bit Server VM (25.242-b01 mixed mode windows-amd64 compressed oops)
# Failed to write core dump. Minidumps are not enabled by default on client versions of Windows
#

---------------  T H R E A D  ---------------

Current thread (0x00000000180db000):  JavaThread "C2 CompilerThread1" daemon [_thread_in_native, id=15816, stack(0x000000001a8d0000,0x000000001a9d0000)]

Stack: [0x000000001a8d0000,0x000000001a9d0000]
[error occurred during error reporting (printing stack bounds), id 0xc0000005]

Native frames: (J=compiled Java code, j=interpreted, Vv=VM code, C=native code)


Current CompileTask:
C2:   2150 1491   !   4       java.net.URLClassLoader$1::run (63 bytes)


---------------  P R O C E S S  ---------------

Java Threads: ( => current thread )
  0x000000001cc0c800 JavaThread "Cache worker for file hash cache (C:\Users\Apolo\.gradle\caches\6.5\fileHashes)" [_thread_blocked, id=19248, stack(0x000000001f020000,0x000000001f120000)]
  0x000000001cc0b800 JavaThread "File lock request listener" [_thread_in_native, id=7552, stack(0x000000001ef20000,0x000000001f020000)]
  0x000000001cadf800 JavaThread "Cache worker for journal cache (C:\Users\Apolo\.gradle\caches\journal-1)" [_thread_blocked, id=14072, stack(0x000000001ee20000,0x000000001ef20000)]
  0x000000001b192800 JavaThread "Thread-9" [_thread_blocked, id=19540, stack(0x000000001eb20000,0x000000001ec20000)]
  0x000000001b192000 JavaThread "Stdin handler" [_thread_blocked, id=18420, stack(0x000000001ea20000,0x000000001eb20000)]
  0x000000001b081800 JavaThread "Asynchronous log dispatcher for DefaultDaemonConnection: socket connection from /127.0.0.1:56320 to /127.0.0.1:56321" [_thread_blocked, id=5116, stack(0x000000001e920000,0x000000001ea20000)]
  0x000000001b07f800 JavaThread "Daemon worker" [_thread_in_vm, id=9536, stack(0x000000001e820000,0x000000001e920000)]
  0x000000001b195800 JavaThread "Cancel handler" [_thread_blocked, id=6664, stack(0x000000001e720000,0x000000001e820000)]
  0x000000001c428000 JavaThread "Handler for socket connection from /127.0.0.1:56320 to /127.0.0.1:56321" [_thread_in_native, id=17008, stack(0x000000001e420000,0x000000001e520000)]
  0x000000001ca4f000 JavaThread "Daemon" [_thread_blocked, id=16060, stack(0x000000001e320000,0x000000001e420000)]
  0x000000001ca4f800 JavaThread "Daemon periodic checks" [_thread_blocked, id=20232, stack(0x000000001e220000,0x000000001e320000)]
  0x000000001ca2f000 JavaThread "Incoming local TCP Connector on port 56320" [_thread_in_native, id=18828, stack(0x000000001ddb0000,0x000000001deb0000)]
  0x000000001c728800 JavaThread "Daemon health stats" [_thread_blocked, id=18044, stack(0x000000001d770000,0x000000001d870000)]
  0x0000000019efa000 JavaThread "Service Thread" daemon [_thread_blocked, id=9312, stack(0x000000001abd0000,0x000000001acd0000)]
  0x0000000019eec000 JavaThread "C1 CompilerThread3" daemon [_thread_in_vm, id=20704, stack(0x000000001aad0000,0x000000001abd0000)]
  0x00000000180dd800 JavaThread "C2 CompilerThread2" daemon [_thread_blocked, id=17944, stack(0x000000001a9d0000,0x000000001aad0000)]
=>0x00000000180db000 JavaThread "C2 CompilerThread1" daemon [_thread_in_native, id=15816, stack(0x000000001a8d0000,0x000000001a9d0000)]
  0x0000000019ee3800 JavaThread "C2 CompilerThread0" daemon [_thread_in_native, id=20288, stack(0x000000001a7d0000,0x000000001a8d0000)]
  0x0000000019ee3000 JavaThread "Attach Listener" daemon [_thread_blocked, id=20320, stack(0x000000001a6d0000,0x000000001a7d0000)]
  0x0000000019ee5800 JavaThread "Signal Dispatcher" daemon [_thread_blocked, id=20864, stack(0x000000001a5d0000,0x000000001a6d0000)]
  0x0000000019ed1800 JavaThread "Finalizer" daemon [_thread_blocked, id=13260, stack(0x000000001a3b0000,0x000000001a4b0000)]
  0x0000000019ed0800 JavaThread "Reference Handler" daemon [_thread_blocked, id=20292, stack(0x000000001a2b0000,0x000000001a3b0000)]
  0x0000000002f5d800 JavaThread "main" [_thread_blocked, id=18744, stack(0x0000000002df0000,0x0000000002ef0000)]

Other Threads:
  0x00000000180c8000 VMThread [stack: 0x0000000019db0000,0x0000000019eb0000] [id=21400]
  0x0000000019f79000 WatcherThread [stack: 0x000000001acd0000,0x000000001add0000] [id=18572]

VM state:not at safepoint (normal execution)

VM Mutex/Monitor currently owned by a thread: None

heap address: 0x0000000080000000, size: 2048 MB, Compressed Oops mode: 32-bit
Narrow klass base: 0x0000000000000000, Narrow klass shift: 3
Compressed class space size: 1073741824 Address: 0x0000000100000000

Heap:
 PSYoungGen      total 70656K, used 64719K [0x00000000d5580000, 0x00000000d9f80000, 0x0000000100000000)
  eden space 65536K, 98% used [0x00000000d5580000,0x00000000d94b3c90,0x00000000d9580000)
  from space 5120K, 0% used [0x00000000d9580000,0x00000000d9580000,0x00000000d9a80000)
  to   space 5120K, 0% used [0x00000000d9a80000,0x00000000d9a80000,0x00000000d9f80000)
 ParOldGen       total 54272K, used 5561K [0x0000000080000000, 0x0000000083500000, 0x00000000d5580000)
  object space 54272K, 10% used [0x0000000080000000,0x000000008056e470,0x0000000083500000)
 Metaspace       used 16980K, capacity 17676K, committed 17920K, reserved 1067008K
  class space    used 2307K, capacity 2502K, committed 2560K, reserved 1048576K

Card table byte_map: [0x0000000012420000,0x0000000012830000] byte_map_base: 0x0000000012020000

Marking Bits: (ParMarkBitMap*) 0x00000000534df030
 Begin Bits: [0x00000000132e0000, 0x00000000152e0000)
 End Bits:   [0x00000000152e0000, 0x00000000172e0000)

Polling page: 0x00000000010e0000

CodeCache: size=245760Kb used=5412Kb max_used=5412Kb free=240347Kb
 bounds [0x0000000003060000, 0x00000000035b0000, 0x0000000012060000]
 total_blobs=1918 nmethods=1517 adapters=313
 compilation: disabled (not enough contiguous free space left)

Compilation events (10 events):
Event: 2.145 Thread 0x0000000019eec000 nmethod 1520 0x00000000035a8ed0 code [0x00000000035a9060, 0x00000000035a9458]
Event: 2.145 Thread 0x0000000019eec000 1517       3       java.nio.HeapByteBuffer::_get (7 bytes)
Event: 2.145 Thread 0x0000000019eec000 nmethod 1517 0x00000000035a95d0 code [0x00000000035a9720, 0x00000000035a98b0]
Event: 2.145 Thread 0x0000000019eec000 1519       3       sun.misc.ProxyGenerator::access$900 (5 bytes)
Event: 2.145 Thread 0x0000000019eec000 nmethod 1519 0x00000000035a9990 code [0x00000000035a9b00, 0x00000000035a9d68]
Event: 2.146 Thread 0x0000000019eec000 1521       3       java.util.HashMap::getNode (148 bytes)
Event: 2.147 Thread 0x0000000019eec000 nmethod 1521 0x00000000035a9e50 code [0x00000000035aa020, 0x00000000035aa9c8]
Event: 2.148 Thread 0x0000000019eec000 1522       3       java.lang.invoke.MethodTypeForm::cachedLambdaForm (44 bytes)
Event: 2.149 Thread 0x0000000019eec000 nmethod 1522 0x00000000035aaed0 code [0x00000000035ab060, 0x00000000035ab4b0]
Event: 2.149 Thread 0x0000000019eec000 1523       3       org.gradle.internal.service.DefaultServiceRegistry$OwnServices::getService (309 bytes)

GC Heap History (8 events):
Event: 0.575 GC heap before
{Heap before GC invocations=1 (full 0):
 PSYoungGen      total 37888K, used 32768K [0x00000000d5580000, 0x00000000d7f80000, 0x0000000100000000)
  eden space 32768K, 100% used [0x00000000d5580000,0x00000000d7580000,0x00000000d7580000)
  from space 5120K, 0% used [0x00000000d7a80000,0x00000000d7a80000,0x00000000d7f80000)
  to   space 5120K, 0% used [0x00000000d7580000,0x00000000d7580000,0x00000000d7a80000)
 ParOldGen       total 86016K, used 0K [0x0000000080000000, 0x0000000085400000, 0x00000000d5580000)
  object space 86016K, 0% used [0x0000000080000000,0x0000000080000000,0x0000000085400000)
 Metaspace       used 7528K, capacity 7850K, committed 8064K, reserved 1056768K
  class space    used 931K, capacity 1041K, committed 1152K, reserved 1048576K
Event: 0.582 GC heap after
Heap after GC invocations=1 (full 0):
 PSYoungGen      total 37888K, used 4574K [0x00000000d5580000, 0x00000000d9f80000, 0x0000000100000000)
  eden space 32768K, 0% used [0x00000000d5580000,0x00000000d5580000,0x00000000d7580000)
  from space 5120K, 89% used [0x00000000d7580000,0x00000000d79f7820,0x00000000d7a80000)
  to   space 5120K, 0% used [0x00000000d9a80000,0x00000000d9a80000,0x00000000d9f80000)
 ParOldGen       total 86016K, used 16K [0x0000000080000000, 0x0000000085400000, 0x00000000d5580000)
  object space 86016K, 0% used [0x0000000080000000,0x0000000080004000,0x0000000085400000)
 Metaspace       used 7528K, capacity 7850K, committed 8064K, reserved 1056768K
  class space    used 931K, capacity 1041K, committed 1152K, reserved 1048576K
}
Event: 0.799 GC heap before
{Heap before GC invocations=2 (full 0):
 PSYoungGen      total 37888K, used 37342K [0x00000000d5580000, 0x00000000d9f80000, 0x0000000100000000)
  eden space 32768K, 100% used [0x00000000d5580000,0x00000000d7580000,0x00000000d7580000)
  from space 5120K, 89% used [0x00000000d7580000,0x00000000d79f7820,0x00000000d7a80000)
  to   space 5120K, 0% used [0x00000000d9a80000,0x00000000d9a80000,0x00000000d9f80000)
 ParOldGen       total 86016K, used 16K [0x0000000080000000, 0x0000000085400000, 0x00000000d5580000)
  object space 86016K, 0% used [0x0000000080000000,0x0000000080004000,0x0000000085400000)
 Metaspace       used 7762K, capacity 8060K, committed 8320K, reserved 1056768K
  class space    used 952K, capacity 1047K, committed 1152K, reserved 1048576K
Event: 0.802 GC heap after
Heap after GC invocations=2 (full 0):
 PSYoungGen      total 70656K, used 3345K [0x00000000d5580000, 0x00000000d9f80000, 0x0000000100000000)
  eden space 65536K, 0% used [0x00000000d5580000,0x00000000d5580000,0x00000000d9580000)
  from space 5120K, 65% used [0x00000000d9a80000,0x00000000d9dc45f8,0x00000000d9f80000)
  to   space 5120K, 0% used [0x00000000d9580000,0x00000000d9580000,0x00000000d9a80000)
 ParOldGen       total 86016K, used 24K [0x0000000080000000, 0x0000000085400000, 0x00000000d5580000)
  object space 86016K, 0% used [0x0000000080000000,0x0000000080006000,0x0000000085400000)
 Metaspace       used 7762K, capacity 8060K, committed 8320K, reserved 1056768K
  class space    used 952K, capacity 1047K, committed 1152K, reserved 1048576K
}
Event: 1.760 GC heap before
{Heap before GC invocations=3 (full 0):
 PSYoungGen      total 70656K, used 35384K [0x00000000d5580000, 0x00000000d9f80000, 0x0000000100000000)
  eden space 65536K, 48% used [0x00000000d5580000,0x00000000d74c9d80,0x00000000d9580000)
  from space 5120K, 65% used [0x00000000d9a80000,0x00000000d9dc45f8,0x00000000d9f80000)
  to   space 5120K, 0% used [0x00000000d9580000,0x00000000d9580000,0x00000000d9a80000)
 ParOldGen       total 86016K, used 24K [0x0000000080000000, 0x0000000085400000, 0x00000000d5580000)
  object space 86016K, 0% used [0x0000000080000000,0x0000000080006000,0x0000000085400000)
 Metaspace       used 11461K, capacity 11798K, committed 11904K, reserved 1064960K
  class space    used 1518K, capacity 1611K, committed 1664K, reserved 1048576K
Event: 1.765 GC heap after
Heap after GC invocations=3 (full 0):
 PSYoungGen      total 70656K, used 5088K [0x00000000d5580000, 0x00000000d9f80000, 0x0000000100000000)
  eden space 65536K, 0% used [0x00000000d5580000,0x00000000d5580000,0x00000000d9580000)
  from space 5120K, 99% used [0x00000000d9580000,0x00000000d9a78020,0x00000000d9a80000)
  to   space 5120K, 0% used [0x00000000d9a80000,0x00000000d9a80000,0x00000000d9f80000)
 ParOldGen       total 86016K, used 740K [0x0000000080000000, 0x0000000085400000, 0x00000000d5580000)
  object space 86016K, 0% used [0x0000000080000000,0x00000000800b9240,0x0000000085400000)
 Metaspace       used 11461K, capacity 11798K, committed 11904K, reserved 1064960K
  class space    used 1518K, capacity 1611K, committed 1664K, reserved 1048576K
}
Event: 1.765 GC heap before
{Heap before GC invocations=4 (full 1):
 PSYoungGen      total 70656K, used 5088K [0x00000000d5580000, 0x00000000d9f80000, 0x0000000100000000)
  eden space 65536K, 0% used [0x00000000d5580000,0x00000000d5580000,0x00000000d9580000)
  from space 5120K, 99% used [0x00000000d9580000,0x00000000d9a78020,0x00000000d9a80000)
  to   space 5120K, 0% used [0x00000000d9a80000,0x00000000d9a80000,0x00000000d9f80000)
 ParOldGen       total 86016K, used 740K [0x0000000080000000, 0x0000000085400000, 0x00000000d5580000)
  object space 86016K, 0% used [0x0000000080000000,0x00000000800b9240,0x0000000085400000)
 Metaspace       used 11461K, capacity 11798K, committed 11904K, reserved 1064960K
  class space    used 1518K, capacity 1611K, committed 1664K, reserved 1048576K
Event: 1.776 GC heap after
Heap after GC invocations=4 (full 1):
 PSYoungGen      total 70656K, used 0K [0x00000000d5580000, 0x00000000d9f80000, 0x0000000100000000)
  eden space 65536K, 0% used [0x00000000d5580000,0x00000000d5580000,0x00000000d9580000)
  from space 5120K, 0% used [0x00000000d9580000,0x00000000d9580000,0x00000000d9a80000)
  to   space 5120K, 0% used [0x00000000d9a80000,0x00000000d9a80000,0x00000000d9f80000)
 ParOldGen       total 54272K, used 5561K [0x0000000080000000, 0x0000000083500000, 0x00000000d5580000)
  object space 54272K, 10% used [0x0000000080000000,0x000000008056e470,0x0000000083500000)
 Metaspace       used 11461K, capacity 11798K, committed 11904K, reserved 1062912K
  class space    used 1518K, capacity 1611K, committed 1664K, reserved 1048576K
}

Deoptimization events (10 events):
Event: 1.945 Thread 0x000000001b07f800 Uncommon trap: reason=class_check action=maybe_recompile pc=0x0000000003374518 method=java.util.regex.Matcher.match(II)Z @ 86
Event: 1.945 Thread 0x000000001b07f800 Uncommon trap: reason=class_check action=maybe_recompile pc=0x0000000003374518 method=java.util.regex.Matcher.match(II)Z @ 86
Event: 1.945 Thread 0x000000001b07f800 Uncommon trap: reason=class_check action=maybe_recompile pc=0x0000000003211dcc method=java.util.regex.Matcher.match(II)Z @ 86
Event: 2.014 Thread 0x000000001b07f800 Uncommon trap: reason=unstable_if action=reinterpret pc=0x0000000003378e4c method=java.io.File.getName()Ljava/lang/String; @ 16
Event: 2.014 Thread 0x000000001b07f800 Uncommon trap: reason=unstable_if action=reinterpret pc=0x000000000337125c method=java.lang.String.substring(I)Ljava/lang/String; @ 35
Event: 2.143 Thread 0x000000001b07f800 Uncommon trap: reason=unstable_if action=reinterpret pc=0x00000000033dd4b0 method=java.util.LinkedHashMap.afterNodeInsertion(Z)V @ 1
Event: 2.144 Thread 0x000000001b07f800 Uncommon trap: reason=unstable_if action=reinterpret pc=0x00000000032cb284 method=java.util.HashMap.getNode(ILjava/lang/Object;)Ljava/util/HashMap$Node; @ 129
Event: 2.144 Thread 0x000000001b07f800 Uncommon trap: reason=bimorphic action=maybe_recompile pc=0x000000000350ebe0 method=java.util.HashMap.putVal(ILjava/lang/Object;Ljava/lang/Object;ZZ)Ljava/lang/Object; @ 203
Event: 2.146 Thread 0x000000001b07f800 Uncommon trap: reason=unstable_if action=reinterpret pc=0x00000000032c5c90 method=java.util.HashMap.getNode(ILjava/lang/Object;)Ljava/util/HashMap$Node; @ 129
Event: 2.146 Thread 0x000000001b07f800 Uncommon trap: reason=bimorphic action=maybe_recompile pc=0x000000000350ebe0 method=java.util.HashMap.putVal(ILjava/lang/Object;Ljava/lang/Object;ZZ)Ljava/lang/Object; @ 203

Classes redefined (0 events):
No events

Internal exceptions (10 events):
Event: 1.790 Thread 0x000000001c428000 Exception <a 'java/lang/NoSuchMethodError': <clinit>> (0x00000000d56b0d58) thrown at [C:\src\AOSP-openjdk-git\hotspot\src\share\vm\prims\jni.cpp, line 1615]
Event: 1.790 Thread 0x000000001c428000 Exception <a 'java/lang/NoSuchMethodError': <clinit>> (0x00000000d56ba460) thrown at [C:\src\AOSP-openjdk-git\hotspot\src\share\vm\prims\jni.cpp, line 1615]
Event: 1.792 Thread 0x000000001c428000 Exception <a 'java/lang/NoSuchMethodError': <clinit>> (0x00000000d56cea48) thrown at [C:\src\AOSP-openjdk-git\hotspot\src\share\vm\prims\jni.cpp, line 1615]
Event: 1.798 Thread 0x000000001c428000 Exception <a 'java/lang/NoSuchMethodError': <clinit>> (0x00000000d57a62b8) thrown at [C:\src\AOSP-openjdk-git\hotspot\src\share\vm\prims\jni.cpp, line 1615]
Event: 1.801 Thread 0x000000001c428000 Exception <a 'java/lang/NoSuchMethodError': <clinit>> (0x00000000d57e07e0) thrown at [C:\src\AOSP-openjdk-git\hotspot\src\share\vm\prims\jni.cpp, line 1615]
Event: 1.804 Thread 0x000000001c428000 Exception <a 'java/lang/NoSuchMethodError': <clinit>> (0x00000000d5816328) thrown at [C:\src\AOSP-openjdk-git\hotspot\src\share\vm\prims\jni.cpp, line 1615]
Event: 1.805 Thread 0x000000001c428000 Exception <a 'java/lang/NoSuchMethodError': <clinit>> (0x00000000d5822888) thrown at [C:\src\AOSP-openjdk-git\hotspot\src\share\vm\prims\jni.cpp, line 1615]
Event: 2.036 Thread 0x000000001b07f800 Exception <a 'java/lang/NoSuchMethodError': java.lang.Object.lambda$and$0(Ljava/util/function/Predicate;Ljava/lang/Object;)Z> (0x00000000d7e9ad80) thrown at [C:\src\AOSP-openjdk-git\hotspot\src\share\vm\interpreter\linkResolver.cpp, line 620]
Event: 2.039 Thread 0x000000001b07f800 Exception <a 'java/lang/IncompatibleClassChangeError': Found class java.lang.Object, but interface was expected> (0x00000000d7eab078) thrown at [C:\src\AOSP-openjdk-git\hotspot\src\share\vm\interpreter\linkResolver.cpp, line 653]
Event: 2.040 Thread 0x000000001b07f800 Exception <a 'java/lang/NoSuchMethodError': java.lang.Object.lambda$or$2(Ljava/util/function/Predicate;Ljava/lang/Object;)Z> (0x00000000d7eafbc8) thrown at [C:\src\AOSP-openjdk-git\hotspot\src\share\vm\interpreter\linkResolver.cpp, line 620]

Events (10 events):
Event: 2.148 loading class org/gradle/instantexecution/initialization/NoOpInstantExecutionProblemsListener
Event: 2.148 loading class org/gradle/instantexecution/initialization/NoOpInstantExecutionProblemsListener done
Event: 2.149 loading class org/gradle/internal/featurelifecycle/ScriptUsageLocationReporter
Event: 2.149 loading class org/gradle/internal/featurelifecycle/ScriptUsageLocationReporter done
Event: 2.149 loading class org/gradle/internal/scripts/ScriptExecutionListener
Event: 2.149 loading class org/gradle/internal/scripts/ScriptExecutionListener done
Event: 2.149 loading class org/gradle/initialization/DefaultGradleLauncherFactory$3
Event: 2.149 loading class org/gradle/initialization/DefaultGradleLauncherFactory$3 done
Event: 2.150 loading class org/gradle/composite/internal/DefaultIncludedBuildControllers
Event: 2.150 loading class org/gradle/composite/internal/DefaultIncludedBuildControllers done


Dynamic libraries:
0x00007ff730f10000 - 0x00007ff730f41000 	C:\Program Files\Android\Android Studio\jre\bin\java.exe
0x00007ffd72f00000 - 0x00007ffd730f0000 	C:\Windows\SYSTEM32\ntdll.dll
0x00007ffd72720000 - 0x00007ffd727d2000 	C:\Windows\System32\KERNEL32.DLL
0x00007ffd70210000 - 0x00007ffd704b5000 	C:\Windows\System32\KERNELBASE.dll
0x00007ffd71180000 - 0x00007ffd71223000 	C:\Windows\System32\ADVAPI32.dll
0x00007ffd715d0000 - 0x00007ffd7166e000 	C:\Windows\System32\msvcrt.dll
0x00007ffd71230000 - 0x00007ffd712c7000 	C:\Windows\System32\sechost.dll
0x00007ffd71b20000 - 0x00007ffd71c40000 	C:\Windows\System32\RPCRT4.dll
0x00007ffd72d20000 - 0x00007ffd72eb4000 	C:\Windows\System32\USER32.dll
0x00007ffd70000000 - 0x00007ffd70021000 	C:\Windows\System32\win32u.dll
0x00007ffd71a90000 - 0x00007ffd71ab6000 	C:\Windows\System32\GDI32.dll
0x00007ffd70d70000 - 0x00007ffd70f06000 	C:\Windows\System32\gdi32full.dll
0x00007ffd70f10000 - 0x00007ffd70fae000 	C:\Windows\System32\msvcp_win.dll
0x00007ffd70c70000 - 0x00007ffd70d6a000 	C:\Windows\System32\ucrtbase.dll
0x00007ffd5d750000 - 0x00007ffd5d9d4000 	C:\Windows\WinSxS\amd64_microsoft.windows.common-controls_6595b64144ccf1df_6.0.18362.1256_none_9e7e379be45e40e2\COMCTL32.dll
0x00007ffd71c40000 - 0x00007ffd71f76000 	C:\Windows\System32\combase.dll
0x00007ffd70180000 - 0x00007ffd70201000 	C:\Windows\System32\bcryptPrimitives.dll
0x00007ffd70fb0000 - 0x00007ffd70fde000 	C:\Windows\System32\IMM32.DLL
0x00000000522e0000 - 0x00000000523b2000 	C:\Program Files\Android\Android Studio\jre\jre\bin\msvcr100.dll
0x0000000052d10000 - 0x000000005355b000 	C:\Program Files\Android\Android Studio\jre\jre\bin\server\jvm.dll
0x00007ffd710f0000 - 0x00007ffd710f8000 	C:\Windows\System32\PSAPI.DLL
0x00007ffd68fb0000 - 0x00007ffd68fb9000 	C:\Windows\SYSTEM32\WSOCK32.dll
0x00007ffd6e890000 - 0x00007ffd6e89a000 	C:\Windows\SYSTEM32\VERSION.dll
0x00007ffd5bb80000 - 0x00007ffd5bba4000 	C:\Windows\SYSTEM32\WINMM.dll
0x00007ffd71740000 - 0x00007ffd717af000 	C:\Windows\System32\WS2_32.dll
0x00007ffd5bb40000 - 0x00007ffd5bb6d000 	C:\Windows\SYSTEM32\winmmbase.dll
0x00007ffd6ffb0000 - 0x00007ffd6fffa000 	C:\Windows\System32\cfgmgr32.dll
0x00007ffd53d90000 - 0x00007ffd53d9f000 	C:\Program Files\Android\Android Studio\jre\jre\bin\verify.dll
0x00007ffd47420000 - 0x00007ffd47449000 	C:\Program Files\Android\Android Studio\jre\jre\bin\java.dll
0x00007ffd53d70000 - 0x00007ffd53d86000 	C:\Program Files\Android\Android Studio\jre\jre\bin\zip.dll
0x00007ffd71f80000 - 0x00007ffd72667000 	C:\Windows\System32\SHELL32.dll
0x00007ffd72670000 - 0x00007ffd72719000 	C:\Windows\System32\shcore.dll
0x00007ffd704e0000 - 0x00007ffd70c61000 	C:\Windows\System32\windows.storage.dll
0x00007ffd6fdd0000 - 0x00007ffd6fdf3000 	C:\Windows\System32\profapi.dll
0x00007ffd6fe20000 - 0x00007ffd6fe6a000 	C:\Windows\System32\powrprof.dll
0x00007ffd6fda0000 - 0x00007ffd6fdb0000 	C:\Windows\System32\UMPDC.dll
0x00007ffd717b0000 - 0x00007ffd71802000 	C:\Windows\System32\shlwapi.dll
0x00007ffd6fdb0000 - 0x00007ffd6fdc1000 	C:\Windows\System32\kernel.appcore.dll
0x00007ffd704c0000 - 0x00007ffd704d7000 	C:\Windows\System32\cryptsp.dll
0x00007ffd47400000 - 0x00007ffd4741a000 	C:\Program Files\Android\Android Studio\jre\jre\bin\net.dll
0x00007ffd6f5f0000 - 0x00007ffd6f657000 	C:\Windows\system32\mswsock.dll
0x00007ffd40070000 - 0x00007ffd40083000 	C:\Program Files\Android\Android Studio\jre\jre\bin\nio.dll
0x00007ffd40710000 - 0x00007ffd40737000 	C:\Users\Apolo\.gradle\native\f6784746aeab05261644944871eae4fe03e0ef1612fff0a4a95f87b438bc6780\windows-amd64\native-platform.dll
0x00007ffd4ba40000 - 0x00007ffd4ba4d000 	C:\Program Files\Android\Android Studio\jre\jre\bin\management.dll
0x00007ffd6f160000 - 0x00007ffd6f193000 	C:\Windows\system32\rsaenh.dll
0x00007ffd6ff80000 - 0x00007ffd6ffa6000 	C:\Windows\System32\bcrypt.dll
0x00007ffd6fc80000 - 0x00007ffd6fca5000 	C:\Windows\SYSTEM32\USERENV.dll
0x00007ffd6f7c0000 - 0x00007ffd6f7cc000 	C:\Windows\SYSTEM32\CRYPTBASE.dll
0x00007ffd6f300000 - 0x00007ffd6f33a000 	C:\Windows\SYSTEM32\IPHLPAPI.DLL
0x00007ffd71410000 - 0x00007ffd71418000 	C:\Windows\System32\NSI.dll
0x00007ffd64000000 - 0x00007ffd64016000 	C:\Windows\SYSTEM32\dhcpcsvc6.DLL
0x00007ffd65ad0000 - 0x00007ffd65aec000 	C:\Windows\SYSTEM32\dhcpcsvc.DLL
0x00007ffd6f340000 - 0x00007ffd6f40b000 	C:\Windows\SYSTEM32\DNSAPI.dll
0x00007ffd661f0000 - 0x00007ffd661fb000 	C:\Windows\SYSTEM32\WINNSI.DLL

VM Arguments:
jvm_args: -Xmx2048m -Dfile.encoding=UTF-8 -Duser.country=ES -Duser.language=es -Duser.variant 
java_command: org.gradle.launcher.daemon.bootstrap.GradleDaemon 6.5
java_class_path (initial): C:\Users\Apolo\.gradle\wrapper\dists\gradle-6.5-bin\6nifqtx7604sqp1q6g8wikw7p\gradle-6.5\lib\gradle-launcher-6.5.jar
Launcher Type: SUN_STANDARD

Environment Variables:
PATH=C:\Program Files\Common Files\Oracle\Java\javapath;C:\Program Files (x86)\Common Files\Oracle\Java\javapath;C:\orant\bin;C:\Windows\system32;C:\Windows;C:\Windows\System32\Wbem;C:\Windows\System32\WindowsPowerShell\v1.0\;C:\Windows\System32\OpenSSH\;C:\orant\jdk\bin;C:\Program Files (x86)\Intel\Intel(R) Memory And Storage Tool\;C:\Program Files\Git\cmd;C:\Users\Apolo\AppData\Local\Microsoft\WindowsApps;
USERNAME=Apolo
OS=Windows_NT
PROCESSOR_IDENTIFIER=Intel64 Family 6 Model 126 Stepping 5, GenuineIntel



---------------  S Y S T E M  ---------------

OS: Windows 10.0 , 64 bit Build 18362 (10.0.18362.1110)

CPU:total 8 (initial active 8) (4 cores per cpu, 2 threads per core) family 6 model 126 stepping 5, cmov, cx8, fxsr, mmx, sse, sse2, sse3, ssse3, sse4.1, sse4.2, popcnt, avx, avx2, aes, clmul, erms, 3dnowpref, lzcnt, ht, tsc, tscinvbit, bmi1, bmi2, adx

Memory: 4k page, physical 8165048k(1193480k free), swap 11736884k(4280k free)

vm_info: OpenJDK 64-Bit Server VM (25.242-b01) for windows-amd64 JRE (1.8.0_242-release-1644-b01), built by "builder" with MS VC++ 10.0 (VS2010)

time: Tue Dec 15 10:20:45 2020
timezone: Hora de verano de Paraguay
elapsed time: 2 seconds (0d 0h 0m 2s)

