#
# There is insufficient memory for the Java Runtime Environment to continue.
# Native memory allocation (malloc) failed to allocate 771536 bytes for Chunk::new
# Possible reasons:
#   The system is out of physical RAM or swap space
#   The process is running with CompressedOops enabled, and the Java Heap may be blocking the growth of the native heap
# Possible solutions:
#   Reduce memory load on the system
#   Increase physical memory or swap space
#   Check if swap backing store is full
#   Decrease Java heap size (-Xmx/-Xms)
#   Decrease number of Java threads
#   Decrease Java thread stack sizes (-Xss)
#   Set larger code cache with -XX:ReservedCodeCacheSize=
#   JVM is running with Unscaled Compressed Oops mode in which the Java heap is
#     placed in the first 4GB address space. The Java Heap base address is the
#     maximum limit for the native heap growth. Please use -XX:HeapBaseMinAddress
#     to set the Java Heap base and to place the Java Heap above 4GB virtual address.
# This output file may be truncated or incomplete.
#
#  Out of Memory Error (allocation.cpp:389), pid=13884, tid=0x0000000000002af8
#
# JRE version: OpenJDK Runtime Environment (8.0_242-b01) (build 1.8.0_242-release-1644-b01)
# Java VM: OpenJDK 64-Bit Server VM (25.242-b01 mixed mode windows-amd64 compressed oops)
# Failed to write core dump. Minidumps are not enabled by default on client versions of Windows
#

---------------  T H R E A D  ---------------

Current thread (0x0000000019c9f000):  JavaThread "C2 CompilerThread0" daemon [_thread_in_native, id=11000, stack(0x000000001a590000,0x000000001a690000)]

Stack: [0x000000001a590000,0x000000001a690000]
[error occurred during error reporting (printing stack bounds), id 0xc0000005]

Native frames: (J=compiled Java code, j=interpreted, Vv=VM code, C=native code)


Current CompileTask:
C2:   3183 1507       4       java.net.URLClassLoader$1::run (5 bytes)


---------------  P R O C E S S  ---------------

Java Threads: ( => current thread )
  0x000000001c76a000 JavaThread "Cache worker for journal cache (C:\Users\Apolo\.gradle\caches\journal-1)" [_thread_blocked, id=6912, stack(0x000000001e9e0000,0x000000001eae0000)]
  0x000000001ac8c000 JavaThread "Thread-9" [_thread_blocked, id=15728, stack(0x000000001e6e0000,0x000000001e7e0000)]
  0x000000001c623000 JavaThread "Stdin handler" [_thread_blocked, id=8812, stack(0x000000001e5e0000,0x000000001e6e0000)]
  0x000000001ac7a000 JavaThread "Asynchronous log dispatcher for DefaultDaemonConnection: socket connection from /127.0.0.1:54849 to /127.0.0.1:54850" [_thread_in_Java, id=17128, stack(0x000000001e4e0000,0x000000001e5e0000)]
  0x000000001ac77800 JavaThread "Daemon worker" [_thread_in_vm, id=2268, stack(0x000000001e3e0000,0x000000001e4e0000)]
  0x000000001be64000 JavaThread "Cancel handler" [_thread_blocked, id=12192, stack(0x000000001e2e0000,0x000000001e3e0000)]
  0x000000001c5ca800 JavaThread "Handler for socket connection from /127.0.0.1:54849 to /127.0.0.1:54850" [_thread_in_native, id=15000, stack(0x000000001e1e0000,0x000000001e2e0000)]
  0x000000001c566000 JavaThread "Daemon" [_thread_blocked, id=876, stack(0x000000001e0e0000,0x000000001e1e0000)]
  0x000000001c561000 JavaThread "Daemon periodic checks" [_thread_blocked, id=16520, stack(0x000000001dde0000,0x000000001dee0000)]
  0x000000001c544800 JavaThread "Incoming local TCP Connector on port 54849" [_thread_in_native, id=9076, stack(0x000000001db70000,0x000000001dc70000)]
  0x000000001c4b9000 JavaThread "Daemon health stats" [_thread_blocked, id=12652, stack(0x000000001d530000,0x000000001d630000)]
  0x0000000019d30000 JavaThread "Service Thread" daemon [_thread_blocked, id=14768, stack(0x000000001a990000,0x000000001aa90000)]
  0x0000000019cb3000 JavaThread "C1 CompilerThread3" daemon [_thread_blocked, id=12588, stack(0x000000001a890000,0x000000001a990000)]
  0x0000000019ca8800 JavaThread "C2 CompilerThread2" daemon [_thread_blocked, id=15512, stack(0x000000001a790000,0x000000001a890000)]
  0x0000000019ca6000 JavaThread "C2 CompilerThread1" daemon [_thread_blocked, id=13348, stack(0x000000001a690000,0x000000001a790000)]
=>0x0000000019c9f000 JavaThread "C2 CompilerThread0" daemon [_thread_in_native, id=11000, stack(0x000000001a590000,0x000000001a690000)]
  0x0000000019c9e000 JavaThread "Attach Listener" daemon [_thread_blocked, id=14572, stack(0x000000001a490000,0x000000001a590000)]
  0x0000000017eae000 JavaThread "Signal Dispatcher" daemon [_thread_blocked, id=9176, stack(0x000000001a390000,0x000000001a490000)]
  0x0000000019c91000 JavaThread "Finalizer" daemon [_thread_blocked, id=16576, stack(0x000000001a170000,0x000000001a270000)]
  0x0000000017e9c800 JavaThread "Reference Handler" daemon [_thread_blocked, id=12508, stack(0x000000001a070000,0x000000001a170000)]
  0x00000000013ad800 JavaThread "main" [_thread_blocked, id=9044, stack(0x0000000002b70000,0x0000000002c70000)]

Other Threads:
  0x0000000017e98000 VMThread [stack: 0x0000000019b70000,0x0000000019c70000] [id=16624]
  0x0000000019d31000 WatcherThread [stack: 0x000000001aa90000,0x000000001ab90000] [id=13324]

VM state:not at safepoint (normal execution)

VM Mutex/Monitor currently owned by a thread: None

heap address: 0x0000000080000000, size: 2048 MB, Compressed Oops mode: 32-bit
Narrow klass base: 0x0000000000000000, Narrow klass shift: 3
Compressed class space size: 1073741824 Address: 0x0000000100000000

Heap:
 PSYoungGen      total 37888K, used 35837K [0x00000000d5580000, 0x00000000d7f80000, 0x0000000100000000)
  eden space 32768K, 93% used [0x00000000d5580000,0x00000000d7383630,0x00000000d7580000)
  from space 5120K, 99% used [0x00000000d7580000,0x00000000d7a7c010,0x00000000d7a80000)
  to   space 5120K, 0% used [0x00000000d7a80000,0x00000000d7a80000,0x00000000d7f80000)
 ParOldGen       total 86016K, used 1038K [0x0000000080000000, 0x0000000085400000, 0x00000000d5580000)
  object space 86016K, 1% used [0x0000000080000000,0x0000000080103a80,0x0000000085400000)
 Metaspace       used 14438K, capacity 14946K, committed 15232K, reserved 1062912K
  class space    used 1977K, capacity 2125K, committed 2176K, reserved 1048576K

Card table byte_map: [0x00000000121f0000,0x0000000012600000] byte_map_base: 0x0000000011df0000

Marking Bits: (ParMarkBitMap*) 0x000000006ad1f030
 Begin Bits: [0x00000000130b0000, 0x00000000150b0000)
 End Bits:   [0x00000000150b0000, 0x00000000170b0000)

Polling page: 0x0000000000e60000

CodeCache: size=245760Kb used=5364Kb max_used=5376Kb free=240395Kb
 bounds [0x0000000002e30000, 0x0000000003380000, 0x0000000011e30000]
 total_blobs=1889 nmethods=1507 adapters=295
 compilation: enabled

Compilation events (10 events):
Event: 3.113 Thread 0x0000000019cb3000 nmethod 1497 0x000000000336f490 code [0x000000000336f5e0, 0x000000000336f6f0]
Event: 3.113 Thread 0x0000000019cb3000 1504       1       java.util.TreeMap::access$100 (5 bytes)
Event: 3.113 Thread 0x0000000019cb3000 nmethod 1504 0x000000000336f750 code [0x000000000336f8a0, 0x000000000336f990]
Event: 3.119 Thread 0x0000000019cb3000 1505       1       org.gradle.internal.service.AbstractServiceMethod::getParameterTypes (5 bytes)
Event: 3.119 Thread 0x0000000019cb3000 nmethod 1505 0x000000000336fa10 code [0x000000000336fb60, 0x000000000336fc70]
Event: 3.119 Thread 0x0000000019cb3000 1506       1       org.gradle.internal.service.DefaultServiceRegistry::access$1600 (5 bytes)
Event: 3.119 Thread 0x0000000019cb3000 nmethod 1506 0x000000000336fcd0 code [0x000000000336fe20, 0x000000000336ff10]
Event: 3.120 Thread 0x0000000019c9f000 1507       4       java.net.URLClassLoader$1::run (5 bytes)
Event: 3.124 Thread 0x0000000019ca8800 1508       4       java.lang.String::codePointAt (36 bytes)
Event: 3.125 Thread 0x0000000019ca8800 nmethod 1508 0x0000000003372c90 code [0x0000000003372de0, 0x0000000003372ed8]

GC Heap History (6 events):
Event: 1.441 GC heap before
{Heap before GC invocations=1 (full 0):
 PSYoungGen      total 37888K, used 32768K [0x00000000d5580000, 0x00000000d7f80000, 0x0000000100000000)
  eden space 32768K, 100% used [0x00000000d5580000,0x00000000d7580000,0x00000000d7580000)
  from space 5120K, 0% used [0x00000000d7a80000,0x00000000d7a80000,0x00000000d7f80000)
  to   space 5120K, 0% used [0x00000000d7580000,0x00000000d7580000,0x00000000d7a80000)
 ParOldGen       total 86016K, used 0K [0x0000000080000000, 0x0000000085400000, 0x00000000d5580000)
  object space 86016K, 0% used [0x0000000080000000,0x0000000080000000,0x0000000085400000)
 Metaspace       used 7569K, capacity 7914K, committed 8064K, reserved 1056768K
  class space    used 931K, capacity 1041K, committed 1152K, reserved 1048576K
Event: 1.448 GC heap after
Heap after GC invocations=1 (full 0):
 PSYoungGen      total 37888K, used 4497K [0x00000000d5580000, 0x00000000d7f80000, 0x0000000100000000)
  eden space 32768K, 0% used [0x00000000d5580000,0x00000000d5580000,0x00000000d7580000)
  from space 5120K, 87% used [0x00000000d7580000,0x00000000d79e4690,0x00000000d7a80000)
  to   space 5120K, 0% used [0x00000000d7a80000,0x00000000d7a80000,0x00000000d7f80000)
 ParOldGen       total 86016K, used 8K [0x0000000080000000, 0x0000000085400000, 0x00000000d5580000)
  object space 86016K, 0% used [0x0000000080000000,0x0000000080002000,0x0000000085400000)
 Metaspace       used 7569K, capacity 7914K, committed 8064K, reserved 1056768K
  class space    used 931K, capacity 1041K, committed 1152K, reserved 1048576K
}
Event: 1.729 GC heap before
{Heap before GC invocations=2 (full 0):
 PSYoungGen      total 37888K, used 37265K [0x00000000d5580000, 0x00000000d7f80000, 0x0000000100000000)
  eden space 32768K, 100% used [0x00000000d5580000,0x00000000d7580000,0x00000000d7580000)
  from space 5120K, 87% used [0x00000000d7580000,0x00000000d79e4690,0x00000000d7a80000)
  to   space 5120K, 0% used [0x00000000d7a80000,0x00000000d7a80000,0x00000000d7f80000)
 ParOldGen       total 86016K, used 8K [0x0000000080000000, 0x0000000085400000, 0x00000000d5580000)
  object space 86016K, 0% used [0x0000000080000000,0x0000000080002000,0x0000000085400000)
 Metaspace       used 7796K, capacity 8060K, committed 8320K, reserved 1056768K
  class space    used 953K, capacity 1047K, committed 1152K, reserved 1048576K
Event: 1.731 GC heap after
Heap after GC invocations=2 (full 0):
 PSYoungGen      total 37888K, used 3341K [0x00000000d5580000, 0x00000000d7f80000, 0x0000000100000000)
  eden space 32768K, 0% used [0x00000000d5580000,0x00000000d5580000,0x00000000d7580000)
  from space 5120K, 65% used [0x00000000d7a80000,0x00000000d7dc37e0,0x00000000d7f80000)
  to   space 5120K, 0% used [0x00000000d7580000,0x00000000d7580000,0x00000000d7a80000)
 ParOldGen       total 86016K, used 16K [0x0000000080000000, 0x0000000085400000, 0x00000000d5580000)
  object space 86016K, 0% used [0x0000000080000000,0x0000000080004000,0x0000000085400000)
 Metaspace       used 7796K, capacity 8060K, committed 8320K, reserved 1056768K
  class space    used 953K, capacity 1047K, committed 1152K, reserved 1048576K
}
Event: 2.502 GC heap before
{Heap before GC invocations=3 (full 0):
 PSYoungGen      total 37888K, used 36109K [0x00000000d5580000, 0x00000000d7f80000, 0x0000000100000000)
  eden space 32768K, 100% used [0x00000000d5580000,0x00000000d7580000,0x00000000d7580000)
  from space 5120K, 65% used [0x00000000d7a80000,0x00000000d7dc37e0,0x00000000d7f80000)
  to   space 5120K, 0% used [0x00000000d7580000,0x00000000d7580000,0x00000000d7a80000)
 ParOldGen       total 86016K, used 16K [0x0000000080000000, 0x0000000085400000, 0x00000000d5580000)
  object space 86016K, 0% used [0x0000000080000000,0x0000000080004000,0x0000000085400000)
 Metaspace       used 11934K, capacity 12288K, committed 12544K, reserved 1060864K
  class space    used 1580K, capacity 1686K, committed 1792K, reserved 1048576K
Event: 2.527 GC heap after
Heap after GC invocations=3 (full 0):
 PSYoungGen      total 37888K, used 5104K [0x00000000d5580000, 0x00000000d7f80000, 0x0000000100000000)
  eden space 32768K, 0% used [0x00000000d5580000,0x00000000d5580000,0x00000000d7580000)
  from space 5120K, 99% used [0x00000000d7580000,0x00000000d7a7c010,0x00000000d7a80000)
  to   space 5120K, 0% used [0x00000000d7a80000,0x00000000d7a80000,0x00000000d7f80000)
 ParOldGen       total 86016K, used 1038K [0x0000000080000000, 0x0000000085400000, 0x00000000d5580000)
  object space 86016K, 1% used [0x0000000080000000,0x0000000080103a80,0x0000000085400000)
 Metaspace       used 11934K, capacity 12288K, committed 12544K, reserved 1060864K
  class space    used 1580K, capacity 1686K, committed 1792K, reserved 1048576K
}

Deoptimization events (10 events):
Event: 2.612 Thread 0x000000001ac77800 Uncommon trap: reason=bimorphic action=maybe_recompile pc=0x0000000003107904 method=java.util.HashMap.putVal(ILjava/lang/Object;Ljava/lang/Object;ZZ)Ljava/lang/Object; @ 253
Event: 2.612 Thread 0x000000001ac77800 Uncommon trap: reason=bimorphic action=maybe_recompile pc=0x0000000003107904 method=java.util.HashMap.putVal(ILjava/lang/Object;Ljava/lang/Object;ZZ)Ljava/lang/Object; @ 253
Event: 2.612 Thread 0x000000001ac77800 Uncommon trap: reason=bimorphic action=maybe_recompile pc=0x0000000003107904 method=java.util.HashMap.putVal(ILjava/lang/Object;Ljava/lang/Object;ZZ)Ljava/lang/Object; @ 253
Event: 2.894 Thread 0x000000001ac77800 Uncommon trap: reason=class_check action=maybe_recompile pc=0x000000000318d418 method=java.util.regex.Matcher.match(II)Z @ 86
Event: 2.895 Thread 0x000000001ac77800 Uncommon trap: reason=class_check action=maybe_recompile pc=0x000000000318d418 method=java.util.regex.Matcher.match(II)Z @ 86
Event: 2.895 Thread 0x000000001ac77800 Uncommon trap: reason=class_check action=maybe_recompile pc=0x000000000318d418 method=java.util.regex.Matcher.match(II)Z @ 86
Event: 2.895 Thread 0x000000001ac77800 Uncommon trap: reason=class_check action=maybe_recompile pc=0x0000000002ffb3cc method=java.util.regex.Matcher.match(II)Z @ 86
Event: 3.111 Thread 0x000000001ac77800 Uncommon trap: reason=bimorphic action=maybe_recompile pc=0x000000000335cf34 method=java.util.regex.Matcher.match(II)Z @ 86
Event: 3.111 Thread 0x000000001ac77800 Uncommon trap: reason=bimorphic action=maybe_recompile pc=0x000000000335cf34 method=java.util.regex.Matcher.match(II)Z @ 86
Event: 3.125 Thread 0x000000001ac77800 Uncommon trap: reason=bimorphic action=maybe_recompile pc=0x000000000335cf34 method=java.util.regex.Matcher.match(II)Z @ 86

Classes redefined (0 events):
No events

Internal exceptions (10 events):
Event: 1.079 Thread 0x00000000013ad800 Exception <a 'java/lang/ArrayIndexOutOfBoundsException'> (0x00000000d6b8ef10) thrown at [C:\src\AOSP-openjdk-git\hotspot\src\share\vm\runtime\sharedRuntime.cpp, line 605]
Event: 1.079 Thread 0x00000000013ad800 Exception <a 'java/lang/ArrayIndexOutOfBoundsException'> (0x00000000d6b93a90) thrown at [C:\src\AOSP-openjdk-git\hotspot\src\share\vm\runtime\sharedRuntime.cpp, line 605]
Event: 2.465 Thread 0x00000000013ad800 Exception <a 'java/io/IOException'> (0x00000000d73090e8) thrown at [C:\src\AOSP-openjdk-git\hotspot\src\share\vm\prims\jni.cpp, line 710]
Event: 2.489 Thread 0x000000001c5ca800 Exception <a 'java/lang/NoSuchMethodError': <clinit>> (0x00000000d7514360) thrown at [C:\src\AOSP-openjdk-git\hotspot\src\share\vm\prims\jni.cpp, line 1615]
Event: 2.491 Thread 0x000000001c5ca800 Exception <a 'java/lang/NoSuchMethodError': <clinit>> (0x00000000d751da68) thrown at [C:\src\AOSP-openjdk-git\hotspot\src\share\vm\prims\jni.cpp, line 1615]
Event: 2.493 Thread 0x000000001c5ca800 Exception <a 'java/lang/NoSuchMethodError': <clinit>> (0x00000000d7532050) thrown at [C:\src\AOSP-openjdk-git\hotspot\src\share\vm\prims\jni.cpp, line 1615]
Event: 2.533 Thread 0x000000001c5ca800 Exception <a 'java/lang/NoSuchMethodError': <clinit>> (0x00000000d559f0e0) thrown at [C:\src\AOSP-openjdk-git\hotspot\src\share\vm\prims\jni.cpp, line 1615]
Event: 2.550 Thread 0x000000001c5ca800 Exception <a 'java/lang/NoSuchMethodError': <clinit>> (0x00000000d55d9610) thrown at [C:\src\AOSP-openjdk-git\hotspot\src\share\vm\prims\jni.cpp, line 1615]
Event: 2.560 Thread 0x000000001c5ca800 Exception <a 'java/lang/NoSuchMethodError': <clinit>> (0x00000000d560f1b0) thrown at [C:\src\AOSP-openjdk-git\hotspot\src\share\vm\prims\jni.cpp, line 1615]
Event: 2.562 Thread 0x000000001c5ca800 Exception <a 'java/lang/NoSuchMethodError': <clinit>> (0x00000000d561b710) thrown at [C:\src\AOSP-openjdk-git\hotspot\src\share\vm\prims\jni.cpp, line 1615]

Events (10 events):
Event: 3.130 loading class org/gradle/cache/internal/CacheAccessWorker done
Event: 3.131 loading class java/util/concurrent/ArrayBlockingQueue
Event: 3.131 loading class java/util/concurrent/ArrayBlockingQueue done
Event: 3.131 loading class java/util/concurrent/locks/ReentrantLock$FairSync
Event: 3.131 loading class java/util/concurrent/locks/ReentrantLock$FairSync done
Event: 3.132 Thread 0x000000001c76a000 Thread added: 0x000000001c76a000
Event: 3.161 loading class org/gradle/cache/internal/AsyncCacheAccessDecoratedCache
Event: 3.162 loading class org/gradle/cache/internal/AsyncCacheAccessDecoratedCache done
Event: 3.164 loading class org/gradle/cache/internal/DefaultInMemoryCacheDecoratorFactory$1
Event: 3.164 loading class org/gradle/cache/internal/DefaultInMemoryCacheDecoratorFactory$1 done


Dynamic libraries:
0x00007ff779c30000 - 0x00007ff779c61000 	C:\Program Files\Android\Android Studio\jre\bin\java.exe
0x00007ff8db1c0000 - 0x00007ff8db3b0000 	C:\Windows\SYSTEM32\ntdll.dll
0x00007ff8da660000 - 0x00007ff8da712000 	C:\Windows\System32\KERNEL32.DLL
0x00007ff8d8a90000 - 0x00007ff8d8d35000 	C:\Windows\System32\KERNELBASE.dll
0x00007ff8d9420000 - 0x00007ff8d94c3000 	C:\Windows\System32\ADVAPI32.dll
0x00007ff8da8b0000 - 0x00007ff8da94e000 	C:\Windows\System32\msvcrt.dll
0x00007ff8da4f0000 - 0x00007ff8da587000 	C:\Windows\System32\sechost.dll
0x00007ff8da720000 - 0x00007ff8da840000 	C:\Windows\System32\RPCRT4.dll
0x00007ff8d98e0000 - 0x00007ff8d9a74000 	C:\Windows\System32\USER32.dll
0x00007ff8d8d40000 - 0x00007ff8d8d61000 	C:\Windows\System32\win32u.dll
0x00007ff8daa60000 - 0x00007ff8daa86000 	C:\Windows\System32\GDI32.dll
0x00007ff8d8e60000 - 0x00007ff8d8ff6000 	C:\Windows\System32\gdi32full.dll
0x00007ff8d8130000 - 0x00007ff8d81ce000 	C:\Windows\System32\msvcp_win.dll
0x00007ff8d8990000 - 0x00007ff8d8a8a000 	C:\Windows\System32\ucrtbase.dll
0x00007ff8b67f0000 - 0x00007ff8b6a74000 	C:\Windows\WinSxS\amd64_microsoft.windows.common-controls_6595b64144ccf1df_6.0.18362.1256_none_9e7e379be45e40e2\COMCTL32.dll
0x00007ff8d9a80000 - 0x00007ff8d9db6000 	C:\Windows\System32\combase.dll
0x00007ff8d8d70000 - 0x00007ff8d8df1000 	C:\Windows\System32\bcryptPrimitives.dll
0x00007ff8d9e30000 - 0x00007ff8d9e5e000 	C:\Windows\System32\IMM32.DLL
0x000000006a390000 - 0x000000006a462000 	C:\Program Files\Android\Android Studio\jre\jre\bin\msvcr100.dll
0x000000006a550000 - 0x000000006ad9b000 	C:\Program Files\Android\Android Studio\jre\jre\bin\server\jvm.dll
0x00007ff8d9710000 - 0x00007ff8d9718000 	C:\Windows\System32\PSAPI.DLL
0x00007ff8cd020000 - 0x00007ff8cd029000 	C:\Windows\SYSTEM32\WSOCK32.dll
0x00007ff8d6b50000 - 0x00007ff8d6b5a000 	C:\Windows\SYSTEM32\VERSION.dll
0x00007ff8d0620000 - 0x00007ff8d0644000 	C:\Windows\SYSTEM32\WINMM.dll
0x00007ff8da3b0000 - 0x00007ff8da41f000 	C:\Windows\System32\WS2_32.dll
0x00007ff8d05f0000 - 0x00007ff8d061d000 	C:\Windows\SYSTEM32\WINMMBASE.dll
0x00007ff8d90d0000 - 0x00007ff8d911a000 	C:\Windows\System32\cfgmgr32.dll
0x00007ff8cd010000 - 0x00007ff8cd01f000 	C:\Program Files\Android\Android Studio\jre\jre\bin\verify.dll
0x00007ff8bf040000 - 0x00007ff8bf069000 	C:\Program Files\Android\Android Studio\jre\jre\bin\java.dll
0x00007ff8bef50000 - 0x00007ff8bef66000 	C:\Program Files\Android\Android Studio\jre\jre\bin\zip.dll
0x00007ff8daa90000 - 0x00007ff8db177000 	C:\Windows\System32\SHELL32.dll
0x00007ff8da9b0000 - 0x00007ff8daa59000 	C:\Windows\System32\shcore.dll
0x00007ff8d81d0000 - 0x00007ff8d8951000 	C:\Windows\System32\windows.storage.dll
0x00007ff8d80e0000 - 0x00007ff8d8103000 	C:\Windows\System32\profapi.dll
0x00007ff8d8090000 - 0x00007ff8d80da000 	C:\Windows\System32\powrprof.dll
0x00007ff8d8060000 - 0x00007ff8d8070000 	C:\Windows\System32\UMPDC.dll
0x00007ff8da850000 - 0x00007ff8da8a2000 	C:\Windows\System32\shlwapi.dll
0x00007ff8d8070000 - 0x00007ff8d8081000 	C:\Windows\System32\kernel.appcore.dll
0x00007ff8d9000000 - 0x00007ff8d9017000 	C:\Windows\System32\cryptsp.dll
0x00007ff8bef30000 - 0x00007ff8bef4a000 	C:\Program Files\Android\Android Studio\jre\jre\bin\net.dll
0x00007ff8d78b0000 - 0x00007ff8d7917000 	C:\Windows\system32\mswsock.dll
0x00007ff8bec60000 - 0x00007ff8bec73000 	C:\Program Files\Android\Android Studio\jre\jre\bin\nio.dll
0x00007ff8cde70000 - 0x00007ff8cde97000 	C:\Users\Apolo\.gradle\native\f6784746aeab05261644944871eae4fe03e0ef1612fff0a4a95f87b438bc6780\windows-amd64\native-platform.dll
0x00007ff8bf030000 - 0x00007ff8bf03d000 	C:\Program Files\Android\Android Studio\jre\jre\bin\management.dll
0x00007ff8d7420000 - 0x00007ff8d7453000 	C:\Windows\system32\rsaenh.dll
0x00007ff8d8960000 - 0x00007ff8d8986000 	C:\Windows\System32\bcrypt.dll
0x00007ff8d7f40000 - 0x00007ff8d7f65000 	C:\Windows\SYSTEM32\USERENV.dll
0x00007ff8d7a80000 - 0x00007ff8d7a8c000 	C:\Windows\SYSTEM32\CRYPTBASE.dll
0x00007ff8d75c0000 - 0x00007ff8d75fa000 	C:\Windows\SYSTEM32\IPHLPAPI.DLL
0x00007ff8da840000 - 0x00007ff8da848000 	C:\Windows\System32\NSI.dll
0x00007ff8cb260000 - 0x00007ff8cb276000 	C:\Windows\SYSTEM32\dhcpcsvc6.DLL
0x00007ff8cb320000 - 0x00007ff8cb33c000 	C:\Windows\SYSTEM32\dhcpcsvc.DLL
0x00007ff8d7610000 - 0x00007ff8d76db000 	C:\Windows\SYSTEM32\DNSAPI.dll
0x00007ff8cd0a0000 - 0x00007ff8cd0ab000 	C:\Windows\SYSTEM32\WINNSI.DLL

VM Arguments:
jvm_args: -Xmx2048m -Dfile.encoding=UTF-8 -Duser.country=ES -Duser.language=es -Duser.variant 
java_command: org.gradle.launcher.daemon.bootstrap.GradleDaemon 6.5
java_class_path (initial): C:\Users\Apolo\.gradle\wrapper\dists\gradle-6.5-bin\6nifqtx7604sqp1q6g8wikw7p\gradle-6.5\lib\gradle-launcher-6.5.jar
Launcher Type: SUN_STANDARD

Environment Variables:
PATH=C:\Program Files\Common Files\Oracle\Java\javapath;C:\Program Files (x86)\Common Files\Oracle\Java\javapath;C:\orant\bin;C:\Windows\system32;C:\Windows;C:\Windows\System32\Wbem;C:\Windows\System32\WindowsPowerShell\v1.0\;C:\Windows\System32\OpenSSH\;C:\orant\jdk\bin;C:\Program Files (x86)\Intel\Intel(R) Memory And Storage Tool\;C:\Program Files\Git\cmd;C:\Users\Apolo\AppData\Local\Microsoft\WindowsApps;
USERNAME=Apolo
OS=Windows_NT
PROCESSOR_IDENTIFIER=Intel64 Family 6 Model 126 Stepping 5, GenuineIntel



---------------  S Y S T E M  ---------------

OS: Windows 10.0 , 64 bit Build 18362 (10.0.18362.1110)

CPU:total 8 (initial active 8) (4 cores per cpu, 2 threads per core) family 6 model 126 stepping 5, cmov, cx8, fxsr, mmx, sse, sse2, sse3, ssse3, sse4.1, sse4.2, popcnt, avx, avx2, aes, clmul, erms, 3dnowpref, lzcnt, ht, tsc, tscinvbit, bmi1, bmi2, adx

Memory: 4k page, physical 8165048k(1336896k free), swap 11736884k(5636k free)

vm_info: OpenJDK 64-Bit Server VM (25.242-b01) for windows-amd64 JRE (1.8.0_242-release-1644-b01), built by "builder" with MS VC++ 10.0 (VS2010)

time: Thu Dec 31 09:29:53 2020
timezone: Hora de verano de Paraguay
elapsed time: 3 seconds (0d 0h 0m 3s)

